13-Dec-2025 14:47:39.174 INFO [main] org.apache.catalina.startup.VersionLoggerListener.log Nombre de la versión del servidor: Apache Tomcat/10.1.49
13-Dec-2025 14:47:39.178 INFO [main] org.apache.catalina.startup.VersionLoggerListener.log Server built:                      Nov 6 2025 01:31:11 UTC
13-Dec-2025 14:47:39.178 INFO [main] org.apache.catalina.startup.VersionLoggerListener.log Número de versión de servidor:     10.1.49.0
13-Dec-2025 14:47:39.178 INFO [main] org.apache.catalina.startup.VersionLoggerListener.log OS Name:                           Windows 11
13-Dec-2025 14:47:39.178 INFO [main] org.apache.catalina.startup.VersionLoggerListener.log Versión de Systema Operativo:      10.0
13-Dec-2025 14:47:39.178 INFO [main] org.apache.catalina.startup.VersionLoggerListener.log Arquitectura:                      amd64
13-Dec-2025 14:47:39.178 INFO [main] org.apache.catalina.startup.VersionLoggerListener.log Java Home:                         C:\Program Files\Java\jdk-22
13-Dec-2025 14:47:39.178 INFO [main] org.apache.catalina.startup.VersionLoggerListener.log JVM Version:                       22.0.2+9-70
13-Dec-2025 14:47:39.178 INFO [main] org.apache.catalina.startup.VersionLoggerListener.log Vededor JVM:                       Oracle Corporation
13-Dec-2025 14:47:39.178 INFO [main] org.apache.catalina.startup.VersionLoggerListener.log CATALINA_BASE:                     C:\Users\57304\Desktop\TiendaWeb\apache-tomcat-10.1.49
13-Dec-2025 14:47:39.178 INFO [main] org.apache.catalina.startup.VersionLoggerListener.log CATALINA_HOME:                     C:\Users\57304\Desktop\TiendaWeb\apache-tomcat-10.1.49
13-Dec-2025 14:47:39.198 INFO [main] org.apache.catalina.startup.VersionLoggerListener.log Command line argument:             -Djava.util.logging.config.file=C:\Users\57304\Desktop\TiendaWeb\apache-tomcat-10.1.49\conf\logging.properties
13-Dec-2025 14:47:39.198 INFO [main] org.apache.catalina.startup.VersionLoggerListener.log Command line argument:             -Djava.util.logging.manager=org.apache.juli.ClassLoaderLogManager
13-Dec-2025 14:47:39.198 INFO [main] org.apache.catalina.startup.VersionLoggerListener.log Command line argument:             -Djdk.tls.ephemeralDHKeySize=2048
13-Dec-2025 14:47:39.198 INFO [main] org.apache.catalina.startup.VersionLoggerListener.log Command line argument:             -Djava.protocol.handler.pkgs=org.apache.catalina.webresources
13-Dec-2025 14:47:39.198 INFO [main] org.apache.catalina.startup.VersionLoggerListener.log Command line argument:             -Dsun.io.useCanonCaches=false
13-Dec-2025 14:47:39.198 INFO [main] org.apache.catalina.startup.VersionLoggerListener.log Command line argument:             --add-opens=java.base/java.lang=ALL-UNNAMED
13-Dec-2025 14:47:39.198 INFO [main] org.apache.catalina.startup.VersionLoggerListener.log Command line argument:             --add-opens=java.base/java.lang.reflect=ALL-UNNAMED
13-Dec-2025 14:47:39.198 INFO [main] org.apache.catalina.startup.VersionLoggerListener.log Command line argument:             --add-opens=java.base/java.io=ALL-UNNAMED
13-Dec-2025 14:47:39.198 INFO [main] org.apache.catalina.startup.VersionLoggerListener.log Command line argument:             --add-opens=java.base/java.util=ALL-UNNAMED
13-Dec-2025 14:47:39.198 INFO [main] org.apache.catalina.startup.VersionLoggerListener.log Command line argument:             --add-opens=java.base/java.util.concurrent=ALL-UNNAMED
13-Dec-2025 14:47:39.198 INFO [main] org.apache.catalina.startup.VersionLoggerListener.log Command line argument:             --add-opens=java.rmi/sun.rmi.transport=ALL-UNNAMED
13-Dec-2025 14:47:39.198 INFO [main] org.apache.catalina.startup.VersionLoggerListener.log Command line argument:             -Dcatalina.base=C:\Users\57304\Desktop\TiendaWeb\apache-tomcat-10.1.49
13-Dec-2025 14:47:39.198 INFO [main] org.apache.catalina.startup.VersionLoggerListener.log Command line argument:             -Dcatalina.home=C:\Users\57304\Desktop\TiendaWeb\apache-tomcat-10.1.49
13-Dec-2025 14:47:39.198 INFO [main] org.apache.catalina.startup.VersionLoggerListener.log Command line argument:             -Djava.io.tmpdir=C:\Users\57304\Desktop\TiendaWeb\apache-tomcat-10.1.49\temp
13-Dec-2025 14:47:39.278 INFO [main] org.apache.catalina.core.AprLifecycleListener.lifecycleEvent La biblioteca nativa de Apache Tomcat basada en ARP que permite un rendimiento óptimo en entornos de desarrollo no ha sido hallada en java.library.path: [C:\Program Files\Java\jdk-22\bin;C:\WINDOWS\Sun\Java\bin;C:\WINDOWS\system32;C:\WINDOWS;C:\Program Files (x86)\NVIDIA Corporation\PhysX\Common;C:\Program Files\Common Files\Oracle\Java\javapath;C:\Program Files (x86)\Common Files\Oracle\Java\java8path;C:\Program Files (x86)\Common Files\Oracle\Java\javapath;C:\WINDOWS\system32;C:\WINDOWS;C:\WINDOWS\System32\Wbem;C:\WINDOWS\System32\WindowsPowerShell\v1.0\;C:\WINDOWS\System32\OpenSSH\;C:\Program Files\dotnet\;C:\Program Files\Git\cmd;C:\Program Files (x86)\Microsoft SQL Server\160\Tools\Binn\;C:\Program Files\Microsoft SQL Server\160\Tools\Binn\;C:\Program Files\Microsoft SQL Server\Client SDK\ODBC\170\Tools\Binn\;C:\Program Files\Microsoft SQL Server\160\DTS\Binn\;C:\Program Files\Microsoft SQL Server\170\DTS\Binn\;C:\Program Files\MySQL\MySQL Shell 8.0\bin\;C:\Users\57304\AppData\Local\Microsoft\WindowsApps;C:\Users\57304\AppData\Local\Programs\VSCodeUserSetup-x64-1.99.3.exe\bin;C:\Users\57304\AppData\Local\Python\bin;.]
13-Dec-2025 14:47:39.930 INFO [main] org.apache.coyote.AbstractProtocol.init Inicializando el manejador de protocolo ["http-nio-8080"]

13-Dec-2025 14:47:39.956 INFO [main] org.apache.catalina.startup.Catalina.load Server initialization in [1101] milliseconds
13-Dec-2025 14:47:40.068 INFO [main] org.apache.catalina.core.StandardService.startInternal Arrancando servicio [Catalina]
13-Dec-2025 14:47:40.068 INFO [main] org.apache.catalina.core.StandardEngine.startInternal Starting Servlet engine: [Apache Tomcat/10.1.49]
13-Dec-2025 14:47:40.089 INFO [main] org.apache.catalina.startup.HostConfig.deployDescriptor Desplieque del descriptor de configuración [C:\Users\57304\Desktop\TiendaWeb\apache-tomcat-10.1.49\conf\Catalina\localhost\TiendaWeb.xml]
13-Dec-2025 14:47:40.119 WARNING [main] org.apache.catalina.startup.HostConfig.deployDescriptor The path attribute with value [/TiendaWeb] in deployment descriptor [C:\Users\57304\Desktop\TiendaWeb\apache-tomcat-10.1.49\conf\Catalina\localhost\TiendaWeb.xml] has been ignored
13-Dec-2025 14:47:41.442 INFO [main] org.apache.jasper.servlet.TldScanner.scanJars Al menos un JAR, que se ha explorado buscando TLDs, aún no contenía TLDs. Activar historial de depuración para este historiador para una completa lista de los JARs que fueron explorados y de los que nos se halló TLDs. Saltarse JARs no necesarios durante la exploración puede dar lugar a una mejora de tiempo significativa en el arranque y compilación de JSP .
13-Dec-2025 14:47:41.564 INFO [main] org.apache.catalina.startup.HostConfig.deployDescriptor Deployment of deployment descriptor [C:\Users\57304\Desktop\TiendaWeb\apache-tomcat-10.1.49\conf\Catalina\localhost\TiendaWeb.xml] has finished in [1.471] ms
13-Dec-2025 14:47:41.565 INFO [main] org.apache.catalina.startup.HostConfig.deployDirectory Desplegando el directorio [C:\Users\57304\Desktop\TiendaWeb\apache-tomcat-10.1.49\webapps\docs] de la aplicación web
13-Dec-2025 14:47:41.974 INFO [main] org.apache.jasper.servlet.TldScanner.scanJars Al menos un JAR, que se ha explorado buscando TLDs, aún no contenía TLDs. Activar historial de depuración para este historiador para una completa lista de los JARs que fueron explorados y de los que nos se halló TLDs. Saltarse JARs no necesarios durante la exploración puede dar lugar a una mejora de tiempo significativa en el arranque y compilación de JSP .
13-Dec-2025 14:47:41.979 INFO [main] org.apache.catalina.startup.HostConfig.deployDirectory Deployment of web application directory [C:\Users\57304\Desktop\TiendaWeb\apache-tomcat-10.1.49\webapps\docs] has finished in [413] ms
13-Dec-2025 14:47:41.980 INFO [main] org.apache.catalina.startup.HostConfig.deployDirectory Desplegando el directorio [C:\Users\57304\Desktop\TiendaWeb\apache-tomcat-10.1.49\webapps\examples] de la aplicación web
13-Dec-2025 14:47:42.820 INFO [main] org.apache.jasper.servlet.TldScanner.scanJars Al menos un JAR, que se ha explorado buscando TLDs, aún no contenía TLDs. Activar historial de depuración para este historiador para una completa lista de los JARs que fueron explorados y de los que nos se halló TLDs. Saltarse JARs no necesarios durante la exploración puede dar lugar a una mejora de tiempo significativa en el arranque y compilación de JSP .
13-Dec-2025 14:47:42.915 INFO [main] org.apache.catalina.startup.HostConfig.deployDirectory Deployment of web application directory [C:\Users\57304\Desktop\TiendaWeb\apache-tomcat-10.1.49\webapps\examples] has finished in [936] ms
13-Dec-2025 14:47:42.915 INFO [main] org.apache.catalina.startup.HostConfig.deployDirectory Desplegando el directorio [C:\Users\57304\Desktop\TiendaWeb\apache-tomcat-10.1.49\webapps\host-manager] de la aplicación web
13-Dec-2025 14:47:43.269 INFO [main] org.apache.jasper.servlet.TldScanner.scanJars Al menos un JAR, que se ha explorado buscando TLDs, aún no contenía TLDs. Activar historial de depuración para este historiador para una completa lista de los JARs que fueron explorados y de los que nos se halló TLDs. Saltarse JARs no necesarios durante la exploración puede dar lugar a una mejora de tiempo significativa en el arranque y compilación de JSP .
13-Dec-2025 14:47:43.282 INFO [main] org.apache.catalina.startup.HostConfig.deployDirectory Deployment of web application directory [C:\Users\57304\Desktop\TiendaWeb\apache-tomcat-10.1.49\webapps\host-manager] has finished in [367] ms
13-Dec-2025 14:47:43.283 INFO [main] org.apache.catalina.startup.HostConfig.deployDirectory Desplegando el directorio [C:\Users\57304\Desktop\TiendaWeb\apache-tomcat-10.1.49\webapps\manager] de la aplicación web
13-Dec-2025 14:47:43.658 INFO [main] org.apache.jasper.servlet.TldScanner.scanJars Al menos un JAR, que se ha explorado buscando TLDs, aún no contenía TLDs. Activar historial de depuración para este historiador para una completa lista de los JARs que fueron explorados y de los que nos se halló TLDs. Saltarse JARs no necesarios durante la exploración puede dar lugar a una mejora de tiempo significativa en el arranque y compilación de JSP .
13-Dec-2025 14:47:43.662 INFO [main] org.apache.catalina.startup.HostConfig.deployDirectory Deployment of web application directory [C:\Users\57304\Desktop\TiendaWeb\apache-tomcat-10.1.49\webapps\manager] has finished in [379] ms
13-Dec-2025 14:47:43.662 INFO [main] org.apache.catalina.startup.HostConfig.deployDirectory Desplegando el directorio [C:\Users\57304\Desktop\TiendaWeb\apache-tomcat-10.1.49\webapps\ROOT] de la aplicación web
13-Dec-2025 14:47:43.958 INFO [main] org.apache.jasper.servlet.TldScanner.scanJars Al menos un JAR, que se ha explorado buscando TLDs, aún no contenía TLDs. Activar historial de depuración para este historiador para una completa lista de los JARs que fueron explorados y de los que nos se halló TLDs. Saltarse JARs no necesarios durante la exploración puede dar lugar a una mejora de tiempo significativa en el arranque y compilación de JSP .
13-Dec-2025 14:47:43.962 INFO [main] org.apache.catalina.startup.HostConfig.deployDirectory Deployment of web application directory [C:\Users\57304\Desktop\TiendaWeb\apache-tomcat-10.1.49\webapps\ROOT] has finished in [300] ms
13-Dec-2025 14:47:43.973 INFO [main] org.apache.coyote.AbstractProtocol.start Starting ProtocolHandler ["http-nio-8080"]
13-Dec-2025 14:47:44.010 INFO [main] org.apache.catalina.startup.Catalina.start Server startup in [4051] milliseconds
13-Dec-2025 14:48:26.572 INFO [http-nio-8080-exec-6] org.apache.catalina.startup.HostConfig.undeploy Repliegue (undeploy) de la aplicación web que tiene como trayectoria de contexto [/TiendaWeb]
13-Dec-2025 14:48:26.737 INFO [http-nio-8080-exec-8] org.apache.catalina.startup.HostConfig.deployDescriptor Desplieque del descriptor de configuración [C:\Users\57304\Desktop\TiendaWeb\apache-tomcat-10.1.49\conf\Catalina\localhost\TiendaWeb.xml]
13-Dec-2025 14:48:26.738 WARNING [http-nio-8080-exec-8] org.apache.catalina.startup.HostConfig.deployDescriptor The path attribute with value [/TiendaWeb] in deployment descriptor [C:\Users\57304\Desktop\TiendaWeb\apache-tomcat-10.1.49\conf\Catalina\localhost\TiendaWeb.xml] has been ignored
13-Dec-2025 14:48:28.138 INFO [http-nio-8080-exec-8] org.apache.jasper.servlet.TldScanner.scanJars Al menos un JAR, que se ha explorado buscando TLDs, aún no contenía TLDs. Activar historial de depuración para este historiador para una completa lista de los JARs que fueron explorados y de los que nos se halló TLDs. Saltarse JARs no necesarios durante la exploración puede dar lugar a una mejora de tiempo significativa en el arranque y compilación de JSP .
13-Dec-2025 14:48:28.192 INFO [http-nio-8080-exec-8] org.apache.catalina.startup.HostConfig.deployDescriptor Deployment of deployment descriptor [C:\Users\57304\Desktop\TiendaWeb\apache-tomcat-10.1.49\conf\Catalina\localhost\TiendaWeb.xml] has finished in [1.455] ms
13-Dec-2025 14:48:28.197 WARNING [http-nio-8080-exec-7] org.apache.catalina.realm.LockOutRealm.filterLockedAccounts Se ha intentado autenticar al usuario bloqueado [admin]
13-Dec-2025 14:48:28.203 INFO [http-nio-8080-exec-3] org.apache.catalina.util.LifecycleBase.start The start() method was called on component [StandardEngine[Catalina].StandardHost[localhost].StandardContext[/TiendaWeb]] after start() had already been called. The second call will be ignored.
13-Dec-2025 14:56:34.454 WARNING [http-nio-8080-exec-16] org.apache.catalina.loader.WebappClassLoaderBase.clearReferencesJdbc La aplicación web [TiendaWeb] registró el conductor JDBC [com.microsoft.sqlserver.jdbc.SQLServerDriver] pero falló al anular el registro mientras la aplicación web estaba parada. Para prevenir un fallo de memoria, se ha anulado el registro del conductor JDBC por la fuerza.
13-Dec-2025 14:56:34.973 INFO [http-nio-8080-exec-16] org.apache.catalina.startup.HostConfig.undeploy Repliegue (undeploy) de la aplicación web que tiene como trayectoria de contexto [/TiendaWeb]
13-Dec-2025 14:57:00.848 WARNING [http-nio-8080-exec-12] org.apache.catalina.realm.LockOutRealm.filterLockedAccounts Se ha intentado autenticar al usuario bloqueado [admin]
13-Dec-2025 14:57:00.859 INFO [http-nio-8080-exec-11] org.apache.catalina.startup.HostConfig.deployDescriptor Desplieque del descriptor de configuración [C:\Users\57304\Desktop\TiendaWeb\apache-tomcat-10.1.49\conf\Catalina\localhost\TiendaWeb.xml]
13-Dec-2025 14:57:00.859 WARNING [http-nio-8080-exec-11] org.apache.catalina.startup.HostConfig.deployDescriptor The path attribute with value [/TiendaWeb] in deployment descriptor [C:\Users\57304\Desktop\TiendaWeb\apache-tomcat-10.1.49\conf\Catalina\localhost\TiendaWeb.xml] has been ignored
13-Dec-2025 14:57:01.918 INFO [http-nio-8080-exec-11] org.apache.jasper.servlet.TldScanner.scanJars Al menos un JAR, que se ha explorado buscando TLDs, aún no contenía TLDs. Activar historial de depuración para este historiador para una completa lista de los JARs que fueron explorados y de los que nos se halló TLDs. Saltarse JARs no necesarios durante la exploración puede dar lugar a una mejora de tiempo significativa en el arranque y compilación de JSP .
13-Dec-2025 14:57:01.960 INFO [http-nio-8080-exec-11] org.apache.catalina.startup.HostConfig.deployDescriptor Deployment of deployment descriptor [C:\Users\57304\Desktop\TiendaWeb\apache-tomcat-10.1.49\conf\Catalina\localhost\TiendaWeb.xml] has finished in [1.101] ms
13-Dec-2025 14:57:01.964 WARNING [http-nio-8080-exec-15] org.apache.catalina.realm.LockOutRealm.filterLockedAccounts Se ha intentado autenticar al usuario bloqueado [admin]
13-Dec-2025 14:57:01.964 INFO [http-nio-8080-exec-20] org.apache.catalina.util.LifecycleBase.start The start() method was called on component [StandardEngine[Catalina].StandardHost[localhost].StandardContext[/TiendaWeb]] after start() had already been called. The second call will be ignored.
13-Dec-2025 16:05:46.839 WARNING [http-nio-8080-exec-27] org.apache.catalina.loader.WebappClassLoaderBase.clearReferencesJdbc La aplicación web [TiendaWeb] registró el conductor JDBC [com.microsoft.sqlserver.jdbc.SQLServerDriver] pero falló al anular el registro mientras la aplicación web estaba parada. Para prevenir un fallo de memoria, se ha anulado el registro del conductor JDBC por la fuerza.
13-Dec-2025 16:05:47.362 INFO [http-nio-8080-exec-27] org.apache.catalina.startup.HostConfig.undeploy Repliegue (undeploy) de la aplicación web que tiene como trayectoria de contexto [/TiendaWeb]
13-Dec-2025 16:05:47.416 INFO [http-nio-8080-exec-30] org.apache.catalina.startup.HostConfig.deployDescriptor Desplieque del descriptor de configuración [C:\Users\57304\Desktop\TiendaWeb\apache-tomcat-10.1.49\conf\Catalina\localhost\TiendaWeb.xml]
13-Dec-2025 16:05:47.421 WARNING [http-nio-8080-exec-30] org.apache.catalina.startup.HostConfig.deployDescriptor The path attribute with value [/TiendaWeb] in deployment descriptor [C:\Users\57304\Desktop\TiendaWeb\apache-tomcat-10.1.49\conf\Catalina\localhost\TiendaWeb.xml] has been ignored
13-Dec-2025 16:05:48.258 INFO [http-nio-8080-exec-30] org.apache.jasper.servlet.TldScanner.scanJars Al menos un JAR, que se ha explorado buscando TLDs, aún no contenía TLDs. Activar historial de depuración para este historiador para una completa lista de los JARs que fueron explorados y de los que nos se halló TLDs. Saltarse JARs no necesarios durante la exploración puede dar lugar a una mejora de tiempo significativa en el arranque y compilación de JSP .
13-Dec-2025 16:05:48.297 INFO [http-nio-8080-exec-30] org.apache.catalina.startup.HostConfig.deployDescriptor Deployment of deployment descriptor [C:\Users\57304\Desktop\TiendaWeb\apache-tomcat-10.1.49\conf\Catalina\localhost\TiendaWeb.xml] has finished in [880] ms
13-Dec-2025 16:05:48.301 WARNING [http-nio-8080-exec-26] org.apache.catalina.realm.LockOutRealm.filterLockedAccounts Se ha intentado autenticar al usuario bloqueado [admin]
13-Dec-2025 16:05:48.304 INFO [http-nio-8080-exec-23] org.apache.catalina.util.LifecycleBase.start The start() method was called on component [StandardEngine[Catalina].StandardHost[localhost].StandardContext[/TiendaWeb]] after start() had already been called. The second call will be ignored.
13-Dec-2025 17:21:47.285 INFO [main] org.apache.catalina.core.StandardServer.await Se ha recibido un comando de apagado a través del puerto de apagado. Parando la instancia del Servidor.
13-Dec-2025 17:21:47.292 INFO [main] org.apache.coyote.AbstractProtocol.pause Pausing ProtocolHandler ["http-nio-8080"]
13-Dec-2025 17:21:47.306 INFO [main] org.apache.catalina.core.StandardService.stopInternal Parando servicio [Catalina]
13-Dec-2025 17:21:47.388 WARNING [main] org.apache.catalina.loader.WebappClassLoaderBase.clearReferencesJdbc La aplicación web [TiendaWeb] registró el conductor JDBC [com.microsoft.sqlserver.jdbc.SQLServerDriver] pero falló al anular el registro mientras la aplicación web estaba parada. Para prevenir un fallo de memoria, se ha anulado el registro del conductor JDBC por la fuerza.
13-Dec-2025 17:21:47.396 INFO [main] org.apache.coyote.AbstractProtocol.stop Stopping ProtocolHandler ["http-nio-8080"]
13-Dec-2025 17:21:47.436 INFO [main] org.apache.coyote.AbstractProtocol.destroy Destroying ProtocolHandler ["http-nio-8080"]
