14-Dec-2025 20:19:46.037 INFO [main] org.apache.catalina.startup.VersionLoggerListener.log Nombre de la versión del servidor: Apache Tomcat/10.1.49
14-Dec-2025 20:19:46.042 INFO [main] org.apache.catalina.startup.VersionLoggerListener.log Server built:                      Nov 6 2025 01:31:11 UTC
14-Dec-2025 20:19:46.043 INFO [main] org.apache.catalina.startup.VersionLoggerListener.log Número de versión de servidor:     10.1.49.0
14-Dec-2025 20:19:46.043 INFO [main] org.apache.catalina.startup.VersionLoggerListener.log OS Name:                           Windows 11
14-Dec-2025 20:19:46.043 INFO [main] org.apache.catalina.startup.VersionLoggerListener.log Versión de Systema Operativo:      10.0
14-Dec-2025 20:19:46.043 INFO [main] org.apache.catalina.startup.VersionLoggerListener.log Arquitectura:                      amd64
14-Dec-2025 20:19:46.043 INFO [main] org.apache.catalina.startup.VersionLoggerListener.log Java Home:                         C:\Program Files\Java\jdk-22
14-Dec-2025 20:19:46.045 INFO [main] org.apache.catalina.startup.VersionLoggerListener.log JVM Version:                       22.0.2+9-70
14-Dec-2025 20:19:46.045 INFO [main] org.apache.catalina.startup.VersionLoggerListener.log Vededor JVM:                       Oracle Corporation
14-Dec-2025 20:19:46.045 INFO [main] org.apache.catalina.startup.VersionLoggerListener.log CATALINA_BASE:                     C:\Users\57304\Desktop\TiendaWeb\apache-tomcat-10.1.49
14-Dec-2025 20:19:46.045 INFO [main] org.apache.catalina.startup.VersionLoggerListener.log CATALINA_HOME:                     C:\Users\57304\Desktop\TiendaWeb\apache-tomcat-10.1.49
14-Dec-2025 20:19:46.067 INFO [main] org.apache.catalina.startup.VersionLoggerListener.log Command line argument:             -Djava.util.logging.config.file=C:\Users\57304\Desktop\TiendaWeb\apache-tomcat-10.1.49\conf\logging.properties
14-Dec-2025 20:19:46.067 INFO [main] org.apache.catalina.startup.VersionLoggerListener.log Command line argument:             -Djava.util.logging.manager=org.apache.juli.ClassLoaderLogManager
14-Dec-2025 20:19:46.067 INFO [main] org.apache.catalina.startup.VersionLoggerListener.log Command line argument:             -Djdk.tls.ephemeralDHKeySize=2048
14-Dec-2025 20:19:46.067 INFO [main] org.apache.catalina.startup.VersionLoggerListener.log Command line argument:             -Djava.protocol.handler.pkgs=org.apache.catalina.webresources
14-Dec-2025 20:19:46.067 INFO [main] org.apache.catalina.startup.VersionLoggerListener.log Command line argument:             -Dsun.io.useCanonCaches=false
14-Dec-2025 20:19:46.067 INFO [main] org.apache.catalina.startup.VersionLoggerListener.log Command line argument:             --add-opens=java.base/java.lang=ALL-UNNAMED
14-Dec-2025 20:19:46.067 INFO [main] org.apache.catalina.startup.VersionLoggerListener.log Command line argument:             --add-opens=java.base/java.lang.reflect=ALL-UNNAMED
14-Dec-2025 20:19:46.068 INFO [main] org.apache.catalina.startup.VersionLoggerListener.log Command line argument:             --add-opens=java.base/java.io=ALL-UNNAMED
14-Dec-2025 20:19:46.068 INFO [main] org.apache.catalina.startup.VersionLoggerListener.log Command line argument:             --add-opens=java.base/java.util=ALL-UNNAMED
14-Dec-2025 20:19:46.068 INFO [main] org.apache.catalina.startup.VersionLoggerListener.log Command line argument:             --add-opens=java.base/java.util.concurrent=ALL-UNNAMED
14-Dec-2025 20:19:46.068 INFO [main] org.apache.catalina.startup.VersionLoggerListener.log Command line argument:             --add-opens=java.rmi/sun.rmi.transport=ALL-UNNAMED
14-Dec-2025 20:19:46.068 INFO [main] org.apache.catalina.startup.VersionLoggerListener.log Command line argument:             -Dcatalina.base=C:\Users\57304\Desktop\TiendaWeb\apache-tomcat-10.1.49
14-Dec-2025 20:19:46.068 INFO [main] org.apache.catalina.startup.VersionLoggerListener.log Command line argument:             -Dcatalina.home=C:\Users\57304\Desktop\TiendaWeb\apache-tomcat-10.1.49
14-Dec-2025 20:19:46.068 INFO [main] org.apache.catalina.startup.VersionLoggerListener.log Command line argument:             -Djava.io.tmpdir=C:\Users\57304\Desktop\TiendaWeb\apache-tomcat-10.1.49\temp
14-Dec-2025 20:19:46.082 INFO [main] org.apache.catalina.core.AprLifecycleListener.lifecycleEvent La biblioteca nativa de Apache Tomcat basada en ARP que permite un rendimiento óptimo en entornos de desarrollo no ha sido hallada en java.library.path: [C:\Program Files\Java\jdk-22\bin;C:\WINDOWS\Sun\Java\bin;C:\WINDOWS\system32;C:\WINDOWS;C:\Program Files (x86)\NVIDIA Corporation\PhysX\Common;C:\Program Files\Common Files\Oracle\Java\javapath;C:\Program Files (x86)\Common Files\Oracle\Java\java8path;C:\Program Files (x86)\Common Files\Oracle\Java\javapath;C:\WINDOWS\system32;C:\WINDOWS;C:\WINDOWS\System32\Wbem;C:\WINDOWS\System32\WindowsPowerShell\v1.0\;C:\WINDOWS\System32\OpenSSH\;C:\Program Files\dotnet\;C:\Program Files\Git\cmd;C:\Program Files (x86)\Microsoft SQL Server\160\Tools\Binn\;C:\Program Files\Microsoft SQL Server\160\Tools\Binn\;C:\Program Files\Microsoft SQL Server\Client SDK\ODBC\170\Tools\Binn\;C:\Program Files\Microsoft SQL Server\160\DTS\Binn\;C:\Program Files\Microsoft SQL Server\170\DTS\Binn\;C:\Program Files\MySQL\MySQL Shell 8.0\bin\;C:\Users\57304\AppData\Local\Microsoft\WindowsApps;C:\Users\57304\AppData\Local\Programs\VSCodeUserSetup-x64-1.99.3.exe\bin;C:\Users\57304\AppData\Local\Python\bin;.]
14-Dec-2025 20:19:46.736 INFO [main] org.apache.coyote.AbstractProtocol.init Inicializando el manejador de protocolo ["http-nio-8080"]

14-Dec-2025 20:19:46.768 INFO [main] org.apache.catalina.startup.Catalina.load Server initialization in [1109] milliseconds
14-Dec-2025 20:19:46.885 INFO [main] org.apache.catalina.core.StandardService.startInternal Arrancando servicio [Catalina]
14-Dec-2025 20:19:46.886 INFO [main] org.apache.catalina.core.StandardEngine.startInternal Starting Servlet engine: [Apache Tomcat/10.1.49]
14-Dec-2025 20:19:46.914 INFO [main] org.apache.catalina.startup.HostConfig.deployDescriptor Desplieque del descriptor de configuración [C:\Users\57304\Desktop\TiendaWeb\apache-tomcat-10.1.49\conf\Catalina\localhost\TiendaWeb.xml]
14-Dec-2025 20:19:46.940 WARNING [main] org.apache.catalina.startup.HostConfig.deployDescriptor The path attribute with value [/TiendaWeb] in deployment descriptor [C:\Users\57304\Desktop\TiendaWeb\apache-tomcat-10.1.49\conf\Catalina\localhost\TiendaWeb.xml] has been ignored
14-Dec-2025 20:19:48.601 INFO [main] org.apache.jasper.servlet.TldScanner.scanJars Al menos un JAR, que se ha explorado buscando TLDs, aún no contenía TLDs. Activar historial de depuración para este historiador para una completa lista de los JARs que fueron explorados y de los que nos se halló TLDs. Saltarse JARs no necesarios durante la exploración puede dar lugar a una mejora de tiempo significativa en el arranque y compilación de JSP .
14-Dec-2025 20:19:48.727 INFO [main] org.apache.catalina.startup.HostConfig.deployDescriptor Deployment of deployment descriptor [C:\Users\57304\Desktop\TiendaWeb\apache-tomcat-10.1.49\conf\Catalina\localhost\TiendaWeb.xml] has finished in [1.810] ms
14-Dec-2025 20:19:48.729 INFO [main] org.apache.catalina.startup.HostConfig.deployDirectory Desplegando el directorio [C:\Users\57304\Desktop\TiendaWeb\apache-tomcat-10.1.49\webapps\docs] de la aplicación web
14-Dec-2025 20:19:49.240 INFO [main] org.apache.jasper.servlet.TldScanner.scanJars Al menos un JAR, que se ha explorado buscando TLDs, aún no contenía TLDs. Activar historial de depuración para este historiador para una completa lista de los JARs que fueron explorados y de los que nos se halló TLDs. Saltarse JARs no necesarios durante la exploración puede dar lugar a una mejora de tiempo significativa en el arranque y compilación de JSP .
14-Dec-2025 20:19:49.247 INFO [main] org.apache.catalina.startup.HostConfig.deployDirectory Deployment of web application directory [C:\Users\57304\Desktop\TiendaWeb\apache-tomcat-10.1.49\webapps\docs] has finished in [517] ms
14-Dec-2025 20:19:49.247 INFO [main] org.apache.catalina.startup.HostConfig.deployDirectory Desplegando el directorio [C:\Users\57304\Desktop\TiendaWeb\apache-tomcat-10.1.49\webapps\examples] de la aplicación web
14-Dec-2025 20:19:50.281 INFO [main] org.apache.jasper.servlet.TldScanner.scanJars Al menos un JAR, que se ha explorado buscando TLDs, aún no contenía TLDs. Activar historial de depuración para este historiador para una completa lista de los JARs que fueron explorados y de los que nos se halló TLDs. Saltarse JARs no necesarios durante la exploración puede dar lugar a una mejora de tiempo significativa en el arranque y compilación de JSP .
14-Dec-2025 20:19:50.430 INFO [main] org.apache.catalina.startup.HostConfig.deployDirectory Deployment of web application directory [C:\Users\57304\Desktop\TiendaWeb\apache-tomcat-10.1.49\webapps\examples] has finished in [1.182] ms
14-Dec-2025 20:19:50.430 INFO [main] org.apache.catalina.startup.HostConfig.deployDirectory Desplegando el directorio [C:\Users\57304\Desktop\TiendaWeb\apache-tomcat-10.1.49\webapps\host-manager] de la aplicación web
14-Dec-2025 20:19:50.877 INFO [main] org.apache.jasper.servlet.TldScanner.scanJars Al menos un JAR, que se ha explorado buscando TLDs, aún no contenía TLDs. Activar historial de depuración para este historiador para una completa lista de los JARs que fueron explorados y de los que nos se halló TLDs. Saltarse JARs no necesarios durante la exploración puede dar lugar a una mejora de tiempo significativa en el arranque y compilación de JSP .
14-Dec-2025 20:19:50.893 INFO [main] org.apache.catalina.startup.HostConfig.deployDirectory Deployment of web application directory [C:\Users\57304\Desktop\TiendaWeb\apache-tomcat-10.1.49\webapps\host-manager] has finished in [462] ms
14-Dec-2025 20:19:50.894 INFO [main] org.apache.catalina.startup.HostConfig.deployDirectory Desplegando el directorio [C:\Users\57304\Desktop\TiendaWeb\apache-tomcat-10.1.49\webapps\manager] de la aplicación web
14-Dec-2025 20:19:51.333 INFO [main] org.apache.jasper.servlet.TldScanner.scanJars Al menos un JAR, que se ha explorado buscando TLDs, aún no contenía TLDs. Activar historial de depuración para este historiador para una completa lista de los JARs que fueron explorados y de los que nos se halló TLDs. Saltarse JARs no necesarios durante la exploración puede dar lugar a una mejora de tiempo significativa en el arranque y compilación de JSP .
14-Dec-2025 20:19:51.337 INFO [main] org.apache.catalina.startup.HostConfig.deployDirectory Deployment of web application directory [C:\Users\57304\Desktop\TiendaWeb\apache-tomcat-10.1.49\webapps\manager] has finished in [443] ms
14-Dec-2025 20:19:51.337 INFO [main] org.apache.catalina.startup.HostConfig.deployDirectory Desplegando el directorio [C:\Users\57304\Desktop\TiendaWeb\apache-tomcat-10.1.49\webapps\ROOT] de la aplicación web
14-Dec-2025 20:19:51.674 INFO [main] org.apache.jasper.servlet.TldScanner.scanJars Al menos un JAR, que se ha explorado buscando TLDs, aún no contenía TLDs. Activar historial de depuración para este historiador para una completa lista de los JARs que fueron explorados y de los que nos se halló TLDs. Saltarse JARs no necesarios durante la exploración puede dar lugar a una mejora de tiempo significativa en el arranque y compilación de JSP .
14-Dec-2025 20:19:51.679 INFO [main] org.apache.catalina.startup.HostConfig.deployDirectory Deployment of web application directory [C:\Users\57304\Desktop\TiendaWeb\apache-tomcat-10.1.49\webapps\ROOT] has finished in [342] ms
14-Dec-2025 20:19:51.690 INFO [main] org.apache.coyote.AbstractProtocol.start Starting ProtocolHandler ["http-nio-8080"]
14-Dec-2025 20:19:51.735 INFO [main] org.apache.catalina.startup.Catalina.start Server startup in [4966] milliseconds
14-Dec-2025 20:19:55.276 INFO [http-nio-8080-exec-5] org.apache.catalina.startup.HostConfig.undeploy Repliegue (undeploy) de la aplicación web que tiene como trayectoria de contexto [/TiendaWeb]
14-Dec-2025 20:19:55.435 INFO [http-nio-8080-exec-4] org.apache.catalina.startup.HostConfig.deployDescriptor Desplieque del descriptor de configuración [C:\Users\57304\Desktop\TiendaWeb\apache-tomcat-10.1.49\conf\Catalina\localhost\TiendaWeb.xml]
14-Dec-2025 20:19:55.437 WARNING [http-nio-8080-exec-4] org.apache.catalina.startup.HostConfig.deployDescriptor The path attribute with value [/TiendaWeb] in deployment descriptor [C:\Users\57304\Desktop\TiendaWeb\apache-tomcat-10.1.49\conf\Catalina\localhost\TiendaWeb.xml] has been ignored
14-Dec-2025 20:19:56.594 INFO [http-nio-8080-exec-4] org.apache.jasper.servlet.TldScanner.scanJars Al menos un JAR, que se ha explorado buscando TLDs, aún no contenía TLDs. Activar historial de depuración para este historiador para una completa lista de los JARs que fueron explorados y de los que nos se halló TLDs. Saltarse JARs no necesarios durante la exploración puede dar lugar a una mejora de tiempo significativa en el arranque y compilación de JSP .
14-Dec-2025 20:19:56.633 INFO [http-nio-8080-exec-4] org.apache.catalina.startup.HostConfig.deployDescriptor Deployment of deployment descriptor [C:\Users\57304\Desktop\TiendaWeb\apache-tomcat-10.1.49\conf\Catalina\localhost\TiendaWeb.xml] has finished in [1.198] ms
14-Dec-2025 20:19:56.637 WARNING [http-nio-8080-exec-7] org.apache.catalina.realm.LockOutRealm.filterLockedAccounts Se ha intentado autenticar al usuario bloqueado [admin]
14-Dec-2025 20:19:56.642 INFO [http-nio-8080-exec-6] org.apache.catalina.util.LifecycleBase.start The start() method was called on component [StandardEngine[Catalina].StandardHost[localhost].StandardContext[/TiendaWeb]] after start() had already been called. The second call will be ignored.
14-Dec-2025 20:20:50.635 WARNING [http-nio-8080-exec-17] org.apache.catalina.realm.LockOutRealm.filterLockedAccounts Se ha intentado autenticar al usuario bloqueado [admin]
14-Dec-2025 20:20:50.646 WARNING [http-nio-8080-exec-19] org.apache.catalina.realm.LockOutRealm.filterLockedAccounts Se ha intentado autenticar al usuario bloqueado [admin]
14-Dec-2025 20:20:50.660 WARNING [http-nio-8080-exec-12] org.apache.catalina.realm.LockOutRealm.filterLockedAccounts Se ha intentado autenticar al usuario bloqueado [admin]
14-Dec-2025 20:20:50.667 WARNING [http-nio-8080-exec-15] org.apache.catalina.loader.WebappClassLoaderBase.clearReferencesJdbc La aplicación web [TiendaWeb] registró el conductor JDBC [com.microsoft.sqlserver.jdbc.SQLServerDriver] pero falló al anular el registro mientras la aplicación web estaba parada. Para prevenir un fallo de memoria, se ha anulado el registro del conductor JDBC por la fuerza.
14-Dec-2025 20:20:51.184 INFO [http-nio-8080-exec-15] org.apache.catalina.startup.HostConfig.undeploy Repliegue (undeploy) de la aplicación web que tiene como trayectoria de contexto [/TiendaWeb]
14-Dec-2025 20:20:51.214 WARNING [http-nio-8080-exec-16] org.apache.catalina.realm.LockOutRealm.filterLockedAccounts Se ha intentado autenticar al usuario bloqueado [admin]
14-Dec-2025 20:20:51.221 INFO [http-nio-8080-exec-18] org.apache.catalina.startup.HostConfig.deployDescriptor Desplieque del descriptor de configuración [C:\Users\57304\Desktop\TiendaWeb\apache-tomcat-10.1.49\conf\Catalina\localhost\TiendaWeb.xml]
14-Dec-2025 20:20:51.222 WARNING [http-nio-8080-exec-18] org.apache.catalina.startup.HostConfig.deployDescriptor The path attribute with value [/TiendaWeb] in deployment descriptor [C:\Users\57304\Desktop\TiendaWeb\apache-tomcat-10.1.49\conf\Catalina\localhost\TiendaWeb.xml] has been ignored
14-Dec-2025 20:20:52.262 INFO [http-nio-8080-exec-18] org.apache.jasper.servlet.TldScanner.scanJars Al menos un JAR, que se ha explorado buscando TLDs, aún no contenía TLDs. Activar historial de depuración para este historiador para una completa lista de los JARs que fueron explorados y de los que nos se halló TLDs. Saltarse JARs no necesarios durante la exploración puede dar lugar a una mejora de tiempo significativa en el arranque y compilación de JSP .
14-Dec-2025 20:20:52.320 INFO [http-nio-8080-exec-18] org.apache.catalina.startup.HostConfig.deployDescriptor Deployment of deployment descriptor [C:\Users\57304\Desktop\TiendaWeb\apache-tomcat-10.1.49\conf\Catalina\localhost\TiendaWeb.xml] has finished in [1.098] ms
14-Dec-2025 20:20:52.330 WARNING [http-nio-8080-exec-14] org.apache.catalina.realm.LockOutRealm.filterLockedAccounts Se ha intentado autenticar al usuario bloqueado [admin]
14-Dec-2025 20:20:52.336 INFO [http-nio-8080-exec-13] org.apache.catalina.util.LifecycleBase.start The start() method was called on component [StandardEngine[Catalina].StandardHost[localhost].StandardContext[/TiendaWeb]] after start() had already been called. The second call will be ignored.
14-Dec-2025 21:11:12.904 WARNING [http-nio-8080-exec-24] org.apache.catalina.loader.WebappClassLoaderBase.clearReferencesJdbc La aplicación web [TiendaWeb] registró el conductor JDBC [com.microsoft.sqlserver.jdbc.SQLServerDriver] pero falló al anular el registro mientras la aplicación web estaba parada. Para prevenir un fallo de memoria, se ha anulado el registro del conductor JDBC por la fuerza.
14-Dec-2025 21:11:13.433 INFO [http-nio-8080-exec-24] org.apache.catalina.startup.HostConfig.undeploy Repliegue (undeploy) de la aplicación web que tiene como trayectoria de contexto [/TiendaWeb]
14-Dec-2025 21:11:13.509 INFO [http-nio-8080-exec-28] org.apache.catalina.startup.HostConfig.deployDescriptor Desplieque del descriptor de configuración [C:\Users\57304\Desktop\TiendaWeb\apache-tomcat-10.1.49\conf\Catalina\localhost\TiendaWeb.xml]
14-Dec-2025 21:11:13.531 WARNING [http-nio-8080-exec-28] org.apache.catalina.startup.HostConfig.deployDescriptor The path attribute with value [/TiendaWeb] in deployment descriptor [C:\Users\57304\Desktop\TiendaWeb\apache-tomcat-10.1.49\conf\Catalina\localhost\TiendaWeb.xml] has been ignored
14-Dec-2025 21:11:15.780 INFO [http-nio-8080-exec-28] org.apache.jasper.servlet.TldScanner.scanJars Al menos un JAR, que se ha explorado buscando TLDs, aún no contenía TLDs. Activar historial de depuración para este historiador para una completa lista de los JARs que fueron explorados y de los que nos se halló TLDs. Saltarse JARs no necesarios durante la exploración puede dar lugar a una mejora de tiempo significativa en el arranque y compilación de JSP .
14-Dec-2025 21:11:15.893 INFO [http-nio-8080-exec-28] org.apache.catalina.startup.HostConfig.deployDescriptor Deployment of deployment descriptor [C:\Users\57304\Desktop\TiendaWeb\apache-tomcat-10.1.49\conf\Catalina\localhost\TiendaWeb.xml] has finished in [2.379] ms
14-Dec-2025 21:11:15.902 WARNING [http-nio-8080-exec-20] org.apache.catalina.realm.LockOutRealm.filterLockedAccounts Se ha intentado autenticar al usuario bloqueado [admin]
14-Dec-2025 21:11:15.911 INFO [http-nio-8080-exec-29] org.apache.catalina.util.LifecycleBase.start The start() method was called on component [StandardEngine[Catalina].StandardHost[localhost].StandardContext[/TiendaWeb]] after start() had already been called. The second call will be ignored.
14-Dec-2025 21:19:02.783 WARNING [http-nio-8080-exec-36] org.apache.catalina.loader.WebappClassLoaderBase.clearReferencesJdbc La aplicación web [TiendaWeb] registró el conductor JDBC [com.microsoft.sqlserver.jdbc.SQLServerDriver] pero falló al anular el registro mientras la aplicación web estaba parada. Para prevenir un fallo de memoria, se ha anulado el registro del conductor JDBC por la fuerza.
14-Dec-2025 21:19:03.299 INFO [http-nio-8080-exec-36] org.apache.catalina.startup.HostConfig.undeploy Repliegue (undeploy) de la aplicación web que tiene como trayectoria de contexto [/TiendaWeb]
14-Dec-2025 21:29:23.418 WARNING [http-nio-8080-exec-44] org.apache.catalina.realm.LockOutRealm.filterLockedAccounts Se ha intentado autenticar al usuario bloqueado [admin]
14-Dec-2025 21:29:23.462 WARNING [http-nio-8080-exec-46] org.apache.catalina.realm.LockOutRealm.filterLockedAccounts Se ha intentado autenticar al usuario bloqueado [admin]
14-Dec-2025 21:29:23.480 INFO [http-nio-8080-exec-40] org.apache.catalina.startup.HostConfig.deployDescriptor Desplieque del descriptor de configuración [C:\Users\57304\Desktop\TiendaWeb\apache-tomcat-10.1.49\conf\Catalina\localhost\TiendaWeb.xml]
14-Dec-2025 21:29:23.505 WARNING [http-nio-8080-exec-40] org.apache.catalina.startup.HostConfig.deployDescriptor The path attribute with value [/TiendaWeb] in deployment descriptor [C:\Users\57304\Desktop\TiendaWeb\apache-tomcat-10.1.49\conf\Catalina\localhost\TiendaWeb.xml] has been ignored
14-Dec-2025 21:29:25.059 INFO [http-nio-8080-exec-40] org.apache.jasper.servlet.TldScanner.scanJars Al menos un JAR, que se ha explorado buscando TLDs, aún no contenía TLDs. Activar historial de depuración para este historiador para una completa lista de los JARs que fueron explorados y de los que nos se halló TLDs. Saltarse JARs no necesarios durante la exploración puede dar lugar a una mejora de tiempo significativa en el arranque y compilación de JSP .
14-Dec-2025 21:29:25.113 INFO [http-nio-8080-exec-40] org.apache.catalina.startup.HostConfig.deployDescriptor Deployment of deployment descriptor [C:\Users\57304\Desktop\TiendaWeb\apache-tomcat-10.1.49\conf\Catalina\localhost\TiendaWeb.xml] has finished in [1.631] ms
14-Dec-2025 21:29:25.118 WARNING [http-nio-8080-exec-48] org.apache.catalina.realm.LockOutRealm.filterLockedAccounts Se ha intentado autenticar al usuario bloqueado [admin]
14-Dec-2025 21:29:25.122 INFO [http-nio-8080-exec-49] org.apache.catalina.util.LifecycleBase.start The start() method was called on component [StandardEngine[Catalina].StandardHost[localhost].StandardContext[/TiendaWeb]] after start() had already been called. The second call will be ignored.
14-Dec-2025 21:32:52.908 WARNING [http-nio-8080-exec-46] org.apache.catalina.realm.LockOutRealm.filterLockedAccounts Se ha intentado autenticar al usuario bloqueado [admin]
14-Dec-2025 21:32:52.925 WARNING [http-nio-8080-exec-44] org.apache.catalina.realm.LockOutRealm.filterLockedAccounts Se ha intentado autenticar al usuario bloqueado [admin]
14-Dec-2025 21:32:52.952 WARNING [http-nio-8080-exec-48] org.apache.catalina.loader.WebappClassLoaderBase.clearReferencesJdbc La aplicación web [TiendaWeb] registró el conductor JDBC [com.microsoft.sqlserver.jdbc.SQLServerDriver] pero falló al anular el registro mientras la aplicación web estaba parada. Para prevenir un fallo de memoria, se ha anulado el registro del conductor JDBC por la fuerza.
14-Dec-2025 21:32:53.467 INFO [http-nio-8080-exec-48] org.apache.catalina.startup.HostConfig.undeploy Repliegue (undeploy) de la aplicación web que tiene como trayectoria de contexto [/TiendaWeb]
14-Dec-2025 21:37:08.622 WARNING [http-nio-8080-exec-41] org.apache.catalina.realm.LockOutRealm.filterLockedAccounts Se ha intentado autenticar al usuario bloqueado [admin]
14-Dec-2025 21:37:08.632 WARNING [http-nio-8080-exec-45] org.apache.catalina.realm.LockOutRealm.filterLockedAccounts Se ha intentado autenticar al usuario bloqueado [admin]
14-Dec-2025 21:37:08.667 WARNING [http-nio-8080-exec-51] org.apache.catalina.realm.LockOutRealm.filterLockedAccounts Se ha intentado autenticar al usuario bloqueado [admin]
14-Dec-2025 21:37:08.674 INFO [http-nio-8080-exec-53] org.apache.catalina.startup.HostConfig.deployDescriptor Desplieque del descriptor de configuración [C:\Users\57304\Desktop\TiendaWeb\apache-tomcat-10.1.49\conf\Catalina\localhost\TiendaWeb.xml]
14-Dec-2025 21:37:08.683 WARNING [http-nio-8080-exec-53] org.apache.catalina.startup.HostConfig.deployDescriptor The path attribute with value [/TiendaWeb] in deployment descriptor [C:\Users\57304\Desktop\TiendaWeb\apache-tomcat-10.1.49\conf\Catalina\localhost\TiendaWeb.xml] has been ignored
14-Dec-2025 21:37:09.688 INFO [http-nio-8080-exec-53] org.apache.jasper.servlet.TldScanner.scanJars Al menos un JAR, que se ha explorado buscando TLDs, aún no contenía TLDs. Activar historial de depuración para este historiador para una completa lista de los JARs que fueron explorados y de los que nos se halló TLDs. Saltarse JARs no necesarios durante la exploración puede dar lugar a una mejora de tiempo significativa en el arranque y compilación de JSP .
14-Dec-2025 21:37:09.730 INFO [http-nio-8080-exec-53] org.apache.catalina.startup.HostConfig.deployDescriptor Deployment of deployment descriptor [C:\Users\57304\Desktop\TiendaWeb\apache-tomcat-10.1.49\conf\Catalina\localhost\TiendaWeb.xml] has finished in [1.055] ms
14-Dec-2025 21:37:09.734 WARNING [http-nio-8080-exec-54] org.apache.catalina.realm.LockOutRealm.filterLockedAccounts Se ha intentado autenticar al usuario bloqueado [admin]
14-Dec-2025 21:37:09.737 INFO [http-nio-8080-exec-42] org.apache.catalina.util.LifecycleBase.start The start() method was called on component [StandardEngine[Catalina].StandardHost[localhost].StandardContext[/TiendaWeb]] after start() had already been called. The second call will be ignored.
14-Dec-2025 21:44:26.871 WARNING [http-nio-8080-exec-51] org.apache.catalina.loader.WebappClassLoaderBase.clearReferencesJdbc La aplicación web [TiendaWeb] registró el conductor JDBC [com.microsoft.sqlserver.jdbc.SQLServerDriver] pero falló al anular el registro mientras la aplicación web estaba parada. Para prevenir un fallo de memoria, se ha anulado el registro del conductor JDBC por la fuerza.
14-Dec-2025 21:44:27.397 INFO [http-nio-8080-exec-51] org.apache.catalina.startup.HostConfig.undeploy Repliegue (undeploy) de la aplicación web que tiene como trayectoria de contexto [/TiendaWeb]
14-Dec-2025 22:01:04.464 WARNING [http-nio-8080-exec-61] org.apache.catalina.realm.LockOutRealm.filterLockedAccounts Se ha intentado autenticar al usuario bloqueado [admin]
14-Dec-2025 22:01:04.502 WARNING [http-nio-8080-exec-64] org.apache.catalina.realm.LockOutRealm.filterLockedAccounts Se ha intentado autenticar al usuario bloqueado [admin]
14-Dec-2025 22:01:04.532 INFO [http-nio-8080-exec-67] org.apache.catalina.startup.HostConfig.deployDescriptor Desplieque del descriptor de configuración [C:\Users\57304\Desktop\TiendaWeb\apache-tomcat-10.1.49\conf\Catalina\localhost\TiendaWeb.xml]
14-Dec-2025 22:01:04.563 WARNING [http-nio-8080-exec-67] org.apache.catalina.startup.HostConfig.deployDescriptor The path attribute with value [/TiendaWeb] in deployment descriptor [C:\Users\57304\Desktop\TiendaWeb\apache-tomcat-10.1.49\conf\Catalina\localhost\TiendaWeb.xml] has been ignored
14-Dec-2025 22:01:05.927 INFO [http-nio-8080-exec-67] org.apache.jasper.servlet.TldScanner.scanJars Al menos un JAR, que se ha explorado buscando TLDs, aún no contenía TLDs. Activar historial de depuración para este historiador para una completa lista de los JARs que fueron explorados y de los que nos se halló TLDs. Saltarse JARs no necesarios durante la exploración puede dar lugar a una mejora de tiempo significativa en el arranque y compilación de JSP .
14-Dec-2025 22:01:05.972 INFO [http-nio-8080-exec-67] org.apache.catalina.startup.HostConfig.deployDescriptor Deployment of deployment descriptor [C:\Users\57304\Desktop\TiendaWeb\apache-tomcat-10.1.49\conf\Catalina\localhost\TiendaWeb.xml] has finished in [1.441] ms
14-Dec-2025 22:01:05.976 WARNING [http-nio-8080-exec-66] org.apache.catalina.realm.LockOutRealm.filterLockedAccounts Se ha intentado autenticar al usuario bloqueado [admin]
14-Dec-2025 22:01:05.979 INFO [http-nio-8080-exec-69] org.apache.catalina.util.LifecycleBase.start The start() method was called on component [StandardEngine[Catalina].StandardHost[localhost].StandardContext[/TiendaWeb]] after start() had already been called. The second call will be ignored.
14-Dec-2025 22:02:57.418 WARNING [http-nio-8080-exec-61] org.apache.catalina.realm.LockOutRealm.filterLockedAccounts Se ha intentado autenticar al usuario bloqueado [admin]
14-Dec-2025 22:02:57.437 WARNING [http-nio-8080-exec-63] org.apache.catalina.realm.LockOutRealm.filterLockedAccounts Se ha intentado autenticar al usuario bloqueado [admin]
14-Dec-2025 22:02:57.446 WARNING [http-nio-8080-exec-65] org.apache.catalina.loader.WebappClassLoaderBase.clearReferencesJdbc La aplicación web [TiendaWeb] registró el conductor JDBC [com.microsoft.sqlserver.jdbc.SQLServerDriver] pero falló al anular el registro mientras la aplicación web estaba parada. Para prevenir un fallo de memoria, se ha anulado el registro del conductor JDBC por la fuerza.
14-Dec-2025 22:02:57.964 INFO [http-nio-8080-exec-65] org.apache.catalina.startup.HostConfig.undeploy Repliegue (undeploy) de la aplicación web que tiene como trayectoria de contexto [/TiendaWeb]
14-Dec-2025 22:04:07.789 WARNING [http-nio-8080-exec-68] org.apache.catalina.realm.LockOutRealm.filterLockedAccounts Se ha intentado autenticar al usuario bloqueado [admin]
14-Dec-2025 22:04:07.800 WARNING [http-nio-8080-exec-72] org.apache.catalina.realm.LockOutRealm.filterLockedAccounts Se ha intentado autenticar al usuario bloqueado [admin]
14-Dec-2025 22:04:07.840 WARNING [http-nio-8080-exec-67] org.apache.catalina.realm.LockOutRealm.filterLockedAccounts Se ha intentado autenticar al usuario bloqueado [admin]
14-Dec-2025 22:04:07.849 INFO [http-nio-8080-exec-64] org.apache.catalina.startup.HostConfig.deployDescriptor Desplieque del descriptor de configuración [C:\Users\57304\Desktop\TiendaWeb\apache-tomcat-10.1.49\conf\Catalina\localhost\TiendaWeb.xml]
14-Dec-2025 22:04:07.852 WARNING [http-nio-8080-exec-64] org.apache.catalina.startup.HostConfig.deployDescriptor The path attribute with value [/TiendaWeb] in deployment descriptor [C:\Users\57304\Desktop\TiendaWeb\apache-tomcat-10.1.49\conf\Catalina\localhost\TiendaWeb.xml] has been ignored
14-Dec-2025 22:04:08.869 INFO [http-nio-8080-exec-64] org.apache.jasper.servlet.TldScanner.scanJars Al menos un JAR, que se ha explorado buscando TLDs, aún no contenía TLDs. Activar historial de depuración para este historiador para una completa lista de los JARs que fueron explorados y de los que nos se halló TLDs. Saltarse JARs no necesarios durante la exploración puede dar lugar a una mejora de tiempo significativa en el arranque y compilación de JSP .
14-Dec-2025 22:04:08.910 INFO [http-nio-8080-exec-64] org.apache.catalina.startup.HostConfig.deployDescriptor Deployment of deployment descriptor [C:\Users\57304\Desktop\TiendaWeb\apache-tomcat-10.1.49\conf\Catalina\localhost\TiendaWeb.xml] has finished in [1.060] ms
14-Dec-2025 22:04:08.913 WARNING [http-nio-8080-exec-60] org.apache.catalina.realm.LockOutRealm.filterLockedAccounts Se ha intentado autenticar al usuario bloqueado [admin]
14-Dec-2025 22:04:08.918 INFO [http-nio-8080-exec-68] org.apache.catalina.util.LifecycleBase.start The start() method was called on component [StandardEngine[Catalina].StandardHost[localhost].StandardContext[/TiendaWeb]] after start() had already been called. The second call will be ignored.
14-Dec-2025 22:11:55.481 WARNING [http-nio-8080-exec-74] org.apache.catalina.loader.WebappClassLoaderBase.clearReferencesJdbc La aplicación web [TiendaWeb] registró el conductor JDBC [com.microsoft.sqlserver.jdbc.SQLServerDriver] pero falló al anular el registro mientras la aplicación web estaba parada. Para prevenir un fallo de memoria, se ha anulado el registro del conductor JDBC por la fuerza.
14-Dec-2025 22:11:56.002 INFO [http-nio-8080-exec-74] org.apache.catalina.startup.HostConfig.undeploy Repliegue (undeploy) de la aplicación web que tiene como trayectoria de contexto [/TiendaWeb]
14-Dec-2025 22:35:26.924 INFO [main] org.apache.catalina.core.StandardServer.await Se ha recibido un comando de apagado a través del puerto de apagado. Parando la instancia del Servidor.
14-Dec-2025 22:35:26.947 INFO [main] org.apache.coyote.AbstractProtocol.pause Pausing ProtocolHandler ["http-nio-8080"]
14-Dec-2025 22:35:26.986 INFO [main] org.apache.catalina.core.StandardService.stopInternal Parando servicio [Catalina]
14-Dec-2025 22:35:27.126 INFO [main] org.apache.coyote.AbstractProtocol.stop Stopping ProtocolHandler ["http-nio-8080"]
14-Dec-2025 22:35:27.215 INFO [main] org.apache.coyote.AbstractProtocol.destroy Destroying ProtocolHandler ["http-nio-8080"]
