04-Dec-2025 14:13:31.763 INFO [main] org.apache.catalina.startup.VersionLoggerListener.log Nombre de la versión del servidor: Apache Tomcat/10.1.49
04-Dec-2025 14:13:31.773 INFO [main] org.apache.catalina.startup.VersionLoggerListener.log Server built:                      Nov 6 2025 01:31:11 UTC
04-Dec-2025 14:13:31.774 INFO [main] org.apache.catalina.startup.VersionLoggerListener.log Número de versión de servidor:     10.1.49.0
04-Dec-2025 14:13:31.774 INFO [main] org.apache.catalina.startup.VersionLoggerListener.log OS Name:                           Windows 11
04-Dec-2025 14:13:31.774 INFO [main] org.apache.catalina.startup.VersionLoggerListener.log Versión de Systema Operativo:      10.0
04-Dec-2025 14:13:31.775 INFO [main] org.apache.catalina.startup.VersionLoggerListener.log Arquitectura:                      amd64
04-Dec-2025 14:13:31.775 INFO [main] org.apache.catalina.startup.VersionLoggerListener.log Java Home:                         C:\Program Files\Java\jdk-22
04-Dec-2025 14:13:31.775 INFO [main] org.apache.catalina.startup.VersionLoggerListener.log JVM Version:                       22.0.2+9-70
04-Dec-2025 14:13:31.775 INFO [main] org.apache.catalina.startup.VersionLoggerListener.log Vededor JVM:                       Oracle Corporation
04-Dec-2025 14:13:31.776 INFO [main] org.apache.catalina.startup.VersionLoggerListener.log CATALINA_BASE:                     C:\Users\57304\Desktop\TiendaWeb\apache-tomcat-10.1.49
04-Dec-2025 14:13:31.776 INFO [main] org.apache.catalina.startup.VersionLoggerListener.log CATALINA_HOME:                     C:\Users\57304\Desktop\TiendaWeb\apache-tomcat-10.1.49
04-Dec-2025 14:13:31.800 INFO [main] org.apache.catalina.startup.VersionLoggerListener.log Command line argument:             -Djava.util.logging.config.file=C:\Users\57304\Desktop\TiendaWeb\apache-tomcat-10.1.49\conf\logging.properties
04-Dec-2025 14:13:31.800 INFO [main] org.apache.catalina.startup.VersionLoggerListener.log Command line argument:             -Djava.util.logging.manager=org.apache.juli.ClassLoaderLogManager
04-Dec-2025 14:13:31.801 INFO [main] org.apache.catalina.startup.VersionLoggerListener.log Command line argument:             -Djdk.tls.ephemeralDHKeySize=2048
04-Dec-2025 14:13:31.801 INFO [main] org.apache.catalina.startup.VersionLoggerListener.log Command line argument:             -Djava.protocol.handler.pkgs=org.apache.catalina.webresources
04-Dec-2025 14:13:31.801 INFO [main] org.apache.catalina.startup.VersionLoggerListener.log Command line argument:             -Dsun.io.useCanonCaches=false
04-Dec-2025 14:13:31.801 INFO [main] org.apache.catalina.startup.VersionLoggerListener.log Command line argument:             --add-opens=java.base/java.lang=ALL-UNNAMED
04-Dec-2025 14:13:31.801 INFO [main] org.apache.catalina.startup.VersionLoggerListener.log Command line argument:             --add-opens=java.base/java.lang.reflect=ALL-UNNAMED
04-Dec-2025 14:13:31.801 INFO [main] org.apache.catalina.startup.VersionLoggerListener.log Command line argument:             --add-opens=java.base/java.io=ALL-UNNAMED
04-Dec-2025 14:13:31.802 INFO [main] org.apache.catalina.startup.VersionLoggerListener.log Command line argument:             --add-opens=java.base/java.util=ALL-UNNAMED
04-Dec-2025 14:13:31.802 INFO [main] org.apache.catalina.startup.VersionLoggerListener.log Command line argument:             --add-opens=java.base/java.util.concurrent=ALL-UNNAMED
04-Dec-2025 14:13:31.802 INFO [main] org.apache.catalina.startup.VersionLoggerListener.log Command line argument:             --add-opens=java.rmi/sun.rmi.transport=ALL-UNNAMED
04-Dec-2025 14:13:31.802 INFO [main] org.apache.catalina.startup.VersionLoggerListener.log Command line argument:             -Dcatalina.base=C:\Users\57304\Desktop\TiendaWeb\apache-tomcat-10.1.49
04-Dec-2025 14:13:31.803 INFO [main] org.apache.catalina.startup.VersionLoggerListener.log Command line argument:             -Dcatalina.home=C:\Users\57304\Desktop\TiendaWeb\apache-tomcat-10.1.49
04-Dec-2025 14:13:31.803 INFO [main] org.apache.catalina.startup.VersionLoggerListener.log Command line argument:             -Djava.io.tmpdir=C:\Users\57304\Desktop\TiendaWeb\apache-tomcat-10.1.49\temp
04-Dec-2025 14:13:31.883 INFO [main] org.apache.catalina.core.AprLifecycleListener.lifecycleEvent La biblioteca nativa de Apache Tomcat basada en ARP que permite un rendimiento óptimo en entornos de desarrollo no ha sido hallada en java.library.path: [C:\Program Files\Java\jdk-22\bin;C:\WINDOWS\Sun\Java\bin;C:\WINDOWS\system32;C:\WINDOWS;C:\Program Files (x86)\NVIDIA Corporation\PhysX\Common;C:\Program Files\Common Files\Oracle\Java\javapath;C:\Program Files (x86)\Common Files\Oracle\Java\java8path;C:\Program Files (x86)\Common Files\Oracle\Java\javapath;C:\WINDOWS\system32;C:\WINDOWS;C:\WINDOWS\System32\Wbem;C:\WINDOWS\System32\WindowsPowerShell\v1.0\;C:\WINDOWS\System32\OpenSSH\;C:\Program Files\dotnet\;C:\Program Files\Git\cmd;C:\Program Files (x86)\Microsoft SQL Server\160\Tools\Binn\;C:\Program Files\Microsoft SQL Server\160\Tools\Binn\;C:\Program Files\Microsoft SQL Server\Client SDK\ODBC\170\Tools\Binn\;C:\Program Files\Microsoft SQL Server\160\DTS\Binn\;C:\Program Files\Microsoft SQL Server\170\DTS\Binn\;C:\Program Files\MySQL\MySQL Shell 8.0\bin\;C:\Users\57304\AppData\Local\Microsoft\WindowsApps;C:\Users\57304\AppData\Local\Programs\VSCodeUserSetup-x64-1.99.3.exe\bin;C:\Users\57304\AppData\Local\Python\bin;.]
04-Dec-2025 14:13:32.644 INFO [main] org.apache.coyote.AbstractProtocol.init Inicializando el manejador de protocolo ["http-nio-8080"]

04-Dec-2025 14:13:32.675 INFO [main] org.apache.catalina.startup.Catalina.load Server initialization in [1345] milliseconds
04-Dec-2025 14:13:32.794 INFO [main] org.apache.catalina.core.StandardService.startInternal Arrancando servicio [Catalina]
04-Dec-2025 14:13:32.794 INFO [main] org.apache.catalina.core.StandardEngine.startInternal Starting Servlet engine: [Apache Tomcat/10.1.49]
04-Dec-2025 14:13:32.816 INFO [main] org.apache.catalina.startup.HostConfig.deployDescriptor Desplieque del descriptor de configuración [C:\Users\57304\Desktop\TiendaWeb\apache-tomcat-10.1.49\conf\Catalina\localhost\TiendaWeb.xml]
04-Dec-2025 14:13:32.843 WARNING [main] org.apache.catalina.startup.HostConfig.deployDescriptor The path attribute with value [/TiendaWeb] in deployment descriptor [C:\Users\57304\Desktop\TiendaWeb\apache-tomcat-10.1.49\conf\Catalina\localhost\TiendaWeb.xml] has been ignored
04-Dec-2025 14:13:34.537 INFO [main] org.apache.jasper.servlet.TldScanner.scanJars Al menos un JAR, que se ha explorado buscando TLDs, aún no contenía TLDs. Activar historial de depuración para este historiador para una completa lista de los JARs que fueron explorados y de los que nos se halló TLDs. Saltarse JARs no necesarios durante la exploración puede dar lugar a una mejora de tiempo significativa en el arranque y compilación de JSP .
04-Dec-2025 14:13:34.652 INFO [main] org.apache.catalina.startup.HostConfig.deployDescriptor Deployment of deployment descriptor [C:\Users\57304\Desktop\TiendaWeb\apache-tomcat-10.1.49\conf\Catalina\localhost\TiendaWeb.xml] has finished in [1.833] ms
04-Dec-2025 14:13:34.653 INFO [main] org.apache.catalina.startup.HostConfig.deployDirectory Desplegando el directorio [C:\Users\57304\Desktop\TiendaWeb\apache-tomcat-10.1.49\webapps\docs] de la aplicación web
04-Dec-2025 14:13:35.149 INFO [main] org.apache.jasper.servlet.TldScanner.scanJars Al menos un JAR, que se ha explorado buscando TLDs, aún no contenía TLDs. Activar historial de depuración para este historiador para una completa lista de los JARs que fueron explorados y de los que nos se halló TLDs. Saltarse JARs no necesarios durante la exploración puede dar lugar a una mejora de tiempo significativa en el arranque y compilación de JSP .
04-Dec-2025 14:13:35.154 INFO [main] org.apache.catalina.startup.HostConfig.deployDirectory Deployment of web application directory [C:\Users\57304\Desktop\TiendaWeb\apache-tomcat-10.1.49\webapps\docs] has finished in [501] ms
04-Dec-2025 14:13:35.154 INFO [main] org.apache.catalina.startup.HostConfig.deployDirectory Desplegando el directorio [C:\Users\57304\Desktop\TiendaWeb\apache-tomcat-10.1.49\webapps\examples] de la aplicación web
04-Dec-2025 14:13:36.008 INFO [main] org.apache.jasper.servlet.TldScanner.scanJars Al menos un JAR, que se ha explorado buscando TLDs, aún no contenía TLDs. Activar historial de depuración para este historiador para una completa lista de los JARs que fueron explorados y de los que nos se halló TLDs. Saltarse JARs no necesarios durante la exploración puede dar lugar a una mejora de tiempo significativa en el arranque y compilación de JSP .
04-Dec-2025 14:13:36.140 INFO [main] org.apache.catalina.startup.HostConfig.deployDirectory Deployment of web application directory [C:\Users\57304\Desktop\TiendaWeb\apache-tomcat-10.1.49\webapps\examples] has finished in [985] ms
04-Dec-2025 14:13:36.141 INFO [main] org.apache.catalina.startup.HostConfig.deployDirectory Desplegando el directorio [C:\Users\57304\Desktop\TiendaWeb\apache-tomcat-10.1.49\webapps\host-manager] de la aplicación web
04-Dec-2025 14:13:36.569 INFO [main] org.apache.jasper.servlet.TldScanner.scanJars Al menos un JAR, que se ha explorado buscando TLDs, aún no contenía TLDs. Activar historial de depuración para este historiador para una completa lista de los JARs que fueron explorados y de los que nos se halló TLDs. Saltarse JARs no necesarios durante la exploración puede dar lugar a una mejora de tiempo significativa en el arranque y compilación de JSP .
04-Dec-2025 14:13:36.582 INFO [main] org.apache.catalina.startup.HostConfig.deployDirectory Deployment of web application directory [C:\Users\57304\Desktop\TiendaWeb\apache-tomcat-10.1.49\webapps\host-manager] has finished in [442] ms
04-Dec-2025 14:13:36.583 INFO [main] org.apache.catalina.startup.HostConfig.deployDirectory Desplegando el directorio [C:\Users\57304\Desktop\TiendaWeb\apache-tomcat-10.1.49\webapps\manager] de la aplicación web
04-Dec-2025 14:13:36.958 INFO [main] org.apache.jasper.servlet.TldScanner.scanJars Al menos un JAR, que se ha explorado buscando TLDs, aún no contenía TLDs. Activar historial de depuración para este historiador para una completa lista de los JARs que fueron explorados y de los que nos se halló TLDs. Saltarse JARs no necesarios durante la exploración puede dar lugar a una mejora de tiempo significativa en el arranque y compilación de JSP .
04-Dec-2025 14:13:36.970 INFO [main] org.apache.catalina.startup.HostConfig.deployDirectory Deployment of web application directory [C:\Users\57304\Desktop\TiendaWeb\apache-tomcat-10.1.49\webapps\manager] has finished in [375] ms
04-Dec-2025 14:13:36.970 INFO [main] org.apache.catalina.startup.HostConfig.deployDirectory Desplegando el directorio [C:\Users\57304\Desktop\TiendaWeb\apache-tomcat-10.1.49\webapps\ROOT] de la aplicación web
04-Dec-2025 14:13:37.273 INFO [main] org.apache.jasper.servlet.TldScanner.scanJars Al menos un JAR, que se ha explorado buscando TLDs, aún no contenía TLDs. Activar historial de depuración para este historiador para una completa lista de los JARs que fueron explorados y de los que nos se halló TLDs. Saltarse JARs no necesarios durante la exploración puede dar lugar a una mejora de tiempo significativa en el arranque y compilación de JSP .
04-Dec-2025 14:13:37.277 INFO [main] org.apache.catalina.startup.HostConfig.deployDirectory Deployment of web application directory [C:\Users\57304\Desktop\TiendaWeb\apache-tomcat-10.1.49\webapps\ROOT] has finished in [307] ms
04-Dec-2025 14:13:37.286 INFO [main] org.apache.coyote.AbstractProtocol.start Starting ProtocolHandler ["http-nio-8080"]
04-Dec-2025 14:13:37.325 INFO [main] org.apache.catalina.startup.Catalina.start Server startup in [4649] milliseconds
04-Dec-2025 14:13:40.164 INFO [http-nio-8080-exec-7] org.apache.catalina.startup.HostConfig.undeploy Repliegue (undeploy) de la aplicación web que tiene como trayectoria de contexto [/TiendaWeb]
04-Dec-2025 14:13:40.298 INFO [http-nio-8080-exec-1] org.apache.catalina.startup.HostConfig.deployDescriptor Desplieque del descriptor de configuración [C:\Users\57304\Desktop\TiendaWeb\apache-tomcat-10.1.49\conf\Catalina\localhost\TiendaWeb.xml]
04-Dec-2025 14:13:40.298 WARNING [http-nio-8080-exec-1] org.apache.catalina.startup.HostConfig.deployDescriptor The path attribute with value [/TiendaWeb] in deployment descriptor [C:\Users\57304\Desktop\TiendaWeb\apache-tomcat-10.1.49\conf\Catalina\localhost\TiendaWeb.xml] has been ignored
04-Dec-2025 14:13:41.152 INFO [http-nio-8080-exec-1] org.apache.jasper.servlet.TldScanner.scanJars Al menos un JAR, que se ha explorado buscando TLDs, aún no contenía TLDs. Activar historial de depuración para este historiador para una completa lista de los JARs que fueron explorados y de los que nos se halló TLDs. Saltarse JARs no necesarios durante la exploración puede dar lugar a una mejora de tiempo significativa en el arranque y compilación de JSP .
04-Dec-2025 14:13:41.200 INFO [http-nio-8080-exec-1] org.apache.catalina.startup.HostConfig.deployDescriptor Deployment of deployment descriptor [C:\Users\57304\Desktop\TiendaWeb\apache-tomcat-10.1.49\conf\Catalina\localhost\TiendaWeb.xml] has finished in [901] ms
04-Dec-2025 14:13:41.205 WARNING [http-nio-8080-exec-3] org.apache.catalina.realm.LockOutRealm.filterLockedAccounts Se ha intentado autenticar al usuario bloqueado [admin]
04-Dec-2025 14:13:41.210 INFO [http-nio-8080-exec-8] org.apache.catalina.util.LifecycleBase.start The start() method was called on component [StandardEngine[Catalina].StandardHost[localhost].StandardContext[/TiendaWeb]] after start() had already been called. The second call will be ignored.
04-Dec-2025 14:16:34.292 INFO [main] org.apache.catalina.core.StandardServer.await Se ha recibido un comando de apagado a través del puerto de apagado. Parando la instancia del Servidor.
04-Dec-2025 14:16:34.293 INFO [main] org.apache.coyote.AbstractProtocol.pause Pausing ProtocolHandler ["http-nio-8080"]
04-Dec-2025 14:16:34.409 INFO [main] org.apache.catalina.core.StandardService.stopInternal Parando servicio [Catalina]
04-Dec-2025 14:16:34.517 WARNING [main] org.apache.catalina.loader.WebappClassLoaderBase.clearReferencesJdbc La aplicación web [TiendaWeb] registró el conductor JDBC [com.microsoft.sqlserver.jdbc.SQLServerDriver] pero falló al anular el registro mientras la aplicación web estaba parada. Para prevenir un fallo de memoria, se ha anulado el registro del conductor JDBC por la fuerza.
04-Dec-2025 14:16:34.526 INFO [main] org.apache.coyote.AbstractProtocol.stop Stopping ProtocolHandler ["http-nio-8080"]
04-Dec-2025 14:16:34.541 INFO [main] org.apache.coyote.AbstractProtocol.destroy Destroying ProtocolHandler ["http-nio-8080"]
