01-Dec-2025 13:37:49.409 INFO [main] org.apache.catalina.startup.VersionLoggerListener.log Nombre de la versión del servidor: Apache Tomcat/10.1.49
01-Dec-2025 13:37:49.418 INFO [main] org.apache.catalina.startup.VersionLoggerListener.log Server built:                      Nov 6 2025 01:31:11 UTC
01-Dec-2025 13:37:49.418 INFO [main] org.apache.catalina.startup.VersionLoggerListener.log Número de versión de servidor:     10.1.49.0
01-Dec-2025 13:37:49.418 INFO [main] org.apache.catalina.startup.VersionLoggerListener.log OS Name:                           Windows 11
01-Dec-2025 13:37:49.419 INFO [main] org.apache.catalina.startup.VersionLoggerListener.log Versión de Systema Operativo:      10.0
01-Dec-2025 13:37:49.419 INFO [main] org.apache.catalina.startup.VersionLoggerListener.log Arquitectura:                      amd64
01-Dec-2025 13:37:49.419 INFO [main] org.apache.catalina.startup.VersionLoggerListener.log Java Home:                         C:\Program Files\Java\jdk-22
01-Dec-2025 13:37:49.419 INFO [main] org.apache.catalina.startup.VersionLoggerListener.log JVM Version:                       22.0.2+9-70
01-Dec-2025 13:37:49.419 INFO [main] org.apache.catalina.startup.VersionLoggerListener.log Vededor JVM:                       Oracle Corporation
01-Dec-2025 13:37:49.419 INFO [main] org.apache.catalina.startup.VersionLoggerListener.log CATALINA_BASE:                     C:\Users\57304\Desktop\com.tienda.modelo.entidades\apache-tomcat-10.1.49
01-Dec-2025 13:37:49.419 INFO [main] org.apache.catalina.startup.VersionLoggerListener.log CATALINA_HOME:                     C:\Users\57304\Desktop\com.tienda.modelo.entidades\apache-tomcat-10.1.49
01-Dec-2025 13:37:49.436 INFO [main] org.apache.catalina.startup.VersionLoggerListener.log Command line argument:             -Djava.util.logging.config.file=C:\Users\57304\Desktop\com.tienda.modelo.entidades\apache-tomcat-10.1.49\conf\logging.properties
01-Dec-2025 13:37:49.437 INFO [main] org.apache.catalina.startup.VersionLoggerListener.log Command line argument:             -Djava.util.logging.manager=org.apache.juli.ClassLoaderLogManager
01-Dec-2025 13:37:49.437 INFO [main] org.apache.catalina.startup.VersionLoggerListener.log Command line argument:             -Djdk.tls.ephemeralDHKeySize=2048
01-Dec-2025 13:37:49.437 INFO [main] org.apache.catalina.startup.VersionLoggerListener.log Command line argument:             -Djava.protocol.handler.pkgs=org.apache.catalina.webresources
01-Dec-2025 13:37:49.437 INFO [main] org.apache.catalina.startup.VersionLoggerListener.log Command line argument:             -Dsun.io.useCanonCaches=false
01-Dec-2025 13:37:49.437 INFO [main] org.apache.catalina.startup.VersionLoggerListener.log Command line argument:             --add-opens=java.base/java.lang=ALL-UNNAMED
01-Dec-2025 13:37:49.437 INFO [main] org.apache.catalina.startup.VersionLoggerListener.log Command line argument:             --add-opens=java.base/java.lang.reflect=ALL-UNNAMED
01-Dec-2025 13:37:49.437 INFO [main] org.apache.catalina.startup.VersionLoggerListener.log Command line argument:             --add-opens=java.base/java.io=ALL-UNNAMED
01-Dec-2025 13:37:49.438 INFO [main] org.apache.catalina.startup.VersionLoggerListener.log Command line argument:             --add-opens=java.base/java.util=ALL-UNNAMED
01-Dec-2025 13:37:49.438 INFO [main] org.apache.catalina.startup.VersionLoggerListener.log Command line argument:             --add-opens=java.base/java.util.concurrent=ALL-UNNAMED
01-Dec-2025 13:37:49.438 INFO [main] org.apache.catalina.startup.VersionLoggerListener.log Command line argument:             --add-opens=java.rmi/sun.rmi.transport=ALL-UNNAMED
01-Dec-2025 13:37:49.439 INFO [main] org.apache.catalina.startup.VersionLoggerListener.log Command line argument:             -Dcatalina.base=C:\Users\57304\Desktop\com.tienda.modelo.entidades\apache-tomcat-10.1.49
01-Dec-2025 13:37:49.439 INFO [main] org.apache.catalina.startup.VersionLoggerListener.log Command line argument:             -Dcatalina.home=C:\Users\57304\Desktop\com.tienda.modelo.entidades\apache-tomcat-10.1.49
01-Dec-2025 13:37:49.443 INFO [main] org.apache.catalina.startup.VersionLoggerListener.log Command line argument:             -Djava.io.tmpdir=C:\Users\57304\Desktop\com.tienda.modelo.entidades\apache-tomcat-10.1.49\temp
01-Dec-2025 13:37:49.464 INFO [main] org.apache.catalina.core.AprLifecycleListener.lifecycleEvent La biblioteca nativa de Apache Tomcat basada en ARP que permite un rendimiento óptimo en entornos de desarrollo no ha sido hallada en java.library.path: [C:\Program Files\Java\jdk-22\bin;C:\WINDOWS\Sun\Java\bin;C:\WINDOWS\system32;C:\WINDOWS;C:\Program Files (x86)\NVIDIA Corporation\PhysX\Common;C:\Program Files\Common Files\Oracle\Java\javapath;C:\Program Files (x86)\Common Files\Oracle\Java\java8path;C:\Program Files (x86)\Common Files\Oracle\Java\javapath;C:\WINDOWS\system32;C:\WINDOWS;C:\WINDOWS\System32\Wbem;C:\WINDOWS\System32\WindowsPowerShell\v1.0\;C:\WINDOWS\System32\OpenSSH\;C:\Program Files\dotnet\;C:\Program Files\Git\cmd;C:\Program Files (x86)\Microsoft SQL Server\160\Tools\Binn\;C:\Program Files\Microsoft SQL Server\160\Tools\Binn\;C:\Program Files\Microsoft SQL Server\Client SDK\ODBC\170\Tools\Binn\;C:\Program Files\Microsoft SQL Server\160\DTS\Binn\;C:\Program Files\Microsoft SQL Server\170\DTS\Binn\;C:\Program Files\MySQL\MySQL Shell 8.0\bin\;C:\Users\57304\AppData\Local\Microsoft\WindowsApps;C:\Users\57304\AppData\Local\Programs\VSCodeUserSetup-x64-1.99.3.exe\bin;C:\Users\57304\AppData\Local\Python\bin;.]
01-Dec-2025 13:37:50.209 INFO [main] org.apache.coyote.AbstractProtocol.init Inicializando el manejador de protocolo ["http-nio-8080"]

01-Dec-2025 13:37:50.247 INFO [main] org.apache.catalina.startup.Catalina.load Server initialization in [1204] milliseconds
01-Dec-2025 13:37:50.370 INFO [main] org.apache.catalina.core.StandardService.startInternal Arrancando servicio [Catalina]
01-Dec-2025 13:37:50.370 INFO [main] org.apache.catalina.core.StandardEngine.startInternal Starting Servlet engine: [Apache Tomcat/10.1.49]
01-Dec-2025 13:37:50.390 INFO [main] org.apache.catalina.startup.HostConfig.deployDescriptor Desplieque del descriptor de configuración [C:\Users\57304\Desktop\com.tienda.modelo.entidades\apache-tomcat-10.1.49\conf\Catalina\localhost\TiendaWeb.xml]
01-Dec-2025 13:37:50.417 WARNING [main] org.apache.catalina.startup.HostConfig.deployDescriptor The path attribute with value [/TiendaWeb] in deployment descriptor [C:\Users\57304\Desktop\com.tienda.modelo.entidades\apache-tomcat-10.1.49\conf\Catalina\localhost\TiendaWeb.xml] has been ignored
01-Dec-2025 13:37:52.156 INFO [main] org.apache.jasper.servlet.TldScanner.scanJars Al menos un JAR, que se ha explorado buscando TLDs, aún no contenía TLDs. Activar historial de depuración para este historiador para una completa lista de los JARs que fueron explorados y de los que nos se halló TLDs. Saltarse JARs no necesarios durante la exploración puede dar lugar a una mejora de tiempo significativa en el arranque y compilación de JSP .
01-Dec-2025 13:37:52.276 INFO [main] org.apache.catalina.startup.HostConfig.deployDescriptor Deployment of deployment descriptor [C:\Users\57304\Desktop\com.tienda.modelo.entidades\apache-tomcat-10.1.49\conf\Catalina\localhost\TiendaWeb.xml] has finished in [1.883] ms
01-Dec-2025 13:37:52.276 INFO [main] org.apache.catalina.startup.HostConfig.deployDirectory Desplegando el directorio [C:\Users\57304\Desktop\com.tienda.modelo.entidades\apache-tomcat-10.1.49\webapps\docs] de la aplicación web
01-Dec-2025 13:37:52.697 INFO [main] org.apache.jasper.servlet.TldScanner.scanJars Al menos un JAR, que se ha explorado buscando TLDs, aún no contenía TLDs. Activar historial de depuración para este historiador para una completa lista de los JARs que fueron explorados y de los que nos se halló TLDs. Saltarse JARs no necesarios durante la exploración puede dar lugar a una mejora de tiempo significativa en el arranque y compilación de JSP .
01-Dec-2025 13:37:52.702 INFO [main] org.apache.catalina.startup.HostConfig.deployDirectory Deployment of web application directory [C:\Users\57304\Desktop\com.tienda.modelo.entidades\apache-tomcat-10.1.49\webapps\docs] has finished in [424] ms
01-Dec-2025 13:37:52.702 INFO [main] org.apache.catalina.startup.HostConfig.deployDirectory Desplegando el directorio [C:\Users\57304\Desktop\com.tienda.modelo.entidades\apache-tomcat-10.1.49\webapps\examples] de la aplicación web
01-Dec-2025 13:37:53.694 INFO [main] org.apache.jasper.servlet.TldScanner.scanJars Al menos un JAR, que se ha explorado buscando TLDs, aún no contenía TLDs. Activar historial de depuración para este historiador para una completa lista de los JARs que fueron explorados y de los que nos se halló TLDs. Saltarse JARs no necesarios durante la exploración puede dar lugar a una mejora de tiempo significativa en el arranque y compilación de JSP .
01-Dec-2025 13:37:53.845 INFO [main] org.apache.catalina.startup.HostConfig.deployDirectory Deployment of web application directory [C:\Users\57304\Desktop\com.tienda.modelo.entidades\apache-tomcat-10.1.49\webapps\examples] has finished in [1.143] ms
01-Dec-2025 13:37:53.846 INFO [main] org.apache.catalina.startup.HostConfig.deployDirectory Desplegando el directorio [C:\Users\57304\Desktop\com.tienda.modelo.entidades\apache-tomcat-10.1.49\webapps\host-manager] de la aplicación web
01-Dec-2025 13:37:54.321 INFO [main] org.apache.jasper.servlet.TldScanner.scanJars Al menos un JAR, que se ha explorado buscando TLDs, aún no contenía TLDs. Activar historial de depuración para este historiador para una completa lista de los JARs que fueron explorados y de los que nos se halló TLDs. Saltarse JARs no necesarios durante la exploración puede dar lugar a una mejora de tiempo significativa en el arranque y compilación de JSP .
01-Dec-2025 13:37:54.331 INFO [main] org.apache.catalina.startup.HostConfig.deployDirectory Deployment of web application directory [C:\Users\57304\Desktop\com.tienda.modelo.entidades\apache-tomcat-10.1.49\webapps\host-manager] has finished in [484] ms
01-Dec-2025 13:37:54.331 INFO [main] org.apache.catalina.startup.HostConfig.deployDirectory Desplegando el directorio [C:\Users\57304\Desktop\com.tienda.modelo.entidades\apache-tomcat-10.1.49\webapps\manager] de la aplicación web
01-Dec-2025 13:37:54.694 INFO [main] org.apache.jasper.servlet.TldScanner.scanJars Al menos un JAR, que se ha explorado buscando TLDs, aún no contenía TLDs. Activar historial de depuración para este historiador para una completa lista de los JARs que fueron explorados y de los que nos se halló TLDs. Saltarse JARs no necesarios durante la exploración puede dar lugar a una mejora de tiempo significativa en el arranque y compilación de JSP .
01-Dec-2025 13:37:54.699 INFO [main] org.apache.catalina.startup.HostConfig.deployDirectory Deployment of web application directory [C:\Users\57304\Desktop\com.tienda.modelo.entidades\apache-tomcat-10.1.49\webapps\manager] has finished in [368] ms
01-Dec-2025 13:37:54.700 INFO [main] org.apache.catalina.startup.HostConfig.deployDirectory Desplegando el directorio [C:\Users\57304\Desktop\com.tienda.modelo.entidades\apache-tomcat-10.1.49\webapps\ROOT] de la aplicación web
01-Dec-2025 13:37:55.180 INFO [main] org.apache.jasper.servlet.TldScanner.scanJars Al menos un JAR, que se ha explorado buscando TLDs, aún no contenía TLDs. Activar historial de depuración para este historiador para una completa lista de los JARs que fueron explorados y de los que nos se halló TLDs. Saltarse JARs no necesarios durante la exploración puede dar lugar a una mejora de tiempo significativa en el arranque y compilación de JSP .
01-Dec-2025 13:37:55.185 INFO [main] org.apache.catalina.startup.HostConfig.deployDirectory Deployment of web application directory [C:\Users\57304\Desktop\com.tienda.modelo.entidades\apache-tomcat-10.1.49\webapps\ROOT] has finished in [485] ms
01-Dec-2025 13:37:55.202 INFO [main] org.apache.coyote.AbstractProtocol.start Starting ProtocolHandler ["http-nio-8080"]
01-Dec-2025 13:37:55.244 INFO [main] org.apache.catalina.startup.Catalina.start Server startup in [4994] milliseconds
01-Dec-2025 13:37:58.494 INFO [http-nio-8080-exec-1] org.apache.catalina.startup.HostConfig.undeploy Repliegue (undeploy) de la aplicación web que tiene como trayectoria de contexto [/TiendaWeb]
01-Dec-2025 13:37:58.605 INFO [http-nio-8080-exec-8] org.apache.catalina.startup.HostConfig.deployDescriptor Desplieque del descriptor de configuración [C:\Users\57304\Desktop\com.tienda.modelo.entidades\apache-tomcat-10.1.49\conf\Catalina\localhost\TiendaWeb.xml]
01-Dec-2025 13:37:58.606 WARNING [http-nio-8080-exec-8] org.apache.catalina.startup.HostConfig.deployDescriptor The path attribute with value [/TiendaWeb] in deployment descriptor [C:\Users\57304\Desktop\com.tienda.modelo.entidades\apache-tomcat-10.1.49\conf\Catalina\localhost\TiendaWeb.xml] has been ignored
01-Dec-2025 13:37:59.633 INFO [http-nio-8080-exec-8] org.apache.jasper.servlet.TldScanner.scanJars Al menos un JAR, que se ha explorado buscando TLDs, aún no contenía TLDs. Activar historial de depuración para este historiador para una completa lista de los JARs que fueron explorados y de los que nos se halló TLDs. Saltarse JARs no necesarios durante la exploración puede dar lugar a una mejora de tiempo significativa en el arranque y compilación de JSP .
01-Dec-2025 13:37:59.680 INFO [http-nio-8080-exec-8] org.apache.catalina.startup.HostConfig.deployDescriptor Deployment of deployment descriptor [C:\Users\57304\Desktop\com.tienda.modelo.entidades\apache-tomcat-10.1.49\conf\Catalina\localhost\TiendaWeb.xml] has finished in [1.075] ms
01-Dec-2025 13:37:59.689 INFO [http-nio-8080-exec-2] org.apache.catalina.util.LifecycleBase.start The start() method was called on component [StandardEngine[Catalina].StandardHost[localhost].StandardContext[/TiendaWeb]] after start() had already been called. The second call will be ignored.
01-Dec-2025 13:39:06.547 WARNING [http-nio-8080-exec-15] org.apache.catalina.realm.LockOutRealm.filterLockedAccounts Se ha intentado autenticar al usuario bloqueado [admin]
01-Dec-2025 13:39:06.560 WARNING [http-nio-8080-exec-19] org.apache.catalina.realm.LockOutRealm.filterLockedAccounts Se ha intentado autenticar al usuario bloqueado [admin]
01-Dec-2025 13:39:06.572 WARNING [http-nio-8080-exec-12] org.apache.catalina.realm.LockOutRealm.filterLockedAccounts Se ha intentado autenticar al usuario bloqueado [admin]
01-Dec-2025 13:39:07.090 INFO [http-nio-8080-exec-13] org.apache.catalina.startup.HostConfig.undeploy Repliegue (undeploy) de la aplicación web que tiene como trayectoria de contexto [/TiendaWeb]
01-Dec-2025 13:39:07.118 WARNING [http-nio-8080-exec-11] org.apache.catalina.realm.LockOutRealm.filterLockedAccounts Se ha intentado autenticar al usuario bloqueado [admin]
01-Dec-2025 13:39:07.126 INFO [http-nio-8080-exec-17] org.apache.catalina.startup.HostConfig.deployDescriptor Desplieque del descriptor de configuración [C:\Users\57304\Desktop\com.tienda.modelo.entidades\apache-tomcat-10.1.49\conf\Catalina\localhost\TiendaWeb.xml]
01-Dec-2025 13:39:07.128 WARNING [http-nio-8080-exec-17] org.apache.catalina.startup.HostConfig.deployDescriptor The path attribute with value [/TiendaWeb] in deployment descriptor [C:\Users\57304\Desktop\com.tienda.modelo.entidades\apache-tomcat-10.1.49\conf\Catalina\localhost\TiendaWeb.xml] has been ignored
01-Dec-2025 13:39:08.156 INFO [http-nio-8080-exec-17] org.apache.jasper.servlet.TldScanner.scanJars Al menos un JAR, que se ha explorado buscando TLDs, aún no contenía TLDs. Activar historial de depuración para este historiador para una completa lista de los JARs que fueron explorados y de los que nos se halló TLDs. Saltarse JARs no necesarios durante la exploración puede dar lugar a una mejora de tiempo significativa en el arranque y compilación de JSP .
01-Dec-2025 13:39:08.203 INFO [http-nio-8080-exec-17] org.apache.catalina.startup.HostConfig.deployDescriptor Deployment of deployment descriptor [C:\Users\57304\Desktop\com.tienda.modelo.entidades\apache-tomcat-10.1.49\conf\Catalina\localhost\TiendaWeb.xml] has finished in [1.076] ms
01-Dec-2025 13:39:08.206 WARNING [http-nio-8080-exec-16] org.apache.catalina.realm.LockOutRealm.filterLockedAccounts Se ha intentado autenticar al usuario bloqueado [admin]
01-Dec-2025 13:39:08.210 INFO [http-nio-8080-exec-19] org.apache.catalina.util.LifecycleBase.start The start() method was called on component [StandardEngine[Catalina].StandardHost[localhost].StandardContext[/TiendaWeb]] after start() had already been called. The second call will be ignored.
01-Dec-2025 13:53:45.561 INFO [http-nio-8080-exec-24] org.apache.catalina.startup.HostConfig.undeploy Repliegue (undeploy) de la aplicación web que tiene como trayectoria de contexto [/TiendaWeb]
01-Dec-2025 13:56:45.684 WARNING [http-nio-8080-exec-33] org.apache.catalina.realm.LockOutRealm.filterLockedAccounts Se ha intentado autenticar al usuario bloqueado [admin]
01-Dec-2025 13:58:45.120 WARNING [http-nio-8080-exec-21] org.apache.catalina.realm.LockOutRealm.filterLockedAccounts Se ha intentado autenticar al usuario bloqueado [admin]
01-Dec-2025 14:33:10.052 WARNING [http-nio-8080-exec-37] org.apache.catalina.realm.LockOutRealm.filterLockedAccounts Se ha intentado autenticar al usuario bloqueado [admin]
01-Dec-2025 14:33:10.103 WARNING [http-nio-8080-exec-38] org.apache.catalina.realm.LockOutRealm.filterLockedAccounts Se ha intentado autenticar al usuario bloqueado [admin]
01-Dec-2025 14:33:10.143 INFO [http-nio-8080-exec-33] org.apache.catalina.startup.HostConfig.deployDescriptor Desplieque del descriptor de configuración [C:\Users\57304\Desktop\com.tienda.modelo.entidades\apache-tomcat-10.1.49\conf\Catalina\localhost\TiendaWeb.xml]
01-Dec-2025 14:33:10.195 WARNING [http-nio-8080-exec-33] org.apache.catalina.startup.HostConfig.deployDescriptor The path attribute with value [/TiendaWeb] in deployment descriptor [C:\Users\57304\Desktop\com.tienda.modelo.entidades\apache-tomcat-10.1.49\conf\Catalina\localhost\TiendaWeb.xml] has been ignored
01-Dec-2025 14:33:12.139 INFO [http-nio-8080-exec-33] org.apache.jasper.servlet.TldScanner.scanJars Al menos un JAR, que se ha explorado buscando TLDs, aún no contenía TLDs. Activar historial de depuración para este historiador para una completa lista de los JARs que fueron explorados y de los que nos se halló TLDs. Saltarse JARs no necesarios durante la exploración puede dar lugar a una mejora de tiempo significativa en el arranque y compilación de JSP .
01-Dec-2025 14:33:12.207 INFO [http-nio-8080-exec-33] org.apache.catalina.startup.HostConfig.deployDescriptor Deployment of deployment descriptor [C:\Users\57304\Desktop\com.tienda.modelo.entidades\apache-tomcat-10.1.49\conf\Catalina\localhost\TiendaWeb.xml] has finished in [2.063] ms
01-Dec-2025 14:33:12.212 WARNING [http-nio-8080-exec-31] org.apache.catalina.realm.LockOutRealm.filterLockedAccounts Se ha intentado autenticar al usuario bloqueado [admin]
01-Dec-2025 14:33:12.215 INFO [http-nio-8080-exec-32] org.apache.catalina.util.LifecycleBase.start The start() method was called on component [StandardEngine[Catalina].StandardHost[localhost].StandardContext[/TiendaWeb]] after start() had already been called. The second call will be ignored.
01-Dec-2025 14:49:23.880 WARNING [http-nio-8080-exec-38] org.apache.catalina.loader.WebappClassLoaderBase.clearReferencesJdbc La aplicación web [TiendaWeb] registró el conductor JDBC [com.microsoft.sqlserver.jdbc.SQLServerDriver] pero falló al anular el registro mientras la aplicación web estaba parada. Para prevenir un fallo de memoria, se ha anulado el registro del conductor JDBC por la fuerza.
01-Dec-2025 14:49:24.409 INFO [http-nio-8080-exec-38] org.apache.catalina.startup.HostConfig.undeploy Repliegue (undeploy) de la aplicación web que tiene como trayectoria de contexto [/TiendaWeb]
01-Dec-2025 14:49:24.459 INFO [http-nio-8080-exec-34] org.apache.catalina.startup.HostConfig.deployDescriptor Desplieque del descriptor de configuración [C:\Users\57304\Desktop\com.tienda.modelo.entidades\apache-tomcat-10.1.49\conf\Catalina\localhost\TiendaWeb.xml]
01-Dec-2025 14:49:24.474 WARNING [http-nio-8080-exec-34] org.apache.catalina.startup.HostConfig.deployDescriptor The path attribute with value [/TiendaWeb] in deployment descriptor [C:\Users\57304\Desktop\com.tienda.modelo.entidades\apache-tomcat-10.1.49\conf\Catalina\localhost\TiendaWeb.xml] has been ignored
01-Dec-2025 14:49:25.766 INFO [http-nio-8080-exec-34] org.apache.jasper.servlet.TldScanner.scanJars Al menos un JAR, que se ha explorado buscando TLDs, aún no contenía TLDs. Activar historial de depuración para este historiador para una completa lista de los JARs que fueron explorados y de los que nos se halló TLDs. Saltarse JARs no necesarios durante la exploración puede dar lugar a una mejora de tiempo significativa en el arranque y compilación de JSP .
01-Dec-2025 14:49:25.816 INFO [http-nio-8080-exec-34] org.apache.catalina.startup.HostConfig.deployDescriptor Deployment of deployment descriptor [C:\Users\57304\Desktop\com.tienda.modelo.entidades\apache-tomcat-10.1.49\conf\Catalina\localhost\TiendaWeb.xml] has finished in [1.355] ms
01-Dec-2025 14:49:25.820 WARNING [http-nio-8080-exec-35] org.apache.catalina.realm.LockOutRealm.filterLockedAccounts Se ha intentado autenticar al usuario bloqueado [admin]
01-Dec-2025 14:49:25.827 INFO [http-nio-8080-exec-39] org.apache.catalina.util.LifecycleBase.start The start() method was called on component [StandardEngine[Catalina].StandardHost[localhost].StandardContext[/TiendaWeb]] after start() had already been called. The second call will be ignored.
01-Dec-2025 14:55:42.757 WARNING [http-nio-8080-exec-46] org.apache.catalina.loader.WebappClassLoaderBase.clearReferencesJdbc La aplicación web [TiendaWeb] registró el conductor JDBC [com.microsoft.sqlserver.jdbc.SQLServerDriver] pero falló al anular el registro mientras la aplicación web estaba parada. Para prevenir un fallo de memoria, se ha anulado el registro del conductor JDBC por la fuerza.
01-Dec-2025 14:55:43.270 INFO [http-nio-8080-exec-46] org.apache.catalina.startup.HostConfig.undeploy Repliegue (undeploy) de la aplicación web que tiene como trayectoria de contexto [/TiendaWeb]
01-Dec-2025 14:55:43.312 INFO [http-nio-8080-exec-47] org.apache.catalina.startup.HostConfig.deployDescriptor Desplieque del descriptor de configuración [C:\Users\57304\Desktop\com.tienda.modelo.entidades\apache-tomcat-10.1.49\conf\Catalina\localhost\TiendaWeb.xml]
01-Dec-2025 14:55:43.321 WARNING [http-nio-8080-exec-47] org.apache.catalina.startup.HostConfig.deployDescriptor The path attribute with value [/TiendaWeb] in deployment descriptor [C:\Users\57304\Desktop\com.tienda.modelo.entidades\apache-tomcat-10.1.49\conf\Catalina\localhost\TiendaWeb.xml] has been ignored
01-Dec-2025 14:55:44.512 INFO [http-nio-8080-exec-47] org.apache.jasper.servlet.TldScanner.scanJars Al menos un JAR, que se ha explorado buscando TLDs, aún no contenía TLDs. Activar historial de depuración para este historiador para una completa lista de los JARs que fueron explorados y de los que nos se halló TLDs. Saltarse JARs no necesarios durante la exploración puede dar lugar a una mejora de tiempo significativa en el arranque y compilación de JSP .
01-Dec-2025 14:55:44.548 INFO [http-nio-8080-exec-47] org.apache.catalina.startup.HostConfig.deployDescriptor Deployment of deployment descriptor [C:\Users\57304\Desktop\com.tienda.modelo.entidades\apache-tomcat-10.1.49\conf\Catalina\localhost\TiendaWeb.xml] has finished in [1.236] ms
01-Dec-2025 14:55:44.552 WARNING [http-nio-8080-exec-48] org.apache.catalina.realm.LockOutRealm.filterLockedAccounts Se ha intentado autenticar al usuario bloqueado [admin]
01-Dec-2025 14:55:44.557 INFO [http-nio-8080-exec-49] org.apache.catalina.util.LifecycleBase.start The start() method was called on component [StandardEngine[Catalina].StandardHost[localhost].StandardContext[/TiendaWeb]] after start() had already been called. The second call will be ignored.
01-Dec-2025 14:56:20.704 WARNING [http-nio-8080-exec-45] org.apache.catalina.realm.LockOutRealm.filterLockedAccounts Se ha intentado autenticar al usuario bloqueado [admin]
01-Dec-2025 14:56:20.714 WARNING [http-nio-8080-exec-56] org.apache.catalina.realm.LockOutRealm.filterLockedAccounts Se ha intentado autenticar al usuario bloqueado [admin]
01-Dec-2025 14:56:20.726 WARNING [http-nio-8080-exec-52] org.apache.catalina.realm.LockOutRealm.filterLockedAccounts Se ha intentado autenticar al usuario bloqueado [admin]
01-Dec-2025 14:56:20.732 WARNING [http-nio-8080-exec-53] org.apache.catalina.loader.WebappClassLoaderBase.clearReferencesJdbc La aplicación web [TiendaWeb] registró el conductor JDBC [com.microsoft.sqlserver.jdbc.SQLServerDriver] pero falló al anular el registro mientras la aplicación web estaba parada. Para prevenir un fallo de memoria, se ha anulado el registro del conductor JDBC por la fuerza.
01-Dec-2025 14:56:21.249 INFO [http-nio-8080-exec-53] org.apache.catalina.startup.HostConfig.undeploy Repliegue (undeploy) de la aplicación web que tiene como trayectoria de contexto [/TiendaWeb]
01-Dec-2025 14:56:21.279 WARNING [http-nio-8080-exec-52] org.apache.catalina.realm.LockOutRealm.filterLockedAccounts Se ha intentado autenticar al usuario bloqueado [admin]
01-Dec-2025 14:56:21.288 INFO [http-nio-8080-exec-50] org.apache.catalina.startup.HostConfig.deployDescriptor Desplieque del descriptor de configuración [C:\Users\57304\Desktop\com.tienda.modelo.entidades\apache-tomcat-10.1.49\conf\Catalina\localhost\TiendaWeb.xml]
01-Dec-2025 14:56:21.291 WARNING [http-nio-8080-exec-50] org.apache.catalina.startup.HostConfig.deployDescriptor The path attribute with value [/TiendaWeb] in deployment descriptor [C:\Users\57304\Desktop\com.tienda.modelo.entidades\apache-tomcat-10.1.49\conf\Catalina\localhost\TiendaWeb.xml] has been ignored
01-Dec-2025 14:56:22.314 INFO [http-nio-8080-exec-50] org.apache.jasper.servlet.TldScanner.scanJars Al menos un JAR, que se ha explorado buscando TLDs, aún no contenía TLDs. Activar historial de depuración para este historiador para una completa lista de los JARs que fueron explorados y de los que nos se halló TLDs. Saltarse JARs no necesarios durante la exploración puede dar lugar a una mejora de tiempo significativa en el arranque y compilación de JSP .
01-Dec-2025 14:56:22.361 INFO [http-nio-8080-exec-50] org.apache.catalina.startup.HostConfig.deployDescriptor Deployment of deployment descriptor [C:\Users\57304\Desktop\com.tienda.modelo.entidades\apache-tomcat-10.1.49\conf\Catalina\localhost\TiendaWeb.xml] has finished in [1.074] ms
01-Dec-2025 14:56:22.365 WARNING [http-nio-8080-exec-45] org.apache.catalina.realm.LockOutRealm.filterLockedAccounts Se ha intentado autenticar al usuario bloqueado [admin]
01-Dec-2025 14:56:22.368 INFO [http-nio-8080-exec-54] org.apache.catalina.util.LifecycleBase.start The start() method was called on component [StandardEngine[Catalina].StandardHost[localhost].StandardContext[/TiendaWeb]] after start() had already been called. The second call will be ignored.
01-Dec-2025 14:59:07.625 WARNING [http-nio-8080-exec-59] org.apache.catalina.realm.LockOutRealm.filterLockedAccounts Se ha intentado autenticar al usuario bloqueado [admin]
01-Dec-2025 14:59:07.638 WARNING [http-nio-8080-exec-66] org.apache.catalina.realm.LockOutRealm.filterLockedAccounts Se ha intentado autenticar al usuario bloqueado [admin]
01-Dec-2025 14:59:07.653 WARNING [http-nio-8080-exec-68] org.apache.catalina.realm.LockOutRealm.filterLockedAccounts Se ha intentado autenticar al usuario bloqueado [admin]
01-Dec-2025 14:59:07.665 WARNING [http-nio-8080-exec-61] org.apache.catalina.loader.WebappClassLoaderBase.clearReferencesJdbc La aplicación web [TiendaWeb] registró el conductor JDBC [com.microsoft.sqlserver.jdbc.SQLServerDriver] pero falló al anular el registro mientras la aplicación web estaba parada. Para prevenir un fallo de memoria, se ha anulado el registro del conductor JDBC por la fuerza.
01-Dec-2025 14:59:08.179 INFO [http-nio-8080-exec-61] org.apache.catalina.startup.HostConfig.undeploy Repliegue (undeploy) de la aplicación web que tiene como trayectoria de contexto [/TiendaWeb]
01-Dec-2025 14:59:08.224 WARNING [http-nio-8080-exec-66] org.apache.catalina.realm.LockOutRealm.filterLockedAccounts Se ha intentado autenticar al usuario bloqueado [admin]
01-Dec-2025 14:59:08.235 INFO [http-nio-8080-exec-68] org.apache.catalina.startup.HostConfig.deployDescriptor Desplieque del descriptor de configuración [C:\Users\57304\Desktop\com.tienda.modelo.entidades\apache-tomcat-10.1.49\conf\Catalina\localhost\TiendaWeb.xml]
01-Dec-2025 14:59:08.240 WARNING [http-nio-8080-exec-68] org.apache.catalina.startup.HostConfig.deployDescriptor The path attribute with value [/TiendaWeb] in deployment descriptor [C:\Users\57304\Desktop\com.tienda.modelo.entidades\apache-tomcat-10.1.49\conf\Catalina\localhost\TiendaWeb.xml] has been ignored
01-Dec-2025 14:59:09.283 INFO [http-nio-8080-exec-68] org.apache.jasper.servlet.TldScanner.scanJars Al menos un JAR, que se ha explorado buscando TLDs, aún no contenía TLDs. Activar historial de depuración para este historiador para una completa lista de los JARs que fueron explorados y de los que nos se halló TLDs. Saltarse JARs no necesarios durante la exploración puede dar lugar a una mejora de tiempo significativa en el arranque y compilación de JSP .
01-Dec-2025 14:59:09.321 INFO [http-nio-8080-exec-68] org.apache.catalina.startup.HostConfig.deployDescriptor Deployment of deployment descriptor [C:\Users\57304\Desktop\com.tienda.modelo.entidades\apache-tomcat-10.1.49\conf\Catalina\localhost\TiendaWeb.xml] has finished in [1.086] ms
01-Dec-2025 14:59:09.324 WARNING [http-nio-8080-exec-67] org.apache.catalina.realm.LockOutRealm.filterLockedAccounts Se ha intentado autenticar al usuario bloqueado [admin]
01-Dec-2025 14:59:09.330 INFO [http-nio-8080-exec-63] org.apache.catalina.util.LifecycleBase.start The start() method was called on component [StandardEngine[Catalina].StandardHost[localhost].StandardContext[/TiendaWeb]] after start() had already been called. The second call will be ignored.
01-Dec-2025 15:09:35.091 WARNING [http-nio-8080-exec-69] org.apache.catalina.loader.WebappClassLoaderBase.clearReferencesJdbc La aplicación web [TiendaWeb] registró el conductor JDBC [com.microsoft.sqlserver.jdbc.SQLServerDriver] pero falló al anular el registro mientras la aplicación web estaba parada. Para prevenir un fallo de memoria, se ha anulado el registro del conductor JDBC por la fuerza.
01-Dec-2025 15:09:35.611 INFO [http-nio-8080-exec-69] org.apache.catalina.startup.HostConfig.undeploy Repliegue (undeploy) de la aplicación web que tiene como trayectoria de contexto [/TiendaWeb]
01-Dec-2025 15:21:38.657 WARNING [http-nio-8080-exec-81] org.apache.catalina.realm.LockOutRealm.filterLockedAccounts Se ha intentado autenticar al usuario bloqueado [admin]
01-Dec-2025 15:21:38.683 INFO [http-nio-8080-exec-83] org.apache.catalina.startup.HostConfig.deployDescriptor Desplieque del descriptor de configuración [C:\Users\57304\Desktop\com.tienda.modelo.entidades\apache-tomcat-10.1.49\conf\Catalina\localhost\TiendaWeb.xml]
01-Dec-2025 15:21:38.724 WARNING [http-nio-8080-exec-83] org.apache.catalina.startup.HostConfig.deployDescriptor The path attribute with value [/TiendaWeb] in deployment descriptor [C:\Users\57304\Desktop\com.tienda.modelo.entidades\apache-tomcat-10.1.49\conf\Catalina\localhost\TiendaWeb.xml] has been ignored
01-Dec-2025 15:21:39.902 INFO [http-nio-8080-exec-83] org.apache.jasper.servlet.TldScanner.scanJars Al menos un JAR, que se ha explorado buscando TLDs, aún no contenía TLDs. Activar historial de depuración para este historiador para una completa lista de los JARs que fueron explorados y de los que nos se halló TLDs. Saltarse JARs no necesarios durante la exploración puede dar lugar a una mejora de tiempo significativa en el arranque y compilación de JSP .
01-Dec-2025 15:21:39.954 INFO [http-nio-8080-exec-83] org.apache.catalina.startup.HostConfig.deployDescriptor Deployment of deployment descriptor [C:\Users\57304\Desktop\com.tienda.modelo.entidades\apache-tomcat-10.1.49\conf\Catalina\localhost\TiendaWeb.xml] has finished in [1.270] ms
01-Dec-2025 15:21:39.957 WARNING [http-nio-8080-exec-84] org.apache.catalina.realm.LockOutRealm.filterLockedAccounts Se ha intentado autenticar al usuario bloqueado [admin]
01-Dec-2025 15:21:39.960 INFO [http-nio-8080-exec-87] org.apache.catalina.util.LifecycleBase.start The start() method was called on component [StandardEngine[Catalina].StandardHost[localhost].StandardContext[/TiendaWeb]] after start() had already been called. The second call will be ignored.
01-Dec-2025 15:22:46.414 WARNING [http-nio-8080-exec-87] org.apache.catalina.realm.LockOutRealm.filterLockedAccounts Se ha intentado autenticar al usuario bloqueado [admin]
01-Dec-2025 15:22:46.421 WARNING [http-nio-8080-exec-88] org.apache.catalina.realm.LockOutRealm.filterLockedAccounts Se ha intentado autenticar al usuario bloqueado [admin]
01-Dec-2025 15:22:46.432 WARNING [http-nio-8080-exec-81] org.apache.catalina.realm.LockOutRealm.filterLockedAccounts Se ha intentado autenticar al usuario bloqueado [admin]
01-Dec-2025 15:22:46.441 WARNING [http-nio-8080-exec-83] org.apache.catalina.loader.WebappClassLoaderBase.clearReferencesJdbc La aplicación web [TiendaWeb] registró el conductor JDBC [com.microsoft.sqlserver.jdbc.SQLServerDriver] pero falló al anular el registro mientras la aplicación web estaba parada. Para prevenir un fallo de memoria, se ha anulado el registro del conductor JDBC por la fuerza.
01-Dec-2025 15:22:46.953 INFO [http-nio-8080-exec-83] org.apache.catalina.startup.HostConfig.undeploy Repliegue (undeploy) de la aplicación web que tiene como trayectoria de contexto [/TiendaWeb]
01-Dec-2025 15:22:46.972 WARNING [http-nio-8080-exec-85] org.apache.catalina.realm.LockOutRealm.filterLockedAccounts Se ha intentado autenticar al usuario bloqueado [admin]
01-Dec-2025 15:22:46.982 INFO [http-nio-8080-exec-87] org.apache.catalina.startup.HostConfig.deployDescriptor Desplieque del descriptor de configuración [C:\Users\57304\Desktop\com.tienda.modelo.entidades\apache-tomcat-10.1.49\conf\Catalina\localhost\TiendaWeb.xml]
01-Dec-2025 15:22:46.982 WARNING [http-nio-8080-exec-87] org.apache.catalina.startup.HostConfig.deployDescriptor The path attribute with value [/TiendaWeb] in deployment descriptor [C:\Users\57304\Desktop\com.tienda.modelo.entidades\apache-tomcat-10.1.49\conf\Catalina\localhost\TiendaWeb.xml] has been ignored
01-Dec-2025 15:22:47.870 INFO [http-nio-8080-exec-87] org.apache.jasper.servlet.TldScanner.scanJars Al menos un JAR, que se ha explorado buscando TLDs, aún no contenía TLDs. Activar historial de depuración para este historiador para una completa lista de los JARs que fueron explorados y de los que nos se halló TLDs. Saltarse JARs no necesarios durante la exploración puede dar lugar a una mejora de tiempo significativa en el arranque y compilación de JSP .
01-Dec-2025 15:22:47.907 INFO [http-nio-8080-exec-87] org.apache.catalina.startup.HostConfig.deployDescriptor Deployment of deployment descriptor [C:\Users\57304\Desktop\com.tienda.modelo.entidades\apache-tomcat-10.1.49\conf\Catalina\localhost\TiendaWeb.xml] has finished in [925] ms
01-Dec-2025 15:22:47.910 WARNING [http-nio-8080-exec-84] org.apache.catalina.realm.LockOutRealm.filterLockedAccounts Se ha intentado autenticar al usuario bloqueado [admin]
01-Dec-2025 15:22:47.913 INFO [http-nio-8080-exec-81] org.apache.catalina.util.LifecycleBase.start The start() method was called on component [StandardEngine[Catalina].StandardHost[localhost].StandardContext[/TiendaWeb]] after start() had already been called. The second call will be ignored.
01-Dec-2025 15:23:53.176 WARNING [http-nio-8080-exec-94] org.apache.catalina.realm.LockOutRealm.filterLockedAccounts Se ha intentado autenticar al usuario bloqueado [admin]
01-Dec-2025 15:23:53.186 WARNING [http-nio-8080-exec-95] org.apache.catalina.realm.LockOutRealm.filterLockedAccounts Se ha intentado autenticar al usuario bloqueado [admin]
01-Dec-2025 15:23:53.200 WARNING [http-nio-8080-exec-89] org.apache.catalina.realm.LockOutRealm.filterLockedAccounts Se ha intentado autenticar al usuario bloqueado [admin]
01-Dec-2025 15:23:53.206 WARNING [http-nio-8080-exec-93] org.apache.catalina.loader.WebappClassLoaderBase.clearReferencesJdbc La aplicación web [TiendaWeb] registró el conductor JDBC [com.microsoft.sqlserver.jdbc.SQLServerDriver] pero falló al anular el registro mientras la aplicación web estaba parada. Para prevenir un fallo de memoria, se ha anulado el registro del conductor JDBC por la fuerza.
01-Dec-2025 15:23:53.713 INFO [http-nio-8080-exec-93] org.apache.catalina.startup.HostConfig.undeploy Repliegue (undeploy) de la aplicación web que tiene como trayectoria de contexto [/TiendaWeb]
01-Dec-2025 15:23:53.737 WARNING [http-nio-8080-exec-89] org.apache.catalina.realm.LockOutRealm.filterLockedAccounts Se ha intentado autenticar al usuario bloqueado [admin]
01-Dec-2025 15:23:53.744 INFO [http-nio-8080-exec-95] org.apache.catalina.startup.HostConfig.deployDescriptor Desplieque del descriptor de configuración [C:\Users\57304\Desktop\com.tienda.modelo.entidades\apache-tomcat-10.1.49\conf\Catalina\localhost\TiendaWeb.xml]
01-Dec-2025 15:23:53.746 WARNING [http-nio-8080-exec-95] org.apache.catalina.startup.HostConfig.deployDescriptor The path attribute with value [/TiendaWeb] in deployment descriptor [C:\Users\57304\Desktop\com.tienda.modelo.entidades\apache-tomcat-10.1.49\conf\Catalina\localhost\TiendaWeb.xml] has been ignored
01-Dec-2025 15:23:54.584 INFO [http-nio-8080-exec-95] org.apache.jasper.servlet.TldScanner.scanJars Al menos un JAR, que se ha explorado buscando TLDs, aún no contenía TLDs. Activar historial de depuración para este historiador para una completa lista de los JARs que fueron explorados y de los que nos se halló TLDs. Saltarse JARs no necesarios durante la exploración puede dar lugar a una mejora de tiempo significativa en el arranque y compilación de JSP .
01-Dec-2025 15:23:54.618 INFO [http-nio-8080-exec-95] org.apache.catalina.startup.HostConfig.deployDescriptor Deployment of deployment descriptor [C:\Users\57304\Desktop\com.tienda.modelo.entidades\apache-tomcat-10.1.49\conf\Catalina\localhost\TiendaWeb.xml] has finished in [874] ms
01-Dec-2025 15:23:54.622 WARNING [http-nio-8080-exec-96] org.apache.catalina.realm.LockOutRealm.filterLockedAccounts Se ha intentado autenticar al usuario bloqueado [admin]
01-Dec-2025 15:23:54.624 INFO [http-nio-8080-exec-91] org.apache.catalina.util.LifecycleBase.start The start() method was called on component [StandardEngine[Catalina].StandardHost[localhost].StandardContext[/TiendaWeb]] after start() had already been called. The second call will be ignored.
01-Dec-2025 15:25:15.976 WARNING [http-nio-8080-exec-105] org.apache.catalina.realm.LockOutRealm.filterLockedAccounts Se ha intentado autenticar al usuario bloqueado [admin]
01-Dec-2025 15:25:15.984 WARNING [http-nio-8080-exec-104] org.apache.catalina.realm.LockOutRealm.filterLockedAccounts Se ha intentado autenticar al usuario bloqueado [admin]
01-Dec-2025 15:25:15.992 WARNING [http-nio-8080-exec-97] org.apache.catalina.realm.LockOutRealm.filterLockedAccounts Se ha intentado autenticar al usuario bloqueado [admin]
01-Dec-2025 15:25:15.998 WARNING [http-nio-8080-exec-90] org.apache.catalina.loader.WebappClassLoaderBase.clearReferencesJdbc La aplicación web [TiendaWeb] registró el conductor JDBC [com.microsoft.sqlserver.jdbc.SQLServerDriver] pero falló al anular el registro mientras la aplicación web estaba parada. Para prevenir un fallo de memoria, se ha anulado el registro del conductor JDBC por la fuerza.
01-Dec-2025 15:25:16.505 INFO [http-nio-8080-exec-90] org.apache.catalina.startup.HostConfig.undeploy Repliegue (undeploy) de la aplicación web que tiene como trayectoria de contexto [/TiendaWeb]
01-Dec-2025 15:25:16.526 WARNING [http-nio-8080-exec-100] org.apache.catalina.realm.LockOutRealm.filterLockedAccounts Se ha intentado autenticar al usuario bloqueado [admin]
01-Dec-2025 15:25:16.531 INFO [http-nio-8080-exec-105] org.apache.catalina.startup.HostConfig.deployDescriptor Desplieque del descriptor de configuración [C:\Users\57304\Desktop\com.tienda.modelo.entidades\apache-tomcat-10.1.49\conf\Catalina\localhost\TiendaWeb.xml]
01-Dec-2025 15:25:16.534 WARNING [http-nio-8080-exec-105] org.apache.catalina.startup.HostConfig.deployDescriptor The path attribute with value [/TiendaWeb] in deployment descriptor [C:\Users\57304\Desktop\com.tienda.modelo.entidades\apache-tomcat-10.1.49\conf\Catalina\localhost\TiendaWeb.xml] has been ignored
01-Dec-2025 15:25:17.254 INFO [http-nio-8080-exec-105] org.apache.jasper.servlet.TldScanner.scanJars Al menos un JAR, que se ha explorado buscando TLDs, aún no contenía TLDs. Activar historial de depuración para este historiador para una completa lista de los JARs que fueron explorados y de los que nos se halló TLDs. Saltarse JARs no necesarios durante la exploración puede dar lugar a una mejora de tiempo significativa en el arranque y compilación de JSP .
01-Dec-2025 15:25:17.288 INFO [http-nio-8080-exec-105] org.apache.catalina.startup.HostConfig.deployDescriptor Deployment of deployment descriptor [C:\Users\57304\Desktop\com.tienda.modelo.entidades\apache-tomcat-10.1.49\conf\Catalina\localhost\TiendaWeb.xml] has finished in [757] ms
01-Dec-2025 15:25:17.292 WARNING [http-nio-8080-exec-103] org.apache.catalina.realm.LockOutRealm.filterLockedAccounts Se ha intentado autenticar al usuario bloqueado [admin]
01-Dec-2025 15:25:17.297 INFO [http-nio-8080-exec-102] org.apache.catalina.util.LifecycleBase.start The start() method was called on component [StandardEngine[Catalina].StandardHost[localhost].StandardContext[/TiendaWeb]] after start() had already been called. The second call will be ignored.
01-Dec-2025 15:29:59.148 WARNING [http-nio-8080-exec-107] org.apache.catalina.realm.LockOutRealm.filterLockedAccounts Se ha intentado autenticar al usuario bloqueado [admin]
01-Dec-2025 15:29:59.158 WARNING [http-nio-8080-exec-108] org.apache.catalina.realm.LockOutRealm.filterLockedAccounts Se ha intentado autenticar al usuario bloqueado [admin]
01-Dec-2025 15:29:59.169 WARNING [http-nio-8080-exec-115] org.apache.catalina.realm.LockOutRealm.filterLockedAccounts Se ha intentado autenticar al usuario bloqueado [admin]
01-Dec-2025 15:29:59.176 WARNING [http-nio-8080-exec-110] org.apache.catalina.loader.WebappClassLoaderBase.clearReferencesJdbc La aplicación web [TiendaWeb] registró el conductor JDBC [com.microsoft.sqlserver.jdbc.SQLServerDriver] pero falló al anular el registro mientras la aplicación web estaba parada. Para prevenir un fallo de memoria, se ha anulado el registro del conductor JDBC por la fuerza.
01-Dec-2025 15:29:59.682 INFO [http-nio-8080-exec-110] org.apache.catalina.startup.HostConfig.undeploy Repliegue (undeploy) de la aplicación web que tiene como trayectoria de contexto [/TiendaWeb]
01-Dec-2025 15:29:59.710 WARNING [http-nio-8080-exec-106] org.apache.catalina.realm.LockOutRealm.filterLockedAccounts Se ha intentado autenticar al usuario bloqueado [admin]
01-Dec-2025 15:29:59.718 INFO [http-nio-8080-exec-115] org.apache.catalina.startup.HostConfig.deployDescriptor Desplieque del descriptor de configuración [C:\Users\57304\Desktop\com.tienda.modelo.entidades\apache-tomcat-10.1.49\conf\Catalina\localhost\TiendaWeb.xml]
01-Dec-2025 15:29:59.720 WARNING [http-nio-8080-exec-115] org.apache.catalina.startup.HostConfig.deployDescriptor The path attribute with value [/TiendaWeb] in deployment descriptor [C:\Users\57304\Desktop\com.tienda.modelo.entidades\apache-tomcat-10.1.49\conf\Catalina\localhost\TiendaWeb.xml] has been ignored
01-Dec-2025 15:30:00.620 INFO [http-nio-8080-exec-115] org.apache.jasper.servlet.TldScanner.scanJars Al menos un JAR, que se ha explorado buscando TLDs, aún no contenía TLDs. Activar historial de depuración para este historiador para una completa lista de los JARs que fueron explorados y de los que nos se halló TLDs. Saltarse JARs no necesarios durante la exploración puede dar lugar a una mejora de tiempo significativa en el arranque y compilación de JSP .
01-Dec-2025 15:30:00.658 INFO [http-nio-8080-exec-115] org.apache.catalina.startup.HostConfig.deployDescriptor Deployment of deployment descriptor [C:\Users\57304\Desktop\com.tienda.modelo.entidades\apache-tomcat-10.1.49\conf\Catalina\localhost\TiendaWeb.xml] has finished in [940] ms
01-Dec-2025 15:30:00.660 WARNING [http-nio-8080-exec-114] org.apache.catalina.realm.LockOutRealm.filterLockedAccounts Se ha intentado autenticar al usuario bloqueado [admin]
01-Dec-2025 15:30:00.663 INFO [http-nio-8080-exec-109] org.apache.catalina.util.LifecycleBase.start The start() method was called on component [StandardEngine[Catalina].StandardHost[localhost].StandardContext[/TiendaWeb]] after start() had already been called. The second call will be ignored.
01-Dec-2025 15:31:35.685 WARNING [http-nio-8080-exec-122] org.apache.catalina.realm.LockOutRealm.filterLockedAccounts Se ha intentado autenticar al usuario bloqueado [admin]
01-Dec-2025 15:31:35.692 WARNING [http-nio-8080-exec-125] org.apache.catalina.realm.LockOutRealm.filterLockedAccounts Se ha intentado autenticar al usuario bloqueado [admin]
01-Dec-2025 15:31:35.699 WARNING [http-nio-8080-exec-120] org.apache.catalina.realm.LockOutRealm.filterLockedAccounts Se ha intentado autenticar al usuario bloqueado [admin]
01-Dec-2025 15:31:35.704 WARNING [http-nio-8080-exec-124] org.apache.catalina.loader.WebappClassLoaderBase.clearReferencesJdbc La aplicación web [TiendaWeb] registró el conductor JDBC [com.microsoft.sqlserver.jdbc.SQLServerDriver] pero falló al anular el registro mientras la aplicación web estaba parada. Para prevenir un fallo de memoria, se ha anulado el registro del conductor JDBC por la fuerza.
01-Dec-2025 15:31:36.215 INFO [http-nio-8080-exec-124] org.apache.catalina.startup.HostConfig.undeploy Repliegue (undeploy) de la aplicación web que tiene como trayectoria de contexto [/TiendaWeb]
01-Dec-2025 15:31:36.241 WARNING [http-nio-8080-exec-117] org.apache.catalina.realm.LockOutRealm.filterLockedAccounts Se ha intentado autenticar al usuario bloqueado [admin]
01-Dec-2025 15:31:36.248 INFO [http-nio-8080-exec-122] org.apache.catalina.startup.HostConfig.deployDescriptor Desplieque del descriptor de configuración [C:\Users\57304\Desktop\com.tienda.modelo.entidades\apache-tomcat-10.1.49\conf\Catalina\localhost\TiendaWeb.xml]
01-Dec-2025 15:31:36.251 WARNING [http-nio-8080-exec-122] org.apache.catalina.startup.HostConfig.deployDescriptor The path attribute with value [/TiendaWeb] in deployment descriptor [C:\Users\57304\Desktop\com.tienda.modelo.entidades\apache-tomcat-10.1.49\conf\Catalina\localhost\TiendaWeb.xml] has been ignored
01-Dec-2025 15:31:37.137 INFO [http-nio-8080-exec-122] org.apache.jasper.servlet.TldScanner.scanJars Al menos un JAR, que se ha explorado buscando TLDs, aún no contenía TLDs. Activar historial de depuración para este historiador para una completa lista de los JARs que fueron explorados y de los que nos se halló TLDs. Saltarse JARs no necesarios durante la exploración puede dar lugar a una mejora de tiempo significativa en el arranque y compilación de JSP .
01-Dec-2025 15:31:37.168 INFO [http-nio-8080-exec-122] org.apache.catalina.startup.HostConfig.deployDescriptor Deployment of deployment descriptor [C:\Users\57304\Desktop\com.tienda.modelo.entidades\apache-tomcat-10.1.49\conf\Catalina\localhost\TiendaWeb.xml] has finished in [920] ms
01-Dec-2025 15:31:37.175 WARNING [http-nio-8080-exec-125] org.apache.catalina.realm.LockOutRealm.filterLockedAccounts Se ha intentado autenticar al usuario bloqueado [admin]
01-Dec-2025 15:31:37.177 INFO [http-nio-8080-exec-123] org.apache.catalina.util.LifecycleBase.start The start() method was called on component [StandardEngine[Catalina].StandardHost[localhost].StandardContext[/TiendaWeb]] after start() had already been called. The second call will be ignored.
01-Dec-2025 15:33:03.496 WARNING [http-nio-8080-exec-126] org.apache.catalina.realm.LockOutRealm.filterLockedAccounts Se ha intentado autenticar al usuario bloqueado [admin]
01-Dec-2025 15:33:03.506 WARNING [http-nio-8080-exec-134] org.apache.catalina.realm.LockOutRealm.filterLockedAccounts Se ha intentado autenticar al usuario bloqueado [admin]
01-Dec-2025 15:33:03.528 WARNING [http-nio-8080-exec-131] org.apache.catalina.realm.LockOutRealm.filterLockedAccounts Se ha intentado autenticar al usuario bloqueado [admin]
01-Dec-2025 15:33:03.540 WARNING [http-nio-8080-exec-133] org.apache.catalina.loader.WebappClassLoaderBase.clearReferencesJdbc La aplicación web [TiendaWeb] registró el conductor JDBC [com.microsoft.sqlserver.jdbc.SQLServerDriver] pero falló al anular el registro mientras la aplicación web estaba parada. Para prevenir un fallo de memoria, se ha anulado el registro del conductor JDBC por la fuerza.
01-Dec-2025 15:33:04.045 INFO [http-nio-8080-exec-133] org.apache.catalina.startup.HostConfig.undeploy Repliegue (undeploy) de la aplicación web que tiene como trayectoria de contexto [/TiendaWeb]
01-Dec-2025 15:33:04.105 WARNING [http-nio-8080-exec-128] org.apache.catalina.realm.LockOutRealm.filterLockedAccounts Se ha intentado autenticar al usuario bloqueado [admin]
01-Dec-2025 15:33:04.116 INFO [http-nio-8080-exec-129] org.apache.catalina.startup.HostConfig.deployDescriptor Desplieque del descriptor de configuración [C:\Users\57304\Desktop\com.tienda.modelo.entidades\apache-tomcat-10.1.49\conf\Catalina\localhost\TiendaWeb.xml]
01-Dec-2025 15:33:04.118 WARNING [http-nio-8080-exec-129] org.apache.catalina.startup.HostConfig.deployDescriptor The path attribute with value [/TiendaWeb] in deployment descriptor [C:\Users\57304\Desktop\com.tienda.modelo.entidades\apache-tomcat-10.1.49\conf\Catalina\localhost\TiendaWeb.xml] has been ignored
01-Dec-2025 15:33:06.180 INFO [http-nio-8080-exec-129] org.apache.jasper.servlet.TldScanner.scanJars Al menos un JAR, que se ha explorado buscando TLDs, aún no contenía TLDs. Activar historial de depuración para este historiador para una completa lista de los JARs que fueron explorados y de los que nos se halló TLDs. Saltarse JARs no necesarios durante la exploración puede dar lugar a una mejora de tiempo significativa en el arranque y compilación de JSP .
01-Dec-2025 15:33:06.270 INFO [http-nio-8080-exec-129] org.apache.catalina.startup.HostConfig.deployDescriptor Deployment of deployment descriptor [C:\Users\57304\Desktop\com.tienda.modelo.entidades\apache-tomcat-10.1.49\conf\Catalina\localhost\TiendaWeb.xml] has finished in [2.155] ms
01-Dec-2025 15:33:06.274 WARNING [http-nio-8080-exec-127] org.apache.catalina.realm.LockOutRealm.filterLockedAccounts Se ha intentado autenticar al usuario bloqueado [admin]
01-Dec-2025 15:33:06.280 INFO [http-nio-8080-exec-131] org.apache.catalina.util.LifecycleBase.start The start() method was called on component [StandardEngine[Catalina].StandardHost[localhost].StandardContext[/TiendaWeb]] after start() had already been called. The second call will be ignored.
01-Dec-2025 15:34:33.545 WARNING [http-nio-8080-exec-137] org.apache.catalina.realm.LockOutRealm.filterLockedAccounts Se ha intentado autenticar al usuario bloqueado [admin]
01-Dec-2025 15:34:33.553 WARNING [http-nio-8080-exec-143] org.apache.catalina.realm.LockOutRealm.filterLockedAccounts Se ha intentado autenticar al usuario bloqueado [admin]
01-Dec-2025 15:34:33.565 WARNING [http-nio-8080-exec-140] org.apache.catalina.realm.LockOutRealm.filterLockedAccounts Se ha intentado autenticar al usuario bloqueado [admin]
01-Dec-2025 15:34:33.573 WARNING [http-nio-8080-exec-136] org.apache.catalina.loader.WebappClassLoaderBase.clearReferencesJdbc La aplicación web [TiendaWeb] registró el conductor JDBC [com.microsoft.sqlserver.jdbc.SQLServerDriver] pero falló al anular el registro mientras la aplicación web estaba parada. Para prevenir un fallo de memoria, se ha anulado el registro del conductor JDBC por la fuerza.
01-Dec-2025 15:34:34.086 INFO [http-nio-8080-exec-136] org.apache.catalina.startup.HostConfig.undeploy Repliegue (undeploy) de la aplicación web que tiene como trayectoria de contexto [/TiendaWeb]
01-Dec-2025 15:34:34.101 WARNING [http-nio-8080-exec-141] org.apache.catalina.realm.LockOutRealm.filterLockedAccounts Se ha intentado autenticar al usuario bloqueado [admin]
01-Dec-2025 15:34:34.109 INFO [http-nio-8080-exec-137] org.apache.catalina.startup.HostConfig.deployDescriptor Desplieque del descriptor de configuración [C:\Users\57304\Desktop\com.tienda.modelo.entidades\apache-tomcat-10.1.49\conf\Catalina\localhost\TiendaWeb.xml]
01-Dec-2025 15:34:34.109 WARNING [http-nio-8080-exec-137] org.apache.catalina.startup.HostConfig.deployDescriptor The path attribute with value [/TiendaWeb] in deployment descriptor [C:\Users\57304\Desktop\com.tienda.modelo.entidades\apache-tomcat-10.1.49\conf\Catalina\localhost\TiendaWeb.xml] has been ignored
01-Dec-2025 15:34:34.955 INFO [http-nio-8080-exec-137] org.apache.jasper.servlet.TldScanner.scanJars Al menos un JAR, que se ha explorado buscando TLDs, aún no contenía TLDs. Activar historial de depuración para este historiador para una completa lista de los JARs que fueron explorados y de los que nos se halló TLDs. Saltarse JARs no necesarios durante la exploración puede dar lugar a una mejora de tiempo significativa en el arranque y compilación de JSP .
01-Dec-2025 15:34:34.993 INFO [http-nio-8080-exec-137] org.apache.catalina.startup.HostConfig.deployDescriptor Deployment of deployment descriptor [C:\Users\57304\Desktop\com.tienda.modelo.entidades\apache-tomcat-10.1.49\conf\Catalina\localhost\TiendaWeb.xml] has finished in [884] ms
01-Dec-2025 15:34:34.996 WARNING [http-nio-8080-exec-139] org.apache.catalina.realm.LockOutRealm.filterLockedAccounts Se ha intentado autenticar al usuario bloqueado [admin]
01-Dec-2025 15:34:34.999 INFO [http-nio-8080-exec-142] org.apache.catalina.util.LifecycleBase.start The start() method was called on component [StandardEngine[Catalina].StandardHost[localhost].StandardContext[/TiendaWeb]] after start() had already been called. The second call will be ignored.
01-Dec-2025 15:36:31.738 WARNING [http-nio-8080-exec-152] org.apache.catalina.realm.LockOutRealm.filterLockedAccounts Se ha intentado autenticar al usuario bloqueado [admin]
01-Dec-2025 15:36:31.750 WARNING [http-nio-8080-exec-146] org.apache.catalina.realm.LockOutRealm.filterLockedAccounts Se ha intentado autenticar al usuario bloqueado [admin]
01-Dec-2025 15:36:31.763 WARNING [http-nio-8080-exec-149] org.apache.catalina.realm.LockOutRealm.filterLockedAccounts Se ha intentado autenticar al usuario bloqueado [admin]
01-Dec-2025 15:36:31.771 WARNING [http-nio-8080-exec-151] org.apache.catalina.loader.WebappClassLoaderBase.clearReferencesJdbc La aplicación web [TiendaWeb] registró el conductor JDBC [com.microsoft.sqlserver.jdbc.SQLServerDriver] pero falló al anular el registro mientras la aplicación web estaba parada. Para prevenir un fallo de memoria, se ha anulado el registro del conductor JDBC por la fuerza.
01-Dec-2025 15:36:32.290 INFO [http-nio-8080-exec-151] org.apache.catalina.startup.HostConfig.undeploy Repliegue (undeploy) de la aplicación web que tiene como trayectoria de contexto [/TiendaWeb]
01-Dec-2025 15:36:32.340 WARNING [http-nio-8080-exec-140] org.apache.catalina.realm.LockOutRealm.filterLockedAccounts Se ha intentado autenticar al usuario bloqueado [admin]
01-Dec-2025 15:36:32.351 INFO [http-nio-8080-exec-145] org.apache.catalina.startup.HostConfig.deployDescriptor Desplieque del descriptor de configuración [C:\Users\57304\Desktop\com.tienda.modelo.entidades\apache-tomcat-10.1.49\conf\Catalina\localhost\TiendaWeb.xml]
01-Dec-2025 15:36:32.353 WARNING [http-nio-8080-exec-145] org.apache.catalina.startup.HostConfig.deployDescriptor The path attribute with value [/TiendaWeb] in deployment descriptor [C:\Users\57304\Desktop\com.tienda.modelo.entidades\apache-tomcat-10.1.49\conf\Catalina\localhost\TiendaWeb.xml] has been ignored
01-Dec-2025 15:36:33.918 INFO [http-nio-8080-exec-145] org.apache.jasper.servlet.TldScanner.scanJars Al menos un JAR, que se ha explorado buscando TLDs, aún no contenía TLDs. Activar historial de depuración para este historiador para una completa lista de los JARs que fueron explorados y de los que nos se halló TLDs. Saltarse JARs no necesarios durante la exploración puede dar lugar a una mejora de tiempo significativa en el arranque y compilación de JSP .
01-Dec-2025 15:36:33.999 INFO [http-nio-8080-exec-145] org.apache.catalina.startup.HostConfig.deployDescriptor Deployment of deployment descriptor [C:\Users\57304\Desktop\com.tienda.modelo.entidades\apache-tomcat-10.1.49\conf\Catalina\localhost\TiendaWeb.xml] has finished in [1.643] ms
01-Dec-2025 15:36:34.004 WARNING [http-nio-8080-exec-147] org.apache.catalina.realm.LockOutRealm.filterLockedAccounts Se ha intentado autenticar al usuario bloqueado [admin]
01-Dec-2025 15:36:34.008 INFO [http-nio-8080-exec-153] org.apache.catalina.util.LifecycleBase.start The start() method was called on component [StandardEngine[Catalina].StandardHost[localhost].StandardContext[/TiendaWeb]] after start() had already been called. The second call will be ignored.
01-Dec-2025 15:37:21.344 WARNING [http-nio-8080-exec-154] org.apache.catalina.realm.LockOutRealm.filterLockedAccounts Se ha intentado autenticar al usuario bloqueado [admin]
01-Dec-2025 15:37:21.350 WARNING [http-nio-8080-exec-149] org.apache.catalina.realm.LockOutRealm.filterLockedAccounts Se ha intentado autenticar al usuario bloqueado [admin]
01-Dec-2025 15:37:21.366 WARNING [http-nio-8080-exec-156] org.apache.catalina.realm.LockOutRealm.filterLockedAccounts Se ha intentado autenticar al usuario bloqueado [admin]
01-Dec-2025 15:37:21.371 WARNING [http-nio-8080-exec-161] org.apache.catalina.loader.WebappClassLoaderBase.clearReferencesJdbc La aplicación web [TiendaWeb] registró el conductor JDBC [com.microsoft.sqlserver.jdbc.SQLServerDriver] pero falló al anular el registro mientras la aplicación web estaba parada. Para prevenir un fallo de memoria, se ha anulado el registro del conductor JDBC por la fuerza.
01-Dec-2025 15:37:21.880 INFO [http-nio-8080-exec-161] org.apache.catalina.startup.HostConfig.undeploy Repliegue (undeploy) de la aplicación web que tiene como trayectoria de contexto [/TiendaWeb]
01-Dec-2025 15:37:21.899 WARNING [http-nio-8080-exec-154] org.apache.catalina.realm.LockOutRealm.filterLockedAccounts Se ha intentado autenticar al usuario bloqueado [admin]
01-Dec-2025 15:37:21.909 INFO [http-nio-8080-exec-160] org.apache.catalina.startup.HostConfig.deployDescriptor Desplieque del descriptor de configuración [C:\Users\57304\Desktop\com.tienda.modelo.entidades\apache-tomcat-10.1.49\conf\Catalina\localhost\TiendaWeb.xml]
01-Dec-2025 15:37:21.909 WARNING [http-nio-8080-exec-160] org.apache.catalina.startup.HostConfig.deployDescriptor The path attribute with value [/TiendaWeb] in deployment descriptor [C:\Users\57304\Desktop\com.tienda.modelo.entidades\apache-tomcat-10.1.49\conf\Catalina\localhost\TiendaWeb.xml] has been ignored
01-Dec-2025 15:37:22.725 INFO [http-nio-8080-exec-160] org.apache.jasper.servlet.TldScanner.scanJars Al menos un JAR, que se ha explorado buscando TLDs, aún no contenía TLDs. Activar historial de depuración para este historiador para una completa lista de los JARs que fueron explorados y de los que nos se halló TLDs. Saltarse JARs no necesarios durante la exploración puede dar lugar a una mejora de tiempo significativa en el arranque y compilación de JSP .
01-Dec-2025 15:37:22.765 INFO [http-nio-8080-exec-160] org.apache.catalina.startup.HostConfig.deployDescriptor Deployment of deployment descriptor [C:\Users\57304\Desktop\com.tienda.modelo.entidades\apache-tomcat-10.1.49\conf\Catalina\localhost\TiendaWeb.xml] has finished in [855] ms
01-Dec-2025 15:37:22.769 WARNING [http-nio-8080-exec-156] org.apache.catalina.realm.LockOutRealm.filterLockedAccounts Se ha intentado autenticar al usuario bloqueado [admin]
01-Dec-2025 15:37:22.772 INFO [http-nio-8080-exec-150] org.apache.catalina.util.LifecycleBase.start The start() method was called on component [StandardEngine[Catalina].StandardHost[localhost].StandardContext[/TiendaWeb]] after start() had already been called. The second call will be ignored.
01-Dec-2025 15:37:58.052 WARNING [http-nio-8080-exec-165] org.apache.catalina.realm.LockOutRealm.filterLockedAccounts Se ha intentado autenticar al usuario bloqueado [admin]
01-Dec-2025 15:37:58.059 WARNING [http-nio-8080-exec-166] org.apache.catalina.realm.LockOutRealm.filterLockedAccounts Se ha intentado autenticar al usuario bloqueado [admin]
01-Dec-2025 15:37:58.067 WARNING [http-nio-8080-exec-149] org.apache.catalina.realm.LockOutRealm.filterLockedAccounts Se ha intentado autenticar al usuario bloqueado [admin]
01-Dec-2025 15:37:58.072 WARNING [http-nio-8080-exec-163] org.apache.catalina.loader.WebappClassLoaderBase.clearReferencesJdbc La aplicación web [TiendaWeb] registró el conductor JDBC [com.microsoft.sqlserver.jdbc.SQLServerDriver] pero falló al anular el registro mientras la aplicación web estaba parada. Para prevenir un fallo de memoria, se ha anulado el registro del conductor JDBC por la fuerza.
01-Dec-2025 15:37:58.590 INFO [http-nio-8080-exec-163] org.apache.catalina.startup.HostConfig.undeploy Repliegue (undeploy) de la aplicación web que tiene como trayectoria de contexto [/TiendaWeb]
01-Dec-2025 15:37:58.613 WARNING [http-nio-8080-exec-156] org.apache.catalina.realm.LockOutRealm.filterLockedAccounts Se ha intentado autenticar al usuario bloqueado [admin]
01-Dec-2025 15:37:58.617 INFO [http-nio-8080-exec-165] org.apache.catalina.startup.HostConfig.deployDescriptor Desplieque del descriptor de configuración [C:\Users\57304\Desktop\com.tienda.modelo.entidades\apache-tomcat-10.1.49\conf\Catalina\localhost\TiendaWeb.xml]
01-Dec-2025 15:37:58.618 WARNING [http-nio-8080-exec-165] org.apache.catalina.startup.HostConfig.deployDescriptor The path attribute with value [/TiendaWeb] in deployment descriptor [C:\Users\57304\Desktop\com.tienda.modelo.entidades\apache-tomcat-10.1.49\conf\Catalina\localhost\TiendaWeb.xml] has been ignored
01-Dec-2025 15:37:59.603 INFO [http-nio-8080-exec-165] org.apache.jasper.servlet.TldScanner.scanJars Al menos un JAR, que se ha explorado buscando TLDs, aún no contenía TLDs. Activar historial de depuración para este historiador para una completa lista de los JARs que fueron explorados y de los que nos se halló TLDs. Saltarse JARs no necesarios durante la exploración puede dar lugar a una mejora de tiempo significativa en el arranque y compilación de JSP .
01-Dec-2025 15:37:59.640 INFO [http-nio-8080-exec-165] org.apache.catalina.startup.HostConfig.deployDescriptor Deployment of deployment descriptor [C:\Users\57304\Desktop\com.tienda.modelo.entidades\apache-tomcat-10.1.49\conf\Catalina\localhost\TiendaWeb.xml] has finished in [1.023] ms
01-Dec-2025 15:37:59.644 WARNING [http-nio-8080-exec-161] org.apache.catalina.realm.LockOutRealm.filterLockedAccounts Se ha intentado autenticar al usuario bloqueado [admin]
01-Dec-2025 15:37:59.646 INFO [http-nio-8080-exec-162] org.apache.catalina.util.LifecycleBase.start The start() method was called on component [StandardEngine[Catalina].StandardHost[localhost].StandardContext[/TiendaWeb]] after start() had already been called. The second call will be ignored.
01-Dec-2025 15:39:08.745 WARNING [http-nio-8080-exec-174] org.apache.catalina.realm.LockOutRealm.filterLockedAccounts Se ha intentado autenticar al usuario bloqueado [admin]
01-Dec-2025 15:39:08.752 WARNING [http-nio-8080-exec-177] org.apache.catalina.realm.LockOutRealm.filterLockedAccounts Se ha intentado autenticar al usuario bloqueado [admin]
01-Dec-2025 15:39:08.762 WARNING [http-nio-8080-exec-169] org.apache.catalina.realm.LockOutRealm.filterLockedAccounts Se ha intentado autenticar al usuario bloqueado [admin]
01-Dec-2025 15:39:08.769 WARNING [http-nio-8080-exec-173] org.apache.catalina.loader.WebappClassLoaderBase.clearReferencesJdbc La aplicación web [TiendaWeb] registró el conductor JDBC [com.microsoft.sqlserver.jdbc.SQLServerDriver] pero falló al anular el registro mientras la aplicación web estaba parada. Para prevenir un fallo de memoria, se ha anulado el registro del conductor JDBC por la fuerza.
01-Dec-2025 15:39:09.284 INFO [http-nio-8080-exec-173] org.apache.catalina.startup.HostConfig.undeploy Repliegue (undeploy) de la aplicación web que tiene como trayectoria de contexto [/TiendaWeb]
01-Dec-2025 15:39:09.315 WARNING [http-nio-8080-exec-177] org.apache.catalina.realm.LockOutRealm.filterLockedAccounts Se ha intentado autenticar al usuario bloqueado [admin]
01-Dec-2025 15:39:09.319 INFO [http-nio-8080-exec-176] org.apache.catalina.startup.HostConfig.deployDescriptor Desplieque del descriptor de configuración [C:\Users\57304\Desktop\com.tienda.modelo.entidades\apache-tomcat-10.1.49\conf\Catalina\localhost\TiendaWeb.xml]
01-Dec-2025 15:39:09.319 WARNING [http-nio-8080-exec-176] org.apache.catalina.startup.HostConfig.deployDescriptor The path attribute with value [/TiendaWeb] in deployment descriptor [C:\Users\57304\Desktop\com.tienda.modelo.entidades\apache-tomcat-10.1.49\conf\Catalina\localhost\TiendaWeb.xml] has been ignored
01-Dec-2025 15:39:10.260 INFO [http-nio-8080-exec-176] org.apache.jasper.servlet.TldScanner.scanJars Al menos un JAR, que se ha explorado buscando TLDs, aún no contenía TLDs. Activar historial de depuración para este historiador para una completa lista de los JARs que fueron explorados y de los que nos se halló TLDs. Saltarse JARs no necesarios durante la exploración puede dar lugar a una mejora de tiempo significativa en el arranque y compilación de JSP .
01-Dec-2025 15:39:10.291 INFO [http-nio-8080-exec-176] org.apache.catalina.startup.HostConfig.deployDescriptor Deployment of deployment descriptor [C:\Users\57304\Desktop\com.tienda.modelo.entidades\apache-tomcat-10.1.49\conf\Catalina\localhost\TiendaWeb.xml] has finished in [972] ms
01-Dec-2025 15:39:10.294 WARNING [http-nio-8080-exec-169] org.apache.catalina.realm.LockOutRealm.filterLockedAccounts Se ha intentado autenticar al usuario bloqueado [admin]
01-Dec-2025 15:39:10.296 INFO [http-nio-8080-exec-171] org.apache.catalina.util.LifecycleBase.start The start() method was called on component [StandardEngine[Catalina].StandardHost[localhost].StandardContext[/TiendaWeb]] after start() had already been called. The second call will be ignored.
01-Dec-2025 15:40:38.579 WARNING [http-nio-8080-exec-185] org.apache.catalina.realm.LockOutRealm.filterLockedAccounts Se ha intentado autenticar al usuario bloqueado [admin]
01-Dec-2025 15:40:38.596 WARNING [http-nio-8080-exec-188] org.apache.catalina.realm.LockOutRealm.filterLockedAccounts Se ha intentado autenticar al usuario bloqueado [admin]
01-Dec-2025 15:40:38.610 WARNING [http-nio-8080-exec-183] org.apache.catalina.realm.LockOutRealm.filterLockedAccounts Se ha intentado autenticar al usuario bloqueado [admin]
01-Dec-2025 15:40:38.612 WARNING [http-nio-8080-exec-184] org.apache.catalina.loader.WebappClassLoaderBase.clearReferencesJdbc La aplicación web [TiendaWeb] registró el conductor JDBC [com.microsoft.sqlserver.jdbc.SQLServerDriver] pero falló al anular el registro mientras la aplicación web estaba parada. Para prevenir un fallo de memoria, se ha anulado el registro del conductor JDBC por la fuerza.
01-Dec-2025 15:40:39.118 INFO [http-nio-8080-exec-184] org.apache.catalina.startup.HostConfig.undeploy Repliegue (undeploy) de la aplicación web que tiene como trayectoria de contexto [/TiendaWeb]
01-Dec-2025 15:40:39.158 WARNING [http-nio-8080-exec-188] org.apache.catalina.realm.LockOutRealm.filterLockedAccounts Se ha intentado autenticar al usuario bloqueado [admin]
01-Dec-2025 15:40:39.162 INFO [http-nio-8080-exec-181] org.apache.catalina.startup.HostConfig.deployDescriptor Desplieque del descriptor de configuración [C:\Users\57304\Desktop\com.tienda.modelo.entidades\apache-tomcat-10.1.49\conf\Catalina\localhost\TiendaWeb.xml]
01-Dec-2025 15:40:39.164 WARNING [http-nio-8080-exec-181] org.apache.catalina.startup.HostConfig.deployDescriptor The path attribute with value [/TiendaWeb] in deployment descriptor [C:\Users\57304\Desktop\com.tienda.modelo.entidades\apache-tomcat-10.1.49\conf\Catalina\localhost\TiendaWeb.xml] has been ignored
01-Dec-2025 15:40:40.011 INFO [http-nio-8080-exec-181] org.apache.jasper.servlet.TldScanner.scanJars Al menos un JAR, que se ha explorado buscando TLDs, aún no contenía TLDs. Activar historial de depuración para este historiador para una completa lista de los JARs que fueron explorados y de los que nos se halló TLDs. Saltarse JARs no necesarios durante la exploración puede dar lugar a una mejora de tiempo significativa en el arranque y compilación de JSP .
01-Dec-2025 15:40:40.054 INFO [http-nio-8080-exec-181] org.apache.catalina.startup.HostConfig.deployDescriptor Deployment of deployment descriptor [C:\Users\57304\Desktop\com.tienda.modelo.entidades\apache-tomcat-10.1.49\conf\Catalina\localhost\TiendaWeb.xml] has finished in [892] ms
01-Dec-2025 15:40:40.058 WARNING [http-nio-8080-exec-183] org.apache.catalina.realm.LockOutRealm.filterLockedAccounts Se ha intentado autenticar al usuario bloqueado [admin]
01-Dec-2025 15:40:40.062 INFO [http-nio-8080-exec-185] org.apache.catalina.util.LifecycleBase.start The start() method was called on component [StandardEngine[Catalina].StandardHost[localhost].StandardContext[/TiendaWeb]] after start() had already been called. The second call will be ignored.
01-Dec-2025 15:42:18.837 WARNING [http-nio-8080-exec-195] org.apache.catalina.realm.LockOutRealm.filterLockedAccounts Se ha intentado autenticar al usuario bloqueado [admin]
01-Dec-2025 15:42:18.839 WARNING [http-nio-8080-exec-197] org.apache.catalina.realm.LockOutRealm.filterLockedAccounts Se ha intentado autenticar al usuario bloqueado [admin]
01-Dec-2025 15:42:18.849 WARNING [http-nio-8080-exec-189] org.apache.catalina.realm.LockOutRealm.filterLockedAccounts Se ha intentado autenticar al usuario bloqueado [admin]
01-Dec-2025 15:42:18.849 WARNING [http-nio-8080-exec-194] org.apache.catalina.loader.WebappClassLoaderBase.clearReferencesJdbc La aplicación web [TiendaWeb] registró el conductor JDBC [com.microsoft.sqlserver.jdbc.SQLServerDriver] pero falló al anular el registro mientras la aplicación web estaba parada. Para prevenir un fallo de memoria, se ha anulado el registro del conductor JDBC por la fuerza.
01-Dec-2025 15:42:19.365 INFO [http-nio-8080-exec-194] org.apache.catalina.startup.HostConfig.undeploy Repliegue (undeploy) de la aplicación web que tiene como trayectoria de contexto [/TiendaWeb]
01-Dec-2025 15:42:19.386 WARNING [http-nio-8080-exec-189] org.apache.catalina.realm.LockOutRealm.filterLockedAccounts Se ha intentado autenticar al usuario bloqueado [admin]
01-Dec-2025 15:42:19.392 INFO [http-nio-8080-exec-197] org.apache.catalina.startup.HostConfig.deployDescriptor Desplieque del descriptor de configuración [C:\Users\57304\Desktop\com.tienda.modelo.entidades\apache-tomcat-10.1.49\conf\Catalina\localhost\TiendaWeb.xml]
01-Dec-2025 15:42:19.394 WARNING [http-nio-8080-exec-197] org.apache.catalina.startup.HostConfig.deployDescriptor The path attribute with value [/TiendaWeb] in deployment descriptor [C:\Users\57304\Desktop\com.tienda.modelo.entidades\apache-tomcat-10.1.49\conf\Catalina\localhost\TiendaWeb.xml] has been ignored
01-Dec-2025 15:42:20.176 INFO [http-nio-8080-exec-197] org.apache.jasper.servlet.TldScanner.scanJars Al menos un JAR, que se ha explorado buscando TLDs, aún no contenía TLDs. Activar historial de depuración para este historiador para una completa lista de los JARs que fueron explorados y de los que nos se halló TLDs. Saltarse JARs no necesarios durante la exploración puede dar lugar a una mejora de tiempo significativa en el arranque y compilación de JSP .
01-Dec-2025 15:42:20.210 INFO [http-nio-8080-exec-197] org.apache.catalina.startup.HostConfig.deployDescriptor Deployment of deployment descriptor [C:\Users\57304\Desktop\com.tienda.modelo.entidades\apache-tomcat-10.1.49\conf\Catalina\localhost\TiendaWeb.xml] has finished in [818] ms
01-Dec-2025 15:42:20.214 WARNING [http-nio-8080-exec-190] org.apache.catalina.realm.LockOutRealm.filterLockedAccounts Se ha intentado autenticar al usuario bloqueado [admin]
01-Dec-2025 15:42:20.217 INFO [http-nio-8080-exec-196] org.apache.catalina.util.LifecycleBase.start The start() method was called on component [StandardEngine[Catalina].StandardHost[localhost].StandardContext[/TiendaWeb]] after start() had already been called. The second call will be ignored.
01-Dec-2025 15:43:42.371 INFO [main] org.apache.catalina.core.StandardServer.await Se ha recibido un comando de apagado a través del puerto de apagado. Parando la instancia del Servidor.
01-Dec-2025 15:43:42.372 INFO [main] org.apache.coyote.AbstractProtocol.pause Pausing ProtocolHandler ["http-nio-8080"]
01-Dec-2025 15:43:42.390 INFO [main] org.apache.catalina.core.StandardService.stopInternal Parando servicio [Catalina]
01-Dec-2025 15:43:42.423 WARNING [main] org.apache.catalina.loader.WebappClassLoaderBase.clearReferencesJdbc La aplicación web [TiendaWeb] registró el conductor JDBC [com.microsoft.sqlserver.jdbc.SQLServerDriver] pero falló al anular el registro mientras la aplicación web estaba parada. Para prevenir un fallo de memoria, se ha anulado el registro del conductor JDBC por la fuerza.
01-Dec-2025 15:43:42.428 INFO [main] org.apache.coyote.AbstractProtocol.stop Stopping ProtocolHandler ["http-nio-8080"]
01-Dec-2025 15:43:42.439 INFO [main] org.apache.coyote.AbstractProtocol.destroy Destroying ProtocolHandler ["http-nio-8080"]
