12-Dec-2025 17:33:24.122 INFO [main] org.apache.catalina.startup.VersionLoggerListener.log Nombre de la versión del servidor: Apache Tomcat/10.1.49
12-Dec-2025 17:33:24.150 INFO [main] org.apache.catalina.startup.VersionLoggerListener.log Server built:                      Nov 6 2025 01:31:11 UTC
12-Dec-2025 17:33:24.151 INFO [main] org.apache.catalina.startup.VersionLoggerListener.log Número de versión de servidor:     10.1.49.0
12-Dec-2025 17:33:24.151 INFO [main] org.apache.catalina.startup.VersionLoggerListener.log OS Name:                           Windows 11
12-Dec-2025 17:33:24.151 INFO [main] org.apache.catalina.startup.VersionLoggerListener.log Versión de Systema Operativo:      10.0
12-Dec-2025 17:33:24.153 INFO [main] org.apache.catalina.startup.VersionLoggerListener.log Arquitectura:                      amd64
12-Dec-2025 17:33:24.155 INFO [main] org.apache.catalina.startup.VersionLoggerListener.log Java Home:                         C:\Program Files\Java\jdk-22
12-Dec-2025 17:33:24.156 INFO [main] org.apache.catalina.startup.VersionLoggerListener.log JVM Version:                       22.0.2+9-70
12-Dec-2025 17:33:24.162 INFO [main] org.apache.catalina.startup.VersionLoggerListener.log Vededor JVM:                       Oracle Corporation
12-Dec-2025 17:33:24.165 INFO [main] org.apache.catalina.startup.VersionLoggerListener.log CATALINA_BASE:                     C:\Users\57304\Desktop\TiendaWeb\apache-tomcat-10.1.49
12-Dec-2025 17:33:24.165 INFO [main] org.apache.catalina.startup.VersionLoggerListener.log CATALINA_HOME:                     C:\Users\57304\Desktop\TiendaWeb\apache-tomcat-10.1.49
12-Dec-2025 17:33:24.199 INFO [main] org.apache.catalina.startup.VersionLoggerListener.log Command line argument:             -Djava.util.logging.config.file=C:\Users\57304\Desktop\TiendaWeb\apache-tomcat-10.1.49\conf\logging.properties
12-Dec-2025 17:33:24.199 INFO [main] org.apache.catalina.startup.VersionLoggerListener.log Command line argument:             -Djava.util.logging.manager=org.apache.juli.ClassLoaderLogManager
12-Dec-2025 17:33:24.200 INFO [main] org.apache.catalina.startup.VersionLoggerListener.log Command line argument:             -Djdk.tls.ephemeralDHKeySize=2048
12-Dec-2025 17:33:24.200 INFO [main] org.apache.catalina.startup.VersionLoggerListener.log Command line argument:             -Djava.protocol.handler.pkgs=org.apache.catalina.webresources
12-Dec-2025 17:33:24.200 INFO [main] org.apache.catalina.startup.VersionLoggerListener.log Command line argument:             -Dsun.io.useCanonCaches=false
12-Dec-2025 17:33:24.200 INFO [main] org.apache.catalina.startup.VersionLoggerListener.log Command line argument:             --add-opens=java.base/java.lang=ALL-UNNAMED
12-Dec-2025 17:33:24.200 INFO [main] org.apache.catalina.startup.VersionLoggerListener.log Command line argument:             --add-opens=java.base/java.lang.reflect=ALL-UNNAMED
12-Dec-2025 17:33:24.202 INFO [main] org.apache.catalina.startup.VersionLoggerListener.log Command line argument:             --add-opens=java.base/java.io=ALL-UNNAMED
12-Dec-2025 17:33:24.202 INFO [main] org.apache.catalina.startup.VersionLoggerListener.log Command line argument:             --add-opens=java.base/java.util=ALL-UNNAMED
12-Dec-2025 17:33:24.203 INFO [main] org.apache.catalina.startup.VersionLoggerListener.log Command line argument:             --add-opens=java.base/java.util.concurrent=ALL-UNNAMED
12-Dec-2025 17:33:24.203 INFO [main] org.apache.catalina.startup.VersionLoggerListener.log Command line argument:             --add-opens=java.rmi/sun.rmi.transport=ALL-UNNAMED
12-Dec-2025 17:33:24.203 INFO [main] org.apache.catalina.startup.VersionLoggerListener.log Command line argument:             -Dcatalina.base=C:\Users\57304\Desktop\TiendaWeb\apache-tomcat-10.1.49
12-Dec-2025 17:33:24.204 INFO [main] org.apache.catalina.startup.VersionLoggerListener.log Command line argument:             -Dcatalina.home=C:\Users\57304\Desktop\TiendaWeb\apache-tomcat-10.1.49
12-Dec-2025 17:33:24.204 INFO [main] org.apache.catalina.startup.VersionLoggerListener.log Command line argument:             -Djava.io.tmpdir=C:\Users\57304\Desktop\TiendaWeb\apache-tomcat-10.1.49\temp
12-Dec-2025 17:33:24.293 INFO [main] org.apache.catalina.core.AprLifecycleListener.lifecycleEvent La biblioteca nativa de Apache Tomcat basada en ARP que permite un rendimiento óptimo en entornos de desarrollo no ha sido hallada en java.library.path: [C:\Program Files\Java\jdk-22\bin;C:\WINDOWS\Sun\Java\bin;C:\WINDOWS\system32;C:\WINDOWS;C:\Program Files (x86)\NVIDIA Corporation\PhysX\Common;C:\Program Files\Common Files\Oracle\Java\javapath;C:\Program Files (x86)\Common Files\Oracle\Java\java8path;C:\Program Files (x86)\Common Files\Oracle\Java\javapath;C:\WINDOWS\system32;C:\WINDOWS;C:\WINDOWS\System32\Wbem;C:\WINDOWS\System32\WindowsPowerShell\v1.0\;C:\WINDOWS\System32\OpenSSH\;C:\Program Files\dotnet\;C:\Program Files\Git\cmd;C:\Program Files (x86)\Microsoft SQL Server\160\Tools\Binn\;C:\Program Files\Microsoft SQL Server\160\Tools\Binn\;C:\Program Files\Microsoft SQL Server\Client SDK\ODBC\170\Tools\Binn\;C:\Program Files\Microsoft SQL Server\160\DTS\Binn\;C:\Program Files\Microsoft SQL Server\170\DTS\Binn\;C:\Program Files\MySQL\MySQL Shell 8.0\bin\;C:\Users\57304\AppData\Local\Microsoft\WindowsApps;C:\Users\57304\AppData\Local\Programs\VSCodeUserSetup-x64-1.99.3.exe\bin;C:\Users\57304\AppData\Local\Python\bin;.]
12-Dec-2025 17:33:26.182 INFO [main] org.apache.coyote.AbstractProtocol.init Inicializando el manejador de protocolo ["http-nio-8080"]

12-Dec-2025 17:33:26.257 INFO [main] org.apache.catalina.startup.Catalina.load Server initialization in [3063] milliseconds
12-Dec-2025 17:33:26.485 INFO [main] org.apache.catalina.core.StandardService.startInternal Arrancando servicio [Catalina]
12-Dec-2025 17:33:26.486 INFO [main] org.apache.catalina.core.StandardEngine.startInternal Starting Servlet engine: [Apache Tomcat/10.1.49]
12-Dec-2025 17:33:26.531 INFO [main] org.apache.catalina.startup.HostConfig.deployDescriptor Desplieque del descriptor de configuración [C:\Users\57304\Desktop\TiendaWeb\apache-tomcat-10.1.49\conf\Catalina\localhost\TiendaWeb.xml]
12-Dec-2025 17:33:26.605 WARNING [main] org.apache.catalina.startup.HostConfig.deployDescriptor The path attribute with value [/TiendaWeb] in deployment descriptor [C:\Users\57304\Desktop\TiendaWeb\apache-tomcat-10.1.49\conf\Catalina\localhost\TiendaWeb.xml] has been ignored
12-Dec-2025 17:33:30.166 INFO [main] org.apache.jasper.servlet.TldScanner.scanJars Al menos un JAR, que se ha explorado buscando TLDs, aún no contenía TLDs. Activar historial de depuración para este historiador para una completa lista de los JARs que fueron explorados y de los que nos se halló TLDs. Saltarse JARs no necesarios durante la exploración puede dar lugar a una mejora de tiempo significativa en el arranque y compilación de JSP .
12-Dec-2025 17:33:30.399 INFO [main] org.apache.catalina.startup.HostConfig.deployDescriptor Deployment of deployment descriptor [C:\Users\57304\Desktop\TiendaWeb\apache-tomcat-10.1.49\conf\Catalina\localhost\TiendaWeb.xml] has finished in [3.862] ms
12-Dec-2025 17:33:30.403 INFO [main] org.apache.catalina.startup.HostConfig.deployDirectory Desplegando el directorio [C:\Users\57304\Desktop\TiendaWeb\apache-tomcat-10.1.49\webapps\docs] de la aplicación web
12-Dec-2025 17:33:31.419 INFO [main] org.apache.jasper.servlet.TldScanner.scanJars Al menos un JAR, que se ha explorado buscando TLDs, aún no contenía TLDs. Activar historial de depuración para este historiador para una completa lista de los JARs que fueron explorados y de los que nos se halló TLDs. Saltarse JARs no necesarios durante la exploración puede dar lugar a una mejora de tiempo significativa en el arranque y compilación de JSP .
12-Dec-2025 17:33:31.442 INFO [main] org.apache.catalina.startup.HostConfig.deployDirectory Deployment of web application directory [C:\Users\57304\Desktop\TiendaWeb\apache-tomcat-10.1.49\webapps\docs] has finished in [1.039] ms
12-Dec-2025 17:33:31.443 INFO [main] org.apache.catalina.startup.HostConfig.deployDirectory Desplegando el directorio [C:\Users\57304\Desktop\TiendaWeb\apache-tomcat-10.1.49\webapps\examples] de la aplicación web
12-Dec-2025 17:33:34.187 INFO [main] org.apache.jasper.servlet.TldScanner.scanJars Al menos un JAR, que se ha explorado buscando TLDs, aún no contenía TLDs. Activar historial de depuración para este historiador para una completa lista de los JARs que fueron explorados y de los que nos se halló TLDs. Saltarse JARs no necesarios durante la exploración puede dar lugar a una mejora de tiempo significativa en el arranque y compilación de JSP .
12-Dec-2025 17:33:34.568 INFO [main] org.apache.catalina.startup.HostConfig.deployDirectory Deployment of web application directory [C:\Users\57304\Desktop\TiendaWeb\apache-tomcat-10.1.49\webapps\examples] has finished in [3.123] ms
12-Dec-2025 17:33:34.570 INFO [main] org.apache.catalina.startup.HostConfig.deployDirectory Desplegando el directorio [C:\Users\57304\Desktop\TiendaWeb\apache-tomcat-10.1.49\webapps\host-manager] de la aplicación web
12-Dec-2025 17:33:35.684 INFO [main] org.apache.jasper.servlet.TldScanner.scanJars Al menos un JAR, que se ha explorado buscando TLDs, aún no contenía TLDs. Activar historial de depuración para este historiador para una completa lista de los JARs que fueron explorados y de los que nos se halló TLDs. Saltarse JARs no necesarios durante la exploración puede dar lugar a una mejora de tiempo significativa en el arranque y compilación de JSP .
12-Dec-2025 17:33:35.723 INFO [main] org.apache.catalina.startup.HostConfig.deployDirectory Deployment of web application directory [C:\Users\57304\Desktop\TiendaWeb\apache-tomcat-10.1.49\webapps\host-manager] has finished in [1.152] ms
12-Dec-2025 17:33:35.724 INFO [main] org.apache.catalina.startup.HostConfig.deployDirectory Desplegando el directorio [C:\Users\57304\Desktop\TiendaWeb\apache-tomcat-10.1.49\webapps\manager] de la aplicación web
12-Dec-2025 17:33:36.797 INFO [main] org.apache.jasper.servlet.TldScanner.scanJars Al menos un JAR, que se ha explorado buscando TLDs, aún no contenía TLDs. Activar historial de depuración para este historiador para una completa lista de los JARs que fueron explorados y de los que nos se halló TLDs. Saltarse JARs no necesarios durante la exploración puede dar lugar a una mejora de tiempo significativa en el arranque y compilación de JSP .
12-Dec-2025 17:33:36.813 INFO [main] org.apache.catalina.startup.HostConfig.deployDirectory Deployment of web application directory [C:\Users\57304\Desktop\TiendaWeb\apache-tomcat-10.1.49\webapps\manager] has finished in [1.088] ms
12-Dec-2025 17:33:36.813 INFO [main] org.apache.catalina.startup.HostConfig.deployDirectory Desplegando el directorio [C:\Users\57304\Desktop\TiendaWeb\apache-tomcat-10.1.49\webapps\ROOT] de la aplicación web
12-Dec-2025 17:33:37.695 INFO [main] org.apache.jasper.servlet.TldScanner.scanJars Al menos un JAR, que se ha explorado buscando TLDs, aún no contenía TLDs. Activar historial de depuración para este historiador para una completa lista de los JARs que fueron explorados y de los que nos se halló TLDs. Saltarse JARs no necesarios durante la exploración puede dar lugar a una mejora de tiempo significativa en el arranque y compilación de JSP .
12-Dec-2025 17:33:37.708 INFO [main] org.apache.catalina.startup.HostConfig.deployDirectory Deployment of web application directory [C:\Users\57304\Desktop\TiendaWeb\apache-tomcat-10.1.49\webapps\ROOT] has finished in [894] ms
12-Dec-2025 17:33:37.720 INFO [main] org.apache.coyote.AbstractProtocol.start Starting ProtocolHandler ["http-nio-8080"]
12-Dec-2025 17:33:37.892 INFO [main] org.apache.catalina.startup.Catalina.start Server startup in [11632] milliseconds
12-Dec-2025 17:36:21.536 INFO [http-nio-8080-exec-10] org.apache.catalina.startup.HostConfig.undeploy Repliegue (undeploy) de la aplicación web que tiene como trayectoria de contexto [/TiendaWeb]
12-Dec-2025 17:36:21.669 INFO [http-nio-8080-exec-5] org.apache.catalina.startup.HostConfig.deployDescriptor Desplieque del descriptor de configuración [C:\Users\57304\Desktop\TiendaWeb\apache-tomcat-10.1.49\conf\Catalina\localhost\TiendaWeb.xml]
12-Dec-2025 17:36:21.670 WARNING [http-nio-8080-exec-5] org.apache.catalina.startup.HostConfig.deployDescriptor The path attribute with value [/TiendaWeb] in deployment descriptor [C:\Users\57304\Desktop\TiendaWeb\apache-tomcat-10.1.49\conf\Catalina\localhost\TiendaWeb.xml] has been ignored
12-Dec-2025 17:36:23.022 INFO [http-nio-8080-exec-5] org.apache.jasper.servlet.TldScanner.scanJars Al menos un JAR, que se ha explorado buscando TLDs, aún no contenía TLDs. Activar historial de depuración para este historiador para una completa lista de los JARs que fueron explorados y de los que nos se halló TLDs. Saltarse JARs no necesarios durante la exploración puede dar lugar a una mejora de tiempo significativa en el arranque y compilación de JSP .
12-Dec-2025 17:36:23.080 INFO [http-nio-8080-exec-5] org.apache.catalina.startup.HostConfig.deployDescriptor Deployment of deployment descriptor [C:\Users\57304\Desktop\TiendaWeb\apache-tomcat-10.1.49\conf\Catalina\localhost\TiendaWeb.xml] has finished in [1.409] ms
12-Dec-2025 17:36:23.084 WARNING [http-nio-8080-exec-6] org.apache.catalina.realm.LockOutRealm.filterLockedAccounts Se ha intentado autenticar al usuario bloqueado [admin]
12-Dec-2025 17:36:23.087 INFO [http-nio-8080-exec-9] org.apache.catalina.util.LifecycleBase.start The start() method was called on component [StandardEngine[Catalina].StandardHost[localhost].StandardContext[/TiendaWeb]] after start() had already been called. The second call will be ignored.
