11-Dec-2025 00:47:21.423 INFO [main] org.apache.catalina.core.ApplicationContext.log ContextListener: contextInitialized()
11-Dec-2025 00:47:21.424 INFO [main] org.apache.catalina.core.ApplicationContext.log SessionListener: contextInitialized()
11-Dec-2025 00:47:21.429 INFO [main] org.apache.catalina.core.ApplicationContext.log ContextListener: attributeAdded('StockTicker', 'async.Stockticker@74abbb')
11-Dec-2025 01:03:04.265 INFO [main] org.apache.catalina.core.ApplicationContext.log SessionListener: contextDestroyed()
11-Dec-2025 01:03:04.265 INFO [main] org.apache.catalina.core.ApplicationContext.log ContextListener: contextDestroyed()
11-Dec-2025 01:03:12.040 INFO [main] org.apache.catalina.core.ApplicationContext.log ContextListener: contextInitialized()
11-Dec-2025 01:03:12.040 INFO [main] org.apache.catalina.core.ApplicationContext.log SessionListener: contextInitialized()
11-Dec-2025 01:03:12.046 INFO [main] org.apache.catalina.core.ApplicationContext.log ContextListener: attributeAdded('StockTicker', 'async.Stockticker@64a4dd8d')
11-Dec-2025 01:04:54.921 SEVERE [http-nio-8080-exec-10] org.apache.catalina.core.StandardWrapperValve.invoke Servlet.service() para servlet [com.tiendawweb.controladores.GuardarProducto] lanzó excepción
	java.lang.NullPointerException: Cannot invoke "String.trim()" because "in" is null
		at java.base/jdk.internal.math.FloatingDecimal.readJavaFormatString(FloatingDecimal.java:1838)
		at java.base/jdk.internal.math.FloatingDecimal.parseDouble(FloatingDecimal.java:110)
		at java.base/java.lang.Double.parseDouble(Double.java:938)
		at com.tiendawweb.controladores.GuardarProducto.doPost(GuardarProducto.java:23)
		at jakarta.servlet.http.HttpServlet.service(HttpServlet.java:590)
		at jakarta.servlet.http.HttpServlet.service(HttpServlet.java:658)
		at org.apache.catalina.core.ApplicationFilterChain.internalDoFilter(ApplicationFilterChain.java:193)
		at org.apache.catalina.core.ApplicationFilterChain.doFilter(ApplicationFilterChain.java:138)
		at org.apache.tomcat.websocket.server.WsFilter.doFilter(WsFilter.java:51)
		at org.apache.catalina.core.ApplicationFilterChain.internalDoFilter(ApplicationFilterChain.java:162)
		at org.apache.catalina.core.ApplicationFilterChain.doFilter(ApplicationFilterChain.java:138)
		at com.mycompany.tiendaweb.filtros.AuthFilter.doFilter(AuthFilter.java:38)
		at org.apache.catalina.core.ApplicationFilterChain.internalDoFilter(ApplicationFilterChain.java:162)
		at org.apache.catalina.core.ApplicationFilterChain.doFilter(ApplicationFilterChain.java:138)
		at org.apache.catalina.core.StandardWrapperValve.invoke(StandardWrapperValve.java:165)
		at org.apache.catalina.core.StandardContextValve.invoke(StandardContextValve.java:88)
		at org.apache.catalina.authenticator.AuthenticatorBase.invoke(AuthenticatorBase.java:482)
		at org.apache.catalina.core.StandardHostValve.invoke(StandardHostValve.java:113)
		at org.apache.catalina.valves.ErrorReportValve.invoke(ErrorReportValve.java:83)
		at org.apache.catalina.valves.AbstractAccessLogValve.invoke(AbstractAccessLogValve.java:654)
		at org.apache.catalina.core.StandardEngineValve.invoke(StandardEngineValve.java:72)
		at org.apache.catalina.connector.CoyoteAdapter.service(CoyoteAdapter.java:342)
		at org.apache.coyote.http11.Http11Processor.service(Http11Processor.java:399)
		at org.apache.coyote.AbstractProcessorLight.process(AbstractProcessorLight.java:63)
		at org.apache.coyote.AbstractProtocol$ConnectionHandler.process(AbstractProtocol.java:903)
		at org.apache.tomcat.util.net.NioEndpoint$SocketProcessor.doRun(NioEndpoint.java:1774)
		at org.apache.tomcat.util.net.SocketProcessorBase.run(SocketProcessorBase.java:52)
		at org.apache.tomcat.util.threads.ThreadPoolExecutor.runWorker(ThreadPoolExecutor.java:973)
		at org.apache.tomcat.util.threads.ThreadPoolExecutor$Worker.run(ThreadPoolExecutor.java:491)
		at org.apache.tomcat.util.threads.TaskThread$WrappingRunnable.run(TaskThread.java:63)
		at java.base/java.lang.Thread.run(Thread.java:1570)
11-Dec-2025 01:09:55.786 INFO [main] org.apache.catalina.core.ApplicationContext.log SessionListener: contextDestroyed()
11-Dec-2025 01:09:55.786 INFO [main] org.apache.catalina.core.ApplicationContext.log ContextListener: contextDestroyed()
11-Dec-2025 01:10:01.915 INFO [main] org.apache.catalina.core.ApplicationContext.log ContextListener: contextInitialized()
11-Dec-2025 01:10:01.915 INFO [main] org.apache.catalina.core.ApplicationContext.log SessionListener: contextInitialized()
11-Dec-2025 01:10:01.920 INFO [main] org.apache.catalina.core.ApplicationContext.log ContextListener: attributeAdded('StockTicker', 'async.Stockticker@65a5d4f9')
11-Dec-2025 01:49:32.629 INFO [main] org.apache.catalina.core.ApplicationContext.log SessionListener: contextDestroyed()
11-Dec-2025 01:49:32.629 INFO [main] org.apache.catalina.core.ApplicationContext.log ContextListener: contextDestroyed()
11-Dec-2025 01:49:40.638 INFO [main] org.apache.catalina.core.ApplicationContext.log ContextListener: contextInitialized()
11-Dec-2025 01:49:40.638 INFO [main] org.apache.catalina.core.ApplicationContext.log SessionListener: contextInitialized()
11-Dec-2025 01:49:40.647 INFO [main] org.apache.catalina.core.ApplicationContext.log ContextListener: attributeAdded('StockTicker', 'async.Stockticker@2dddc1b9')
11-Dec-2025 01:49:52.314 INFO [main] org.apache.catalina.core.ApplicationContext.log SessionListener: contextDestroyed()
11-Dec-2025 01:49:52.315 INFO [main] org.apache.catalina.core.ApplicationContext.log ContextListener: contextDestroyed()
11-Dec-2025 02:28:11.492 INFO [main] org.apache.catalina.core.ApplicationContext.log ContextListener: contextInitialized()
11-Dec-2025 02:28:11.492 INFO [main] org.apache.catalina.core.ApplicationContext.log SessionListener: contextInitialized()
11-Dec-2025 02:28:11.496 INFO [main] org.apache.catalina.core.ApplicationContext.log ContextListener: attributeAdded('StockTicker', 'async.Stockticker@40298285')
11-Dec-2025 02:43:45.814 INFO [main] org.apache.catalina.core.ApplicationContext.log SessionListener: contextDestroyed()
11-Dec-2025 02:43:45.815 INFO [main] org.apache.catalina.core.ApplicationContext.log ContextListener: contextDestroyed()
11-Dec-2025 02:43:51.839 INFO [main] org.apache.catalina.core.ApplicationContext.log ContextListener: contextInitialized()
11-Dec-2025 02:43:51.839 INFO [main] org.apache.catalina.core.ApplicationContext.log SessionListener: contextInitialized()
11-Dec-2025 02:43:51.844 INFO [main] org.apache.catalina.core.ApplicationContext.log ContextListener: attributeAdded('StockTicker', 'async.Stockticker@2dddc1b9')
11-Dec-2025 02:46:41.819 INFO [main] org.apache.catalina.core.ApplicationContext.log SessionListener: contextDestroyed()
11-Dec-2025 02:46:41.819 INFO [main] org.apache.catalina.core.ApplicationContext.log ContextListener: contextDestroyed()
11-Dec-2025 02:55:13.937 INFO [main] org.apache.catalina.core.ApplicationContext.log ContextListener: contextInitialized()
11-Dec-2025 02:55:13.937 INFO [main] org.apache.catalina.core.ApplicationContext.log SessionListener: contextInitialized()
11-Dec-2025 02:55:13.941 INFO [main] org.apache.catalina.core.ApplicationContext.log ContextListener: attributeAdded('StockTicker', 'async.Stockticker@24134cbc')
11-Dec-2025 03:15:08.949 INFO [main] org.apache.catalina.core.ApplicationContext.log SessionListener: contextDestroyed()
11-Dec-2025 03:15:08.949 INFO [main] org.apache.catalina.core.ApplicationContext.log ContextListener: contextDestroyed()
