06-Dec-2025 15:22:58.731 INFO [main] org.apache.catalina.core.ApplicationContext.log ContextListener: contextInitialized()
06-Dec-2025 15:22:58.732 INFO [main] org.apache.catalina.core.ApplicationContext.log SessionListener: contextInitialized()
06-Dec-2025 15:22:58.737 INFO [main] org.apache.catalina.core.ApplicationContext.log ContextListener: attributeAdded('StockTicker', 'async.Stockticker@6ddd1c51')
06-Dec-2025 15:53:01.815 SEVERE [http-nio-8080-exec-41] org.apache.catalina.core.StandardWrapperValve.invoke El Servlet.service() para el servlet [jsp] en el contexto con ruta [/TiendaWeb] lanzó la excepción [Ha sucedido una excepción al procesar la página JSP [/Tienda.jsp] en línea [136]

133: 
134:         <a href="tienda" class="categoria-link">Todas</a>
135: 
136:         <% for (String cat : categorias) { %>
137:             <a href="tienda?cat=<%= cat %>" class="categoria-link"><%= cat %></a>
138:         <% } %>
139:     </div>


Stacktrace:] con causa raíz
	java.lang.NullPointerException: Cannot invoke "java.util.List.iterator()" because "categorias" is null
		at org.apache.jsp.Tienda_jsp._jspService(Tienda_jsp.java:262)
		at org.apache.jasper.runtime.HttpJspBase.service(HttpJspBase.java:62)
		at jakarta.servlet.http.HttpServlet.service(HttpServlet.java:658)
		at org.apache.jasper.servlet.JspServletWrapper.service(JspServletWrapper.java:428)
		at org.apache.jasper.servlet.JspServlet.serviceJspFile(JspServlet.java:350)
		at org.apache.jasper.servlet.JspServlet.service(JspServlet.java:301)
		at jakarta.servlet.http.HttpServlet.service(HttpServlet.java:658)
		at org.apache.catalina.core.ApplicationFilterChain.internalDoFilter(ApplicationFilterChain.java:193)
		at org.apache.catalina.core.ApplicationFilterChain.doFilter(ApplicationFilterChain.java:138)
		at org.apache.tomcat.websocket.server.WsFilter.doFilter(WsFilter.java:51)
		at org.apache.catalina.core.ApplicationFilterChain.internalDoFilter(ApplicationFilterChain.java:162)
		at org.apache.catalina.core.ApplicationFilterChain.doFilter(ApplicationFilterChain.java:138)
		at com.mycompany.tiendaweb.filtros.AuthFilter.doFilter(AuthFilter.java:38)
		at org.apache.catalina.core.ApplicationFilterChain.internalDoFilter(ApplicationFilterChain.java:162)
		at org.apache.catalina.core.ApplicationFilterChain.doFilter(ApplicationFilterChain.java:138)
		at org.apache.catalina.core.StandardWrapperValve.invoke(StandardWrapperValve.java:165)
		at org.apache.catalina.core.StandardContextValve.invoke(StandardContextValve.java:88)
		at org.apache.catalina.authenticator.AuthenticatorBase.invoke(AuthenticatorBase.java:482)
		at org.apache.catalina.core.StandardHostValve.invoke(StandardHostValve.java:113)
		at org.apache.catalina.valves.ErrorReportValve.invoke(ErrorReportValve.java:83)
		at org.apache.catalina.valves.AbstractAccessLogValve.invoke(AbstractAccessLogValve.java:654)
		at org.apache.catalina.core.StandardEngineValve.invoke(StandardEngineValve.java:72)
		at org.apache.catalina.connector.CoyoteAdapter.service(CoyoteAdapter.java:342)
		at org.apache.coyote.http11.Http11Processor.service(Http11Processor.java:399)
		at org.apache.coyote.AbstractProcessorLight.process(AbstractProcessorLight.java:63)
		at org.apache.coyote.AbstractProtocol$ConnectionHandler.process(AbstractProtocol.java:903)
		at org.apache.tomcat.util.net.NioEndpoint$SocketProcessor.doRun(NioEndpoint.java:1774)
		at org.apache.tomcat.util.net.SocketProcessorBase.run(SocketProcessorBase.java:52)
		at org.apache.tomcat.util.threads.ThreadPoolExecutor.runWorker(ThreadPoolExecutor.java:973)
		at org.apache.tomcat.util.threads.ThreadPoolExecutor$Worker.run(ThreadPoolExecutor.java:491)
		at org.apache.tomcat.util.threads.TaskThread$WrappingRunnable.run(TaskThread.java:63)
		at java.base/java.lang.Thread.run(Thread.java:1570)
06-Dec-2025 15:54:06.488 INFO [main] org.apache.catalina.core.ApplicationContext.log SessionListener: contextDestroyed()
06-Dec-2025 15:54:06.489 INFO [main] org.apache.catalina.core.ApplicationContext.log ContextListener: contextDestroyed()
06-Dec-2025 19:01:38.421 INFO [main] org.apache.catalina.core.ApplicationContext.log ContextListener: contextInitialized()
06-Dec-2025 19:01:38.422 INFO [main] org.apache.catalina.core.ApplicationContext.log SessionListener: contextInitialized()
06-Dec-2025 19:01:38.427 INFO [main] org.apache.catalina.core.ApplicationContext.log ContextListener: attributeAdded('StockTicker', 'async.Stockticker@15605d83')
06-Dec-2025 19:43:04.596 INFO [main] org.apache.catalina.core.ApplicationContext.log SessionListener: contextDestroyed()
06-Dec-2025 19:43:04.596 INFO [main] org.apache.catalina.core.ApplicationContext.log ContextListener: contextDestroyed()
