29-Nov-2025 13:41:00.764 INFO [main] org.apache.catalina.core.ApplicationContext.log ContextListener: contextInitialized()
29-Nov-2025 13:41:00.766 INFO [main] org.apache.catalina.core.ApplicationContext.log SessionListener: contextInitialized()
29-Nov-2025 13:41:00.788 INFO [main] org.apache.catalina.core.ApplicationContext.log ContextListener: attributeAdded('StockTicker', 'async.Stockticker@6fa590ba')
29-Nov-2025 13:44:47.947 INFO [main] org.apache.catalina.core.ApplicationContext.log SessionListener: contextDestroyed()
29-Nov-2025 13:44:47.947 INFO [main] org.apache.catalina.core.ApplicationContext.log ContextListener: contextDestroyed()
29-Nov-2025 13:46:09.363 INFO [main] org.apache.catalina.core.ApplicationContext.log ContextListener: contextInitialized()
29-Nov-2025 13:46:09.363 INFO [main] org.apache.catalina.core.ApplicationContext.log SessionListener: contextInitialized()
29-Nov-2025 13:46:09.366 INFO [main] org.apache.catalina.core.ApplicationContext.log ContextListener: attributeAdded('StockTicker', 'async.Stockticker@c65a5ef')
29-Nov-2025 14:24:15.587 INFO [main] org.apache.catalina.core.ApplicationContext.log SessionListener: contextDestroyed()
29-Nov-2025 14:24:15.587 INFO [main] org.apache.catalina.core.ApplicationContext.log ContextListener: contextDestroyed()
29-Nov-2025 14:24:21.808 INFO [main] org.apache.catalina.core.ApplicationContext.log ContextListener: contextInitialized()
29-Nov-2025 14:24:21.808 INFO [main] org.apache.catalina.core.ApplicationContext.log SessionListener: contextInitialized()
29-Nov-2025 14:24:21.811 INFO [main] org.apache.catalina.core.ApplicationContext.log ContextListener: attributeAdded('StockTicker', 'async.Stockticker@1cd3b138')
29-Nov-2025 14:59:50.938 INFO [main] org.apache.catalina.core.ApplicationContext.log SessionListener: contextDestroyed()
29-Nov-2025 14:59:50.938 INFO [main] org.apache.catalina.core.ApplicationContext.log ContextListener: contextDestroyed()
29-Nov-2025 14:59:59.513 INFO [main] org.apache.catalina.core.ApplicationContext.log ContextListener: contextInitialized()
29-Nov-2025 14:59:59.513 INFO [main] org.apache.catalina.core.ApplicationContext.log SessionListener: contextInitialized()
29-Nov-2025 14:59:59.518 INFO [main] org.apache.catalina.core.ApplicationContext.log ContextListener: attributeAdded('StockTicker', 'async.Stockticker@101bdd1c')
29-Nov-2025 15:02:37.532 INFO [main] org.apache.catalina.core.ApplicationContext.log SessionListener: contextDestroyed()
29-Nov-2025 15:02:37.532 INFO [main] org.apache.catalina.core.ApplicationContext.log ContextListener: contextDestroyed()
29-Nov-2025 15:02:45.735 INFO [main] org.apache.catalina.core.ApplicationContext.log ContextListener: contextInitialized()
29-Nov-2025 15:02:45.736 INFO [main] org.apache.catalina.core.ApplicationContext.log SessionListener: contextInitialized()
29-Nov-2025 15:02:45.739 INFO [main] org.apache.catalina.core.ApplicationContext.log ContextListener: attributeAdded('StockTicker', 'async.Stockticker@6e24ce51')
29-Nov-2025 15:02:59.936 INFO [main] org.apache.catalina.core.ApplicationContext.log SessionListener: contextDestroyed()
29-Nov-2025 15:02:59.936 INFO [main] org.apache.catalina.core.ApplicationContext.log ContextListener: contextDestroyed()
29-Nov-2025 15:03:07.445 INFO [main] org.apache.catalina.core.ApplicationContext.log ContextListener: contextInitialized()
29-Nov-2025 15:03:07.446 INFO [main] org.apache.catalina.core.ApplicationContext.log SessionListener: contextInitialized()
29-Nov-2025 15:03:07.450 INFO [main] org.apache.catalina.core.ApplicationContext.log ContextListener: attributeAdded('StockTicker', 'async.Stockticker@4844930a')
29-Nov-2025 15:08:39.873 INFO [main] org.apache.catalina.core.ApplicationContext.log SessionListener: contextDestroyed()
29-Nov-2025 15:08:39.873 INFO [main] org.apache.catalina.core.ApplicationContext.log ContextListener: contextDestroyed()
29-Nov-2025 15:08:47.887 INFO [main] org.apache.catalina.core.ApplicationContext.log ContextListener: contextInitialized()
29-Nov-2025 15:08:47.887 INFO [main] org.apache.catalina.core.ApplicationContext.log SessionListener: contextInitialized()
29-Nov-2025 15:08:47.894 INFO [main] org.apache.catalina.core.ApplicationContext.log ContextListener: attributeAdded('StockTicker', 'async.Stockticker@f723cdb')
29-Nov-2025 15:43:15.618 INFO [main] org.apache.catalina.core.ApplicationContext.log SessionListener: contextDestroyed()
29-Nov-2025 15:43:15.619 INFO [main] org.apache.catalina.core.ApplicationContext.log ContextListener: contextDestroyed()
