01-Dec-2025 13:37:57.898 INFO [http-nio-8080-exec-5] org.apache.catalina.core.ApplicationContext.log Manager: init: Associated with Deployer 'Catalina:type=Deployer,host=localhost'
01-Dec-2025 13:37:57.898 INFO [http-nio-8080-exec-5] org.apache.catalina.core.ApplicationContext.log Manager: init: Global resources are available
01-Dec-2025 13:37:57.939 INFO [http-nio-8080-exec-8] org.apache.catalina.core.ApplicationContext.log Manager: list: Listing contexts for virtual host 'localhost'
01-Dec-2025 13:37:57.954 INFO [http-nio-8080-exec-1] org.apache.catalina.core.ApplicationContext.log Manager: undeploy: Undeploying web application at '/TiendaWeb'
01-Dec-2025 13:37:58.535 INFO [http-nio-8080-exec-8] org.apache.catalina.core.ApplicationContext.log Manager: install: Installing context configuration at 'file:/C:/Users/57304/AppData/Local/Temp/context1927136523389835857.xml'
01-Dec-2025 13:37:59.689 INFO [http-nio-8080-exec-2] org.apache.catalina.core.ApplicationContext.log Manager: start: Starting web application '/TiendaWeb'
01-Dec-2025 13:39:06.556 INFO [http-nio-8080-exec-17] org.apache.catalina.core.ApplicationContext.log Manager: list: Listing contexts for virtual host 'localhost'
01-Dec-2025 13:39:06.562 INFO [http-nio-8080-exec-7] org.apache.catalina.core.ApplicationContext.log Manager: list: Listing contexts for virtual host 'localhost'
01-Dec-2025 13:39:06.575 INFO [http-nio-8080-exec-13] org.apache.catalina.core.ApplicationContext.log Manager: undeploy: Undeploying web application at '/TiendaWeb'
01-Dec-2025 13:39:07.122 INFO [http-nio-8080-exec-17] org.apache.catalina.core.ApplicationContext.log Manager: install: Installing context configuration at 'file:/C:/Users/57304/AppData/Local/Temp/context14665696516378789346.xml'
01-Dec-2025 13:39:08.210 INFO [http-nio-8080-exec-19] org.apache.catalina.core.ApplicationContext.log Manager: start: Starting web application '/TiendaWeb'
01-Dec-2025 13:53:44.994 INFO [http-nio-8080-exec-22] org.apache.catalina.core.ApplicationContext.log Manager: list: Listing contexts for virtual host 'localhost'
01-Dec-2025 13:53:45.014 INFO [http-nio-8080-exec-24] org.apache.catalina.core.ApplicationContext.log Manager: undeploy: Undeploying web application at '/TiendaWeb'
01-Dec-2025 13:54:32.664 INFO [http-nio-8080-exec-31] org.apache.catalina.core.ApplicationContext.log Manager: list: Listing contexts for virtual host 'localhost'
01-Dec-2025 13:56:03.202 INFO [http-nio-8080-exec-33] org.apache.catalina.core.ApplicationContext.log Manager: list: Listing contexts for virtual host 'localhost'
01-Dec-2025 13:56:45.690 INFO [http-nio-8080-exec-31] org.apache.catalina.core.ApplicationContext.log Manager: list: Listing contexts for virtual host 'localhost'
01-Dec-2025 13:58:45.126 INFO [http-nio-8080-exec-34] org.apache.catalina.core.ApplicationContext.log Manager: list: Listing contexts for virtual host 'localhost'
01-Dec-2025 14:10:59.494 INFO [http-nio-8080-exec-39] org.apache.catalina.core.ApplicationContext.log Manager: list: Listing contexts for virtual host 'localhost'
01-Dec-2025 14:21:17.934 INFO [http-nio-8080-exec-33] org.apache.catalina.core.ApplicationContext.log Manager: list: Listing contexts for virtual host 'localhost'
01-Dec-2025 14:22:35.716 INFO [http-nio-8080-exec-31] org.apache.catalina.core.ApplicationContext.log Manager: list: Listing contexts for virtual host 'localhost'
01-Dec-2025 14:33:10.045 INFO [http-nio-8080-exec-37] org.apache.catalina.core.ApplicationContext.log Manager: list: Listing contexts for virtual host 'localhost'
01-Dec-2025 14:33:10.058 INFO [http-nio-8080-exec-35] org.apache.catalina.core.ApplicationContext.log Manager: list: Listing contexts for virtual host 'localhost'
01-Dec-2025 14:33:10.108 INFO [http-nio-8080-exec-33] org.apache.catalina.core.ApplicationContext.log Manager: install: Installing context configuration at 'file:/C:/Users/57304/AppData/Local/Temp/context2465706158077938418.xml'
01-Dec-2025 14:33:12.215 INFO [http-nio-8080-exec-32] org.apache.catalina.core.ApplicationContext.log Manager: start: Starting web application '/TiendaWeb'
01-Dec-2025 14:49:23.776 INFO [http-nio-8080-exec-32] org.apache.catalina.core.ApplicationContext.log Manager: list: Listing contexts for virtual host 'localhost'
01-Dec-2025 14:49:23.786 INFO [http-nio-8080-exec-30] org.apache.catalina.core.ApplicationContext.log Manager: list: Listing contexts for virtual host 'localhost'
01-Dec-2025 14:49:23.833 INFO [http-nio-8080-exec-38] org.apache.catalina.core.ApplicationContext.log Manager: undeploy: Undeploying web application at '/TiendaWeb'
01-Dec-2025 14:49:24.454 INFO [http-nio-8080-exec-34] org.apache.catalina.core.ApplicationContext.log Manager: install: Installing context configuration at 'file:/C:/Users/57304/AppData/Local/Temp/context9784617379674959737.xml'
01-Dec-2025 14:49:25.827 INFO [http-nio-8080-exec-39] org.apache.catalina.core.ApplicationContext.log Manager: start: Starting web application '/TiendaWeb'
01-Dec-2025 14:55:42.717 INFO [http-nio-8080-exec-42] org.apache.catalina.core.ApplicationContext.log Manager: list: Listing contexts for virtual host 'localhost'
01-Dec-2025 14:55:42.724 INFO [http-nio-8080-exec-40] org.apache.catalina.core.ApplicationContext.log Manager: list: Listing contexts for virtual host 'localhost'
01-Dec-2025 14:55:42.736 INFO [http-nio-8080-exec-46] org.apache.catalina.core.ApplicationContext.log Manager: undeploy: Undeploying web application at '/TiendaWeb'
01-Dec-2025 14:55:43.306 INFO [http-nio-8080-exec-47] org.apache.catalina.core.ApplicationContext.log Manager: install: Installing context configuration at 'file:/C:/Users/57304/AppData/Local/Temp/context12698130879905974004.xml'
01-Dec-2025 14:55:44.557 INFO [http-nio-8080-exec-49] org.apache.catalina.core.ApplicationContext.log Manager: start: Starting web application '/TiendaWeb'
01-Dec-2025 14:56:20.711 INFO [http-nio-8080-exec-51] org.apache.catalina.core.ApplicationContext.log Manager: list: Listing contexts for virtual host 'localhost'
01-Dec-2025 14:56:20.717 INFO [http-nio-8080-exec-58] org.apache.catalina.core.ApplicationContext.log Manager: list: Listing contexts for virtual host 'localhost'
01-Dec-2025 14:56:20.729 INFO [http-nio-8080-exec-53] org.apache.catalina.core.ApplicationContext.log Manager: undeploy: Undeploying web application at '/TiendaWeb'
01-Dec-2025 14:56:21.282 INFO [http-nio-8080-exec-50] org.apache.catalina.core.ApplicationContext.log Manager: install: Installing context configuration at 'file:/C:/Users/57304/AppData/Local/Temp/context15748721258147431095.xml'
01-Dec-2025 14:56:22.368 INFO [http-nio-8080-exec-54] org.apache.catalina.core.ApplicationContext.log Manager: start: Starting web application '/TiendaWeb'
01-Dec-2025 14:59:07.633 INFO [http-nio-8080-exec-65] org.apache.catalina.core.ApplicationContext.log Manager: list: Listing contexts for virtual host 'localhost'
01-Dec-2025 14:59:07.641 INFO [http-nio-8080-exec-60] org.apache.catalina.core.ApplicationContext.log Manager: list: Listing contexts for virtual host 'localhost'
01-Dec-2025 14:59:07.656 INFO [http-nio-8080-exec-61] org.apache.catalina.core.ApplicationContext.log Manager: undeploy: Undeploying web application at '/TiendaWeb'
01-Dec-2025 14:59:08.230 INFO [http-nio-8080-exec-68] org.apache.catalina.core.ApplicationContext.log Manager: install: Installing context configuration at 'file:/C:/Users/57304/AppData/Local/Temp/context119735550444592107.xml'
01-Dec-2025 14:59:09.330 INFO [http-nio-8080-exec-63] org.apache.catalina.core.ApplicationContext.log Manager: start: Starting web application '/TiendaWeb'
01-Dec-2025 15:09:35.034 INFO [http-nio-8080-exec-78] org.apache.catalina.core.ApplicationContext.log Manager: list: Listing contexts for virtual host 'localhost'
01-Dec-2025 15:09:35.047 INFO [http-nio-8080-exec-69] org.apache.catalina.core.ApplicationContext.log Manager: undeploy: Undeploying web application at '/TiendaWeb'
01-Dec-2025 15:21:38.574 INFO [http-nio-8080-exec-85] org.apache.catalina.core.ApplicationContext.log Manager: list: Listing contexts for virtual host 'localhost'
01-Dec-2025 15:21:38.603 INFO [http-nio-8080-exec-80] org.apache.catalina.core.ApplicationContext.log Manager: list: Listing contexts for virtual host 'localhost'
01-Dec-2025 15:21:38.662 INFO [http-nio-8080-exec-83] org.apache.catalina.core.ApplicationContext.log Manager: install: Installing context configuration at 'file:/C:/Users/57304/AppData/Local/Temp/context5150256091523064568.xml'
01-Dec-2025 15:21:39.960 INFO [http-nio-8080-exec-87] org.apache.catalina.core.ApplicationContext.log Manager: start: Starting web application '/TiendaWeb'
01-Dec-2025 15:22:46.414 INFO [http-nio-8080-exec-85] org.apache.catalina.core.ApplicationContext.log Manager: list: Listing contexts for virtual host 'localhost'
01-Dec-2025 15:22:46.421 INFO [http-nio-8080-exec-80] org.apache.catalina.core.ApplicationContext.log Manager: list: Listing contexts for virtual host 'localhost'
01-Dec-2025 15:22:46.436 INFO [http-nio-8080-exec-83] org.apache.catalina.core.ApplicationContext.log Manager: undeploy: Undeploying web application at '/TiendaWeb'
01-Dec-2025 15:22:46.972 INFO [http-nio-8080-exec-87] org.apache.catalina.core.ApplicationContext.log Manager: install: Installing context configuration at 'file:/C:/Users/57304/AppData/Local/Temp/context7007755491172142856.xml'
01-Dec-2025 15:22:47.913 INFO [http-nio-8080-exec-81] org.apache.catalina.core.ApplicationContext.log Manager: start: Starting web application '/TiendaWeb'
01-Dec-2025 15:23:53.182 INFO [http-nio-8080-exec-81] org.apache.catalina.core.ApplicationContext.log Manager: list: Listing contexts for virtual host 'localhost'
01-Dec-2025 15:23:53.190 INFO [http-nio-8080-exec-90] org.apache.catalina.core.ApplicationContext.log Manager: list: Listing contexts for virtual host 'localhost'
01-Dec-2025 15:23:53.203 INFO [http-nio-8080-exec-93] org.apache.catalina.core.ApplicationContext.log Manager: undeploy: Undeploying web application at '/TiendaWeb'
01-Dec-2025 15:23:53.740 INFO [http-nio-8080-exec-95] org.apache.catalina.core.ApplicationContext.log Manager: install: Installing context configuration at 'file:/C:/Users/57304/AppData/Local/Temp/context12673300702988356492.xml'
01-Dec-2025 15:23:54.624 INFO [http-nio-8080-exec-91] org.apache.catalina.core.ApplicationContext.log Manager: start: Starting web application '/TiendaWeb'
01-Dec-2025 15:25:15.981 INFO [http-nio-8080-exec-103] org.apache.catalina.core.ApplicationContext.log Manager: list: Listing contexts for virtual host 'localhost'
01-Dec-2025 15:25:15.986 INFO [http-nio-8080-exec-99] org.apache.catalina.core.ApplicationContext.log Manager: list: Listing contexts for virtual host 'localhost'
01-Dec-2025 15:25:15.994 INFO [http-nio-8080-exec-90] org.apache.catalina.core.ApplicationContext.log Manager: undeploy: Undeploying web application at '/TiendaWeb'
01-Dec-2025 15:25:16.529 INFO [http-nio-8080-exec-105] org.apache.catalina.core.ApplicationContext.log Manager: install: Installing context configuration at 'file:/C:/Users/57304/AppData/Local/Temp/context16285291744546126157.xml'
01-Dec-2025 15:25:17.297 INFO [http-nio-8080-exec-102] org.apache.catalina.core.ApplicationContext.log Manager: start: Starting web application '/TiendaWeb'
01-Dec-2025 15:29:59.155 INFO [http-nio-8080-exec-112] org.apache.catalina.core.ApplicationContext.log Manager: list: Listing contexts for virtual host 'localhost'
01-Dec-2025 15:29:59.160 INFO [http-nio-8080-exec-114] org.apache.catalina.core.ApplicationContext.log Manager: list: Listing contexts for virtual host 'localhost'
01-Dec-2025 15:29:59.173 INFO [http-nio-8080-exec-110] org.apache.catalina.core.ApplicationContext.log Manager: undeploy: Undeploying web application at '/TiendaWeb'
01-Dec-2025 15:29:59.710 INFO [http-nio-8080-exec-115] org.apache.catalina.core.ApplicationContext.log Manager: install: Installing context configuration at 'file:/C:/Users/57304/AppData/Local/Temp/context2948232699613058187.xml'
01-Dec-2025 15:30:00.663 INFO [http-nio-8080-exec-109] org.apache.catalina.core.ApplicationContext.log Manager: start: Starting web application '/TiendaWeb'
01-Dec-2025 15:31:35.688 INFO [http-nio-8080-exec-117] org.apache.catalina.core.ApplicationContext.log Manager: list: Listing contexts for virtual host 'localhost'
01-Dec-2025 15:31:35.694 INFO [http-nio-8080-exec-116] org.apache.catalina.core.ApplicationContext.log Manager: list: Listing contexts for virtual host 'localhost'
01-Dec-2025 15:31:35.702 INFO [http-nio-8080-exec-124] org.apache.catalina.core.ApplicationContext.log Manager: undeploy: Undeploying web application at '/TiendaWeb'
01-Dec-2025 15:31:36.245 INFO [http-nio-8080-exec-122] org.apache.catalina.core.ApplicationContext.log Manager: install: Installing context configuration at 'file:/C:/Users/57304/AppData/Local/Temp/context10438339967967981258.xml'
01-Dec-2025 15:31:37.177 INFO [http-nio-8080-exec-123] org.apache.catalina.core.ApplicationContext.log Manager: start: Starting web application '/TiendaWeb'
01-Dec-2025 15:33:03.502 INFO [http-nio-8080-exec-128] org.apache.catalina.core.ApplicationContext.log Manager: list: Listing contexts for virtual host 'localhost'
01-Dec-2025 15:33:03.511 INFO [http-nio-8080-exec-130] org.apache.catalina.core.ApplicationContext.log Manager: list: Listing contexts for virtual host 'localhost'
01-Dec-2025 15:33:03.532 INFO [http-nio-8080-exec-133] org.apache.catalina.core.ApplicationContext.log Manager: undeploy: Undeploying web application at '/TiendaWeb'
01-Dec-2025 15:33:04.109 INFO [http-nio-8080-exec-129] org.apache.catalina.core.ApplicationContext.log Manager: install: Installing context configuration at 'file:/C:/Users/57304/AppData/Local/Temp/context9646796553377359556.xml'
01-Dec-2025 15:33:06.280 INFO [http-nio-8080-exec-131] org.apache.catalina.core.ApplicationContext.log Manager: start: Starting web application '/TiendaWeb'
01-Dec-2025 15:34:33.550 INFO [http-nio-8080-exec-142] org.apache.catalina.core.ApplicationContext.log Manager: list: Listing contexts for virtual host 'localhost'
01-Dec-2025 15:34:33.555 INFO [http-nio-8080-exec-138] org.apache.catalina.core.ApplicationContext.log Manager: list: Listing contexts for virtual host 'localhost'
01-Dec-2025 15:34:33.569 INFO [http-nio-8080-exec-136] org.apache.catalina.core.ApplicationContext.log Manager: undeploy: Undeploying web application at '/TiendaWeb'
01-Dec-2025 15:34:34.109 INFO [http-nio-8080-exec-137] org.apache.catalina.core.ApplicationContext.log Manager: install: Installing context configuration at 'file:/C:/Users/57304/AppData/Local/Temp/context16254052868500578961.xml'
01-Dec-2025 15:34:34.999 INFO [http-nio-8080-exec-142] org.apache.catalina.core.ApplicationContext.log Manager: start: Starting web application '/TiendaWeb'
01-Dec-2025 15:36:31.746 INFO [http-nio-8080-exec-147] org.apache.catalina.core.ApplicationContext.log Manager: list: Listing contexts for virtual host 'localhost'
01-Dec-2025 15:36:31.753 INFO [http-nio-8080-exec-145] org.apache.catalina.core.ApplicationContext.log Manager: list: Listing contexts for virtual host 'localhost'
01-Dec-2025 15:36:31.767 INFO [http-nio-8080-exec-151] org.apache.catalina.core.ApplicationContext.log Manager: undeploy: Undeploying web application at '/TiendaWeb'
01-Dec-2025 15:36:32.343 INFO [http-nio-8080-exec-145] org.apache.catalina.core.ApplicationContext.log Manager: install: Installing context configuration at 'file:/C:/Users/57304/AppData/Local/Temp/context11927040062707988293.xml'
01-Dec-2025 15:36:34.008 INFO [http-nio-8080-exec-153] org.apache.catalina.core.ApplicationContext.log Manager: start: Starting web application '/TiendaWeb'
01-Dec-2025 15:37:21.350 INFO [http-nio-8080-exec-158] org.apache.catalina.core.ApplicationContext.log Manager: list: Listing contexts for virtual host 'localhost'
01-Dec-2025 15:37:21.358 INFO [http-nio-8080-exec-155] org.apache.catalina.core.ApplicationContext.log Manager: list: Listing contexts for virtual host 'localhost'
01-Dec-2025 15:37:21.367 INFO [http-nio-8080-exec-161] org.apache.catalina.core.ApplicationContext.log Manager: undeploy: Undeploying web application at '/TiendaWeb'
01-Dec-2025 15:37:21.899 INFO [http-nio-8080-exec-160] org.apache.catalina.core.ApplicationContext.log Manager: install: Installing context configuration at 'file:/C:/Users/57304/AppData/Local/Temp/context11606871788157118088.xml'
01-Dec-2025 15:37:22.772 INFO [http-nio-8080-exec-150] org.apache.catalina.core.ApplicationContext.log Manager: start: Starting web application '/TiendaWeb'
01-Dec-2025 15:37:58.052 INFO [http-nio-8080-exec-156] org.apache.catalina.core.ApplicationContext.log Manager: list: Listing contexts for virtual host 'localhost'
01-Dec-2025 15:37:58.059 INFO [http-nio-8080-exec-168] org.apache.catalina.core.ApplicationContext.log Manager: list: Listing contexts for virtual host 'localhost'
01-Dec-2025 15:37:58.070 INFO [http-nio-8080-exec-163] org.apache.catalina.core.ApplicationContext.log Manager: undeploy: Undeploying web application at '/TiendaWeb'
01-Dec-2025 15:37:58.615 INFO [http-nio-8080-exec-165] org.apache.catalina.core.ApplicationContext.log Manager: install: Installing context configuration at 'file:/C:/Users/57304/AppData/Local/Temp/context301999559824305835.xml'
01-Dec-2025 15:37:59.646 INFO [http-nio-8080-exec-162] org.apache.catalina.core.ApplicationContext.log Manager: start: Starting web application '/TiendaWeb'
01-Dec-2025 15:39:08.751 INFO [http-nio-8080-exec-176] org.apache.catalina.core.ApplicationContext.log Manager: list: Listing contexts for virtual host 'localhost'
01-Dec-2025 15:39:08.752 INFO [http-nio-8080-exec-171] org.apache.catalina.core.ApplicationContext.log Manager: list: Listing contexts for virtual host 'localhost'
01-Dec-2025 15:39:08.762 INFO [http-nio-8080-exec-173] org.apache.catalina.core.ApplicationContext.log Manager: undeploy: Undeploying web application at '/TiendaWeb'
01-Dec-2025 15:39:09.319 INFO [http-nio-8080-exec-176] org.apache.catalina.core.ApplicationContext.log Manager: install: Installing context configuration at 'file:/C:/Users/57304/AppData/Local/Temp/context3601002402495200072.xml'
01-Dec-2025 15:39:10.296 INFO [http-nio-8080-exec-171] org.apache.catalina.core.ApplicationContext.log Manager: start: Starting web application '/TiendaWeb'
01-Dec-2025 15:40:38.589 INFO [http-nio-8080-exec-186] org.apache.catalina.core.ApplicationContext.log Manager: list: Listing contexts for virtual host 'localhost'
01-Dec-2025 15:40:38.602 INFO [http-nio-8080-exec-187] org.apache.catalina.core.ApplicationContext.log Manager: list: Listing contexts for virtual host 'localhost'
01-Dec-2025 15:40:38.612 INFO [http-nio-8080-exec-184] org.apache.catalina.core.ApplicationContext.log Manager: undeploy: Undeploying web application at '/TiendaWeb'
01-Dec-2025 15:40:39.161 INFO [http-nio-8080-exec-181] org.apache.catalina.core.ApplicationContext.log Manager: install: Installing context configuration at 'file:/C:/Users/57304/AppData/Local/Temp/context11099821899319769762.xml'
01-Dec-2025 15:40:40.062 INFO [http-nio-8080-exec-185] org.apache.catalina.core.ApplicationContext.log Manager: start: Starting web application '/TiendaWeb'
01-Dec-2025 15:42:18.839 INFO [http-nio-8080-exec-198] org.apache.catalina.core.ApplicationContext.log Manager: list: Listing contexts for virtual host 'localhost'
01-Dec-2025 15:42:18.839 INFO [http-nio-8080-exec-192] org.apache.catalina.core.ApplicationContext.log Manager: list: Listing contexts for virtual host 'localhost'
01-Dec-2025 15:42:18.849 INFO [http-nio-8080-exec-194] org.apache.catalina.core.ApplicationContext.log Manager: undeploy: Undeploying web application at '/TiendaWeb'
01-Dec-2025 15:42:19.388 INFO [http-nio-8080-exec-197] org.apache.catalina.core.ApplicationContext.log Manager: install: Installing context configuration at 'file:/C:/Users/57304/AppData/Local/Temp/context16330349305733279603.xml'
01-Dec-2025 15:42:20.217 INFO [http-nio-8080-exec-196] org.apache.catalina.core.ApplicationContext.log Manager: start: Starting web application '/TiendaWeb'
